2016-10-03 16:57:04,260 pl.lodz.pl.concurrency.zad1.App INFO  - Starting program !Left border: 0 Right border: 99Lower numbers set capacity : 40
2016-10-03 16:57:04,265 pl.lodz.pl.concurrency.zad1.App INFO  - All numbers :[0, 1, 2, 3, 4, 5, 6, 7, 8, 9, 10, 11, 12, 13, 14, 15, 16, 17, 18, 19, 20, 21, 22, 23, 24, 25, 26, 27, 28, 29, 30, 31, 32, 33, 34, 35, 36, 37, 38, 39, 40, 41, 42, 43, 44, 45, 46, 47, 48, 49, 50, 51, 52, 53, 54, 55, 56, 57, 58, 59, 60, 61, 62, 63, 64, 65, 66, 67, 68, 69, 70, 71, 72, 73, 74, 75, 76, 77, 78, 79, 80, 81, 82, 83, 84, 85, 86, 87, 88, 89, 90, 91, 92, 93, 94, 95, 96, 97, 98, 99]
2016-10-03 16:57:04,265 pl.lodz.pl.concurrency.zad1.App INFO  - Lower numbers :[63, 82, 20, 62, 78, 28, 65, 41, 25, 75, 13, 47, 8, 55, 56, 88, 36, 24, 80, 99, 52, 14, 53, 86, 23, 44, 27, 59, 7, 66, 81, 18, 54, 19, 0, 15, 77, 89, 38, 21] Amount : 40
2016-10-03 16:57:04,266 pl.lodz.pl.concurrency.zad1.App INFO  - High numbers :[70, 6, 57, 37, 29, 68, 45, 51, 22, 49, 87, 91, 11, 32, 34, 79, 26, 17, 46, 64, 74, 92, 5, 39, 60, 1, 33, 90, 72, 3, 85, 48, 71, 58, 73, 95, 84, 12, 43, 10, 42, 67, 69, 97, 93, 4, 61, 30, 96, 94, 40, 2, 76, 31, 98, 9, 16, 83, 50, 35] Amount : 60
2016-10-03 16:57:04,268 pl.lodz.pl.concurrency.zad1.Semaphore INFO  - SEMAPHORE WAITING
2016-10-03 16:57:04,268 pl.lodz.pl.concurrency.zad1.Semaphore INFO  - SEMAPHORE WAITING
2016-10-03 16:57:04,268 pl.lodz.pl.concurrency.zad1.LowerSet INFO  - SEMAPHORE ACQUIRED
2016-10-03 16:57:04,268 pl.lodz.pl.concurrency.zad1.Semaphore INFO  - SEMAPHORE WAITING
2016-10-03 16:57:04,272 pl.lodz.pl.concurrency.zad1.Semaphore INFO  - SEMAPHORE WAITING
2016-10-03 16:57:04,272 pl.lodz.pl.concurrency.zad1.Semaphore INFO  - SEMAPHORE WAITING
2016-10-03 16:57:04,273 pl.lodz.pl.concurrency.zad1.Semaphore INFO  - SEMAPHORE WAITING
2016-10-03 16:57:04,272 pl.lodz.pl.concurrency.zad1.LowerSet INFO  - ADDING HIGHEST NUMBER TO HIGHERSET
2016-10-03 16:57:04,273 pl.lodz.pl.concurrency.zad1.Semaphore INFO  - SEMAPHORE WAITING
2016-10-03 16:57:04,273 pl.lodz.pl.concurrency.zad1.LowerSet INFO  - SEMAPHORE RELEASED
2016-10-03 16:57:04,273 pl.lodz.pl.concurrency.zad1.HighSet INFO  - SEMAPHORE ACQUIRED
2016-10-03 16:57:04,274 pl.lodz.pl.concurrency.zad1.Semaphore INFO  - SEMAPHORE WAITING
2016-10-03 16:57:04,276 pl.lodz.pl.concurrency.zad1.Semaphore INFO  - SEMAPHORE WAITING
2016-10-03 16:57:04,276 pl.lodz.pl.concurrency.zad1.Semaphore INFO  - SEMAPHORE WAITING
2016-10-03 16:57:04,277 pl.lodz.pl.concurrency.zad1.Semaphore INFO  - SEMAPHORE WAITING
2016-10-03 16:57:04,277 pl.lodz.pl.concurrency.zad1.Semaphore INFO  - SEMAPHORE WAITING
2016-10-03 16:57:04,277 pl.lodz.pl.concurrency.zad1.Semaphore INFO  - SEMAPHORE WAITING
2016-10-03 16:57:04,277 pl.lodz.pl.concurrency.zad1.Semaphore INFO  - SEMAPHORE WAITING
2016-10-03 16:57:04,278 pl.lodz.pl.concurrency.zad1.Semaphore INFO  - SEMAPHORE WAITING
2016-10-03 16:57:04,278 pl.lodz.pl.concurrency.zad1.Semaphore INFO  - SEMAPHORE WAITING
2016-10-03 16:57:04,278 pl.lodz.pl.concurrency.zad1.Semaphore INFO  - SEMAPHORE WAITING
2016-10-03 16:57:04,278 pl.lodz.pl.concurrency.zad1.Semaphore INFO  - SEMAPHORE WAITING
2016-10-03 16:57:04,278 pl.lodz.pl.concurrency.zad1.Semaphore INFO  - SEMAPHORE WAITING
2016-10-03 16:57:04,279 pl.lodz.pl.concurrency.zad1.Semaphore INFO  - SEMAPHORE WAITING
2016-10-03 16:57:04,279 pl.lodz.pl.concurrency.zad1.Semaphore INFO  - SEMAPHORE WAITING
2016-10-03 16:57:04,279 pl.lodz.pl.concurrency.zad1.Semaphore INFO  - SEMAPHORE WAITING
2016-10-03 16:57:04,279 pl.lodz.pl.concurrency.zad1.Semaphore INFO  - SEMAPHORE WAITING
2016-10-03 16:57:04,279 pl.lodz.pl.concurrency.zad1.Semaphore INFO  - SEMAPHORE WAITING
2016-10-03 16:57:04,280 pl.lodz.pl.concurrency.zad1.Semaphore INFO  - SEMAPHORE WAITING
2016-10-03 16:57:04,280 pl.lodz.pl.concurrency.zad1.Semaphore INFO  - SEMAPHORE WAITING
2016-10-03 16:57:04,280 pl.lodz.pl.concurrency.zad1.Semaphore INFO  - SEMAPHORE WAITING
2016-10-03 16:57:04,280 pl.lodz.pl.concurrency.zad1.Semaphore INFO  - SEMAPHORE WAITING
2016-10-03 16:57:04,280 pl.lodz.pl.concurrency.zad1.Semaphore INFO  - SEMAPHORE WAITING
2016-10-03 16:57:04,281 pl.lodz.pl.concurrency.zad1.Semaphore INFO  - SEMAPHORE WAITING
2016-10-03 16:57:04,281 pl.lodz.pl.concurrency.zad1.Semaphore INFO  - SEMAPHORE WAITING
2016-10-03 16:57:04,281 pl.lodz.pl.concurrency.zad1.Semaphore INFO  - SEMAPHORE WAITING
2016-10-03 16:57:04,281 pl.lodz.pl.concurrency.zad1.Semaphore INFO  - SEMAPHORE WAITING
2016-10-03 16:57:04,281 pl.lodz.pl.concurrency.zad1.Semaphore INFO  - SEMAPHORE WAITING
2016-10-03 16:57:04,282 pl.lodz.pl.concurrency.zad1.Semaphore INFO  - SEMAPHORE WAITING
2016-10-03 16:57:04,282 pl.lodz.pl.concurrency.zad1.Semaphore INFO  - SEMAPHORE WAITING
2016-10-03 16:57:04,282 pl.lodz.pl.concurrency.zad1.Semaphore INFO  - SEMAPHORE WAITING
2016-10-03 16:57:04,282 pl.lodz.pl.concurrency.zad1.Semaphore INFO  - SEMAPHORE WAITING
2016-10-03 16:57:04,283 pl.lodz.pl.concurrency.zad1.Semaphore INFO  - SEMAPHORE WAITING
2016-10-03 16:57:04,283 pl.lodz.pl.concurrency.zad1.Semaphore INFO  - SEMAPHORE WAITING
2016-10-03 16:57:04,283 pl.lodz.pl.concurrency.zad1.Semaphore INFO  - SEMAPHORE WAITING
2016-10-03 16:57:04,283 pl.lodz.pl.concurrency.zad1.Semaphore INFO  - SEMAPHORE WAITING
2016-10-03 16:57:04,283 pl.lodz.pl.concurrency.zad1.Semaphore INFO  - SEMAPHORE WAITING
2016-10-03 16:57:04,283 pl.lodz.pl.concurrency.zad1.Semaphore INFO  - SEMAPHORE WAITING
2016-10-03 16:57:04,283 pl.lodz.pl.concurrency.zad1.Semaphore INFO  - SEMAPHORE WAITING
2016-10-03 16:57:04,284 pl.lodz.pl.concurrency.zad1.Semaphore INFO  - SEMAPHORE WAITING
2016-10-03 16:57:04,284 pl.lodz.pl.concurrency.zad1.Semaphore INFO  - SEMAPHORE WAITING
2016-10-03 16:57:04,284 pl.lodz.pl.concurrency.zad1.Semaphore INFO  - SEMAPHORE WAITING
2016-10-03 16:57:04,284 pl.lodz.pl.concurrency.zad1.Semaphore INFO  - SEMAPHORE WAITING
2016-10-03 16:57:04,284 pl.lodz.pl.concurrency.zad1.Semaphore INFO  - SEMAPHORE WAITING
2016-10-03 16:57:04,274 pl.lodz.pl.concurrency.zad1.HighSet INFO  - ADDING LOWEST NUMBER TO LOWERSET
2016-10-03 16:57:04,284 pl.lodz.pl.concurrency.zad1.Semaphore INFO  - SEMAPHORE WAITING
2016-10-03 16:57:04,285 pl.lodz.pl.concurrency.zad1.LowerSet INFO  - SEMAPHORE ACQUIRED
2016-10-03 16:57:04,285 pl.lodz.pl.concurrency.zad1.HighSet INFO  - SEMAPHORE RELEASED
2016-10-03 16:57:04,285 pl.lodz.pl.concurrency.zad1.Semaphore INFO  - SEMAPHORE WAITING
2016-10-03 16:57:04,285 pl.lodz.pl.concurrency.zad1.Semaphore INFO  - SEMAPHORE WAITING
2016-10-03 16:57:04,286 pl.lodz.pl.concurrency.zad1.Semaphore INFO  - SEMAPHORE WAITING
2016-10-03 16:57:04,286 pl.lodz.pl.concurrency.zad1.Semaphore INFO  - SEMAPHORE WAITING
2016-10-03 16:57:04,286 pl.lodz.pl.concurrency.zad1.Semaphore INFO  - SEMAPHORE WAITING
2016-10-03 16:57:04,286 pl.lodz.pl.concurrency.zad1.Semaphore INFO  - SEMAPHORE WAITING
2016-10-03 16:57:04,287 pl.lodz.pl.concurrency.zad1.Semaphore INFO  - SEMAPHORE WAITING
2016-10-03 16:57:04,287 pl.lodz.pl.concurrency.zad1.Semaphore INFO  - SEMAPHORE WAITING
2016-10-03 16:57:04,287 pl.lodz.pl.concurrency.zad1.Semaphore INFO  - SEMAPHORE WAITING
2016-10-03 16:57:04,287 pl.lodz.pl.concurrency.zad1.Semaphore INFO  - SEMAPHORE WAITING
2016-10-03 16:57:04,287 pl.lodz.pl.concurrency.zad1.Semaphore INFO  - SEMAPHORE WAITING
2016-10-03 16:57:04,288 pl.lodz.pl.concurrency.zad1.Semaphore INFO  - SEMAPHORE WAITING
2016-10-03 16:57:04,288 pl.lodz.pl.concurrency.zad1.Semaphore INFO  - SEMAPHORE WAITING
2016-10-03 16:57:04,289 pl.lodz.pl.concurrency.zad1.Semaphore INFO  - SEMAPHORE WAITING
2016-10-03 16:57:04,289 pl.lodz.pl.concurrency.zad1.Semaphore INFO  - SEMAPHORE WAITING
2016-10-03 16:57:04,289 pl.lodz.pl.concurrency.zad1.Semaphore INFO  - SEMAPHORE WAITING
2016-10-03 16:57:04,289 pl.lodz.pl.concurrency.zad1.Semaphore INFO  - SEMAPHORE WAITING
2016-10-03 16:57:04,289 pl.lodz.pl.concurrency.zad1.Semaphore INFO  - SEMAPHORE WAITING
2016-10-03 16:57:04,289 pl.lodz.pl.concurrency.zad1.Semaphore INFO  - SEMAPHORE WAITING
2016-10-03 16:57:04,290 pl.lodz.pl.concurrency.zad1.Semaphore INFO  - SEMAPHORE WAITING
2016-10-03 16:57:04,292 pl.lodz.pl.concurrency.zad1.Semaphore INFO  - SEMAPHORE WAITING
2016-10-03 16:57:04,292 pl.lodz.pl.concurrency.zad1.Semaphore INFO  - SEMAPHORE WAITING
2016-10-03 16:57:04,292 pl.lodz.pl.concurrency.zad1.Semaphore INFO  - SEMAPHORE WAITING
2016-10-03 16:57:04,285 pl.lodz.pl.concurrency.zad1.LowerSet INFO  - ADDING HIGHEST NUMBER TO HIGHERSET
2016-10-03 16:57:04,292 pl.lodz.pl.concurrency.zad1.LowerSet INFO  - SEMAPHORE RELEASED
2016-10-03 16:57:04,293 pl.lodz.pl.concurrency.zad1.LowerSet INFO  - SEMAPHORE ACQUIRED
2016-10-03 16:57:04,293 pl.lodz.pl.concurrency.zad1.LowerSet INFO  - SEMAPHORE RELEASED
2016-10-03 16:57:04,293 pl.lodz.pl.concurrency.zad1.LowerSet INFO  - SEMAPHORE ACQUIRED
2016-10-03 16:57:04,294 pl.lodz.pl.concurrency.zad1.LowerSet INFO  - SEMAPHORE RELEASED
2016-10-03 16:57:04,294 pl.lodz.pl.concurrency.zad1.Semaphore INFO  - SEMAPHORE WAITING
2016-10-03 16:57:04,294 pl.lodz.pl.concurrency.zad1.Semaphore INFO  - SEMAPHORE WAITING
2016-10-03 16:57:04,294 pl.lodz.pl.concurrency.zad1.Semaphore INFO  - SEMAPHORE WAITING
2016-10-03 16:57:04,294 pl.lodz.pl.concurrency.zad1.HighSet INFO  - SEMAPHORE ACQUIRED
2016-10-03 16:57:04,300 pl.lodz.pl.concurrency.zad1.HighSet INFO  - ADDING LOWEST NUMBER TO LOWERSET
2016-10-03 16:57:04,299 pl.lodz.pl.concurrency.zad1.Semaphore INFO  - SEMAPHORE WAITING
2016-10-03 16:57:04,300 pl.lodz.pl.concurrency.zad1.HighSet INFO  - SEMAPHORE RELEASED
2016-10-03 16:57:04,301 pl.lodz.pl.concurrency.zad1.Semaphore INFO  - SEMAPHORE WAITING
2016-10-03 16:57:04,301 pl.lodz.pl.concurrency.zad1.LowerSet INFO  - SEMAPHORE ACQUIRED
2016-10-03 16:57:04,301 pl.lodz.pl.concurrency.zad1.Semaphore INFO  - SEMAPHORE WAITING
2016-10-03 16:57:04,302 pl.lodz.pl.concurrency.zad1.LowerSet INFO  - ADDING HIGHEST NUMBER TO HIGHERSET
2016-10-03 16:57:04,302 pl.lodz.pl.concurrency.zad1.Semaphore INFO  - SEMAPHORE WAITING
2016-10-03 16:57:04,302 pl.lodz.pl.concurrency.zad1.HighSet INFO  - SEMAPHORE ACQUIRED
2016-10-03 16:57:04,302 pl.lodz.pl.concurrency.zad1.LowerSet INFO  - SEMAPHORE RELEASED
2016-10-03 16:57:04,302 pl.lodz.pl.concurrency.zad1.HighSet INFO  - ADDING LOWEST NUMBER TO LOWERSET
2016-10-03 16:57:04,302 pl.lodz.pl.concurrency.zad1.Semaphore INFO  - SEMAPHORE WAITING
2016-10-03 16:57:04,303 pl.lodz.pl.concurrency.zad1.HighSet INFO  - SEMAPHORE RELEASED
2016-10-03 16:57:04,303 pl.lodz.pl.concurrency.zad1.LowerSet INFO  - SEMAPHORE ACQUIRED
2016-10-03 16:57:04,303 pl.lodz.pl.concurrency.zad1.Semaphore INFO  - SEMAPHORE WAITING
2016-10-03 16:57:04,304 pl.lodz.pl.concurrency.zad1.Semaphore INFO  - SEMAPHORE WAITING
2016-10-03 16:57:04,304 pl.lodz.pl.concurrency.zad1.LowerSet INFO  - ADDING HIGHEST NUMBER TO HIGHERSET
2016-10-03 16:57:04,304 pl.lodz.pl.concurrency.zad1.Semaphore INFO  - SEMAPHORE WAITING
2016-10-03 16:57:04,304 pl.lodz.pl.concurrency.zad1.HighSet INFO  - SEMAPHORE ACQUIRED
2016-10-03 16:57:04,304 pl.lodz.pl.concurrency.zad1.LowerSet INFO  - SEMAPHORE RELEASED
2016-10-03 16:57:04,304 pl.lodz.pl.concurrency.zad1.HighSet INFO  - ADDING LOWEST NUMBER TO LOWERSET
2016-10-03 16:57:04,308 pl.lodz.pl.concurrency.zad1.HighSet INFO  - SEMAPHORE RELEASED
2016-10-03 16:57:04,308 pl.lodz.pl.concurrency.zad1.HighSet INFO  - SEMAPHORE ACQUIRED
2016-10-03 16:57:04,309 pl.lodz.pl.concurrency.zad1.HighSet INFO  - ADDING LOWEST NUMBER TO LOWERSET
2016-10-03 16:57:04,309 pl.lodz.pl.concurrency.zad1.HighSet INFO  - SEMAPHORE RELEASED
2016-10-03 16:57:04,309 pl.lodz.pl.concurrency.zad1.HighSet INFO  - SEMAPHORE ACQUIRED
2016-10-03 16:57:04,309 pl.lodz.pl.concurrency.zad1.HighSet INFO  - SEMAPHORE RELEASED
2016-10-03 16:57:04,309 pl.lodz.pl.concurrency.zad1.HighSet INFO  - SEMAPHORE ACQUIRED
2016-10-03 16:57:04,309 pl.lodz.pl.concurrency.zad1.HighSet INFO  - SEMAPHORE RELEASED
2016-10-03 16:57:04,309 pl.lodz.pl.concurrency.zad1.HighSet INFO  - SEMAPHORE ACQUIRED
2016-10-03 16:57:04,310 pl.lodz.pl.concurrency.zad1.HighSet INFO  - SEMAPHORE RELEASED
2016-10-03 16:57:04,310 pl.lodz.pl.concurrency.zad1.HighSet INFO  - SEMAPHORE ACQUIRED
2016-10-03 16:57:04,310 pl.lodz.pl.concurrency.zad1.HighSet INFO  - SEMAPHORE RELEASED
2016-10-03 16:57:04,310 pl.lodz.pl.concurrency.zad1.HighSet INFO  - SEMAPHORE ACQUIRED
2016-10-03 16:57:04,310 pl.lodz.pl.concurrency.zad1.HighSet INFO  - SEMAPHORE RELEASED
2016-10-03 16:57:04,311 pl.lodz.pl.concurrency.zad1.HighSet INFO  - SEMAPHORE ACQUIRED
2016-10-03 16:57:04,311 pl.lodz.pl.concurrency.zad1.HighSet INFO  - SEMAPHORE RELEASED
2016-10-03 16:57:04,311 pl.lodz.pl.concurrency.zad1.HighSet INFO  - SEMAPHORE ACQUIRED
2016-10-03 16:57:04,311 pl.lodz.pl.concurrency.zad1.HighSet INFO  - SEMAPHORE RELEASED
2016-10-03 16:57:04,311 pl.lodz.pl.concurrency.zad1.HighSet INFO  - SEMAPHORE ACQUIRED
2016-10-03 16:57:04,311 pl.lodz.pl.concurrency.zad1.HighSet INFO  - SEMAPHORE RELEASED
2016-10-03 16:57:04,311 pl.lodz.pl.concurrency.zad1.HighSet INFO  - SEMAPHORE ACQUIRED
2016-10-03 16:57:04,311 pl.lodz.pl.concurrency.zad1.HighSet INFO  - SEMAPHORE RELEASED
2016-10-03 16:57:04,312 pl.lodz.pl.concurrency.zad1.HighSet INFO  - SEMAPHORE ACQUIRED
2016-10-03 16:57:04,312 pl.lodz.pl.concurrency.zad1.HighSet INFO  - SEMAPHORE RELEASED
2016-10-03 16:57:04,312 pl.lodz.pl.concurrency.zad1.HighSet INFO  - SEMAPHORE ACQUIRED
2016-10-03 16:57:04,312 pl.lodz.pl.concurrency.zad1.HighSet INFO  - SEMAPHORE RELEASED
2016-10-03 16:57:04,312 pl.lodz.pl.concurrency.zad1.HighSet INFO  - SEMAPHORE ACQUIRED
2016-10-03 16:57:04,312 pl.lodz.pl.concurrency.zad1.HighSet INFO  - SEMAPHORE RELEASED
2016-10-03 16:57:04,312 pl.lodz.pl.concurrency.zad1.HighSet INFO  - SEMAPHORE ACQUIRED
2016-10-03 16:57:04,312 pl.lodz.pl.concurrency.zad1.HighSet INFO  - SEMAPHORE RELEASED
2016-10-03 16:57:04,312 pl.lodz.pl.concurrency.zad1.HighSet INFO  - SEMAPHORE ACQUIRED
2016-10-03 16:57:04,313 pl.lodz.pl.concurrency.zad1.HighSet INFO  - SEMAPHORE RELEASED
2016-10-03 16:57:04,313 pl.lodz.pl.concurrency.zad1.HighSet INFO  - SEMAPHORE ACQUIRED
2016-10-03 16:57:04,313 pl.lodz.pl.concurrency.zad1.HighSet INFO  - SEMAPHORE RELEASED
2016-10-03 16:57:04,313 pl.lodz.pl.concurrency.zad1.HighSet INFO  - SEMAPHORE ACQUIRED
2016-10-03 16:57:04,313 pl.lodz.pl.concurrency.zad1.HighSet INFO  - SEMAPHORE RELEASED
2016-10-03 16:57:04,313 pl.lodz.pl.concurrency.zad1.HighSet INFO  - SEMAPHORE ACQUIRED
2016-10-03 16:57:04,313 pl.lodz.pl.concurrency.zad1.HighSet INFO  - SEMAPHORE RELEASED
2016-10-03 16:57:04,305 pl.lodz.pl.concurrency.zad1.Semaphore INFO  - SEMAPHORE WAITING
2016-10-03 16:57:04,313 pl.lodz.pl.concurrency.zad1.LowerSet INFO  - SEMAPHORE ACQUIRED
2016-10-03 16:57:04,314 pl.lodz.pl.concurrency.zad1.LowerSet INFO  - ADDING HIGHEST NUMBER TO HIGHERSET
2016-10-03 16:57:04,314 pl.lodz.pl.concurrency.zad1.LowerSet INFO  - SEMAPHORE RELEASED
2016-10-03 16:57:04,314 pl.lodz.pl.concurrency.zad1.LowerSet INFO  - SEMAPHORE ACQUIRED
2016-10-03 16:57:04,314 pl.lodz.pl.concurrency.zad1.LowerSet INFO  - ADDING HIGHEST NUMBER TO HIGHERSET
2016-10-03 16:57:04,314 pl.lodz.pl.concurrency.zad1.LowerSet INFO  - SEMAPHORE RELEASED
2016-10-03 16:57:04,314 pl.lodz.pl.concurrency.zad1.LowerSet INFO  - SEMAPHORE ACQUIRED
2016-10-03 16:57:04,314 pl.lodz.pl.concurrency.zad1.LowerSet INFO  - SEMAPHORE RELEASED
2016-10-03 16:57:04,314 pl.lodz.pl.concurrency.zad1.LowerSet INFO  - SEMAPHORE ACQUIRED
2016-10-03 16:57:04,314 pl.lodz.pl.concurrency.zad1.LowerSet INFO  - SEMAPHORE RELEASED
2016-10-03 16:57:04,315 pl.lodz.pl.concurrency.zad1.LowerSet INFO  - SEMAPHORE ACQUIRED
2016-10-03 16:57:04,315 pl.lodz.pl.concurrency.zad1.LowerSet INFO  - SEMAPHORE RELEASED
2016-10-03 16:57:04,315 pl.lodz.pl.concurrency.zad1.LowerSet INFO  - SEMAPHORE ACQUIRED
2016-10-03 16:57:04,315 pl.lodz.pl.concurrency.zad1.LowerSet INFO  - SEMAPHORE RELEASED
2016-10-03 16:57:04,315 pl.lodz.pl.concurrency.zad1.LowerSet INFO  - SEMAPHORE ACQUIRED
2016-10-03 16:57:04,315 pl.lodz.pl.concurrency.zad1.LowerSet INFO  - SEMAPHORE RELEASED
2016-10-03 16:57:04,315 pl.lodz.pl.concurrency.zad1.LowerSet INFO  - SEMAPHORE ACQUIRED
2016-10-03 16:57:04,315 pl.lodz.pl.concurrency.zad1.LowerSet INFO  - SEMAPHORE RELEASED
2016-10-03 16:57:04,316 pl.lodz.pl.concurrency.zad1.LowerSet INFO  - SEMAPHORE ACQUIRED
2016-10-03 16:57:04,316 pl.lodz.pl.concurrency.zad1.LowerSet INFO  - SEMAPHORE RELEASED
2016-10-03 16:57:04,316 pl.lodz.pl.concurrency.zad1.LowerSet INFO  - SEMAPHORE ACQUIRED
2016-10-03 16:57:04,316 pl.lodz.pl.concurrency.zad1.LowerSet INFO  - SEMAPHORE RELEASED
2016-10-03 16:57:04,316 pl.lodz.pl.concurrency.zad1.HighSet INFO  - SEMAPHORE ACQUIRED
2016-10-03 16:57:04,316 pl.lodz.pl.concurrency.zad1.Semaphore INFO  - SEMAPHORE WAITING
2016-10-03 16:57:04,316 pl.lodz.pl.concurrency.zad1.Semaphore INFO  - SEMAPHORE WAITING
2016-10-03 16:57:04,316 pl.lodz.pl.concurrency.zad1.HighSet INFO  - ADDING LOWEST NUMBER TO LOWERSET
2016-10-03 16:57:04,317 pl.lodz.pl.concurrency.zad1.Semaphore INFO  - SEMAPHORE WAITING
2016-10-03 16:57:04,317 pl.lodz.pl.concurrency.zad1.LowerSet INFO  - SEMAPHORE ACQUIRED
2016-10-03 16:57:04,317 pl.lodz.pl.concurrency.zad1.HighSet INFO  - SEMAPHORE RELEASED
2016-10-03 16:57:04,317 pl.lodz.pl.concurrency.zad1.Semaphore INFO  - SEMAPHORE WAITING
2016-10-03 16:57:04,317 pl.lodz.pl.concurrency.zad1.LowerSet INFO  - ADDING HIGHEST NUMBER TO HIGHERSET
2016-10-03 16:57:04,317 pl.lodz.pl.concurrency.zad1.Semaphore INFO  - SEMAPHORE WAITING
2016-10-03 16:57:04,317 pl.lodz.pl.concurrency.zad1.HighSet INFO  - SEMAPHORE ACQUIRED
2016-10-03 16:57:04,317 pl.lodz.pl.concurrency.zad1.LowerSet INFO  - SEMAPHORE RELEASED
2016-10-03 16:57:04,318 pl.lodz.pl.concurrency.zad1.Semaphore INFO  - SEMAPHORE WAITING
2016-10-03 16:57:04,318 pl.lodz.pl.concurrency.zad1.HighSet INFO  - ADDING LOWEST NUMBER TO LOWERSET
2016-10-03 16:57:04,318 pl.lodz.pl.concurrency.zad1.Semaphore INFO  - SEMAPHORE WAITING
2016-10-03 16:57:04,318 pl.lodz.pl.concurrency.zad1.HighSet INFO  - SEMAPHORE RELEASED
2016-10-03 16:57:04,318 pl.lodz.pl.concurrency.zad1.LowerSet INFO  - SEMAPHORE ACQUIRED
2016-10-03 16:57:04,318 pl.lodz.pl.concurrency.zad1.Semaphore INFO  - SEMAPHORE WAITING
2016-10-03 16:57:04,319 pl.lodz.pl.concurrency.zad1.LowerSet INFO  - ADDING HIGHEST NUMBER TO HIGHERSET
2016-10-03 16:57:04,319 pl.lodz.pl.concurrency.zad1.LowerSet INFO  - SEMAPHORE RELEASED
2016-10-03 16:57:04,319 pl.lodz.pl.concurrency.zad1.LowerSet INFO  - SEMAPHORE ACQUIRED
2016-10-03 16:57:04,319 pl.lodz.pl.concurrency.zad1.LowerSet INFO  - SEMAPHORE RELEASED
2016-10-03 16:57:04,319 pl.lodz.pl.concurrency.zad1.LowerSet INFO  - SEMAPHORE ACQUIRED
2016-10-03 16:57:04,319 pl.lodz.pl.concurrency.zad1.LowerSet INFO  - SEMAPHORE RELEASED
2016-10-03 16:57:04,319 pl.lodz.pl.concurrency.zad1.LowerSet INFO  - SEMAPHORE ACQUIRED
2016-10-03 16:57:04,319 pl.lodz.pl.concurrency.zad1.LowerSet INFO  - SEMAPHORE RELEASED
2016-10-03 16:57:04,319 pl.lodz.pl.concurrency.zad1.LowerSet INFO  - SEMAPHORE ACQUIRED
2016-10-03 16:57:04,320 pl.lodz.pl.concurrency.zad1.LowerSet INFO  - SEMAPHORE RELEASED
2016-10-03 16:57:04,320 pl.lodz.pl.concurrency.zad1.LowerSet INFO  - SEMAPHORE ACQUIRED
2016-10-03 16:57:04,320 pl.lodz.pl.concurrency.zad1.LowerSet INFO  - SEMAPHORE RELEASED
2016-10-03 16:57:04,320 pl.lodz.pl.concurrency.zad1.LowerSet INFO  - SEMAPHORE ACQUIRED
2016-10-03 16:57:04,320 pl.lodz.pl.concurrency.zad1.LowerSet INFO  - SEMAPHORE RELEASED
2016-10-03 16:57:04,320 pl.lodz.pl.concurrency.zad1.LowerSet INFO  - SEMAPHORE ACQUIRED
2016-10-03 16:57:04,320 pl.lodz.pl.concurrency.zad1.LowerSet INFO  - SEMAPHORE RELEASED
2016-10-03 16:57:04,320 pl.lodz.pl.concurrency.zad1.LowerSet INFO  - SEMAPHORE ACQUIRED
2016-10-03 16:57:04,320 pl.lodz.pl.concurrency.zad1.LowerSet INFO  - SEMAPHORE RELEASED
2016-10-03 16:57:04,320 pl.lodz.pl.concurrency.zad1.LowerSet INFO  - SEMAPHORE ACQUIRED
2016-10-03 16:57:04,321 pl.lodz.pl.concurrency.zad1.LowerSet INFO  - SEMAPHORE RELEASED
2016-10-03 16:57:04,321 pl.lodz.pl.concurrency.zad1.LowerSet INFO  - SEMAPHORE ACQUIRED
2016-10-03 16:57:04,321 pl.lodz.pl.concurrency.zad1.LowerSet INFO  - SEMAPHORE RELEASED
2016-10-03 16:57:04,321 pl.lodz.pl.concurrency.zad1.LowerSet INFO  - SEMAPHORE ACQUIRED
2016-10-03 16:57:04,321 pl.lodz.pl.concurrency.zad1.LowerSet INFO  - SEMAPHORE RELEASED
2016-10-03 16:57:04,321 pl.lodz.pl.concurrency.zad1.LowerSet INFO  - SEMAPHORE ACQUIRED
2016-10-03 16:57:04,321 pl.lodz.pl.concurrency.zad1.LowerSet INFO  - SEMAPHORE RELEASED
2016-10-03 16:57:04,321 pl.lodz.pl.concurrency.zad1.LowerSet INFO  - SEMAPHORE ACQUIRED
2016-10-03 16:57:04,321 pl.lodz.pl.concurrency.zad1.LowerSet INFO  - SEMAPHORE RELEASED
2016-10-03 16:57:04,321 pl.lodz.pl.concurrency.zad1.LowerSet INFO  - SEMAPHORE ACQUIRED
2016-10-03 16:57:04,322 pl.lodz.pl.concurrency.zad1.LowerSet INFO  - SEMAPHORE RELEASED
2016-10-03 16:57:04,322 pl.lodz.pl.concurrency.zad1.LowerSet INFO  - SEMAPHORE ACQUIRED
2016-10-03 16:57:04,322 pl.lodz.pl.concurrency.zad1.LowerSet INFO  - SEMAPHORE RELEASED
2016-10-03 16:57:04,322 pl.lodz.pl.concurrency.zad1.LowerSet INFO  - SEMAPHORE ACQUIRED
2016-10-03 16:57:04,322 pl.lodz.pl.concurrency.zad1.LowerSet INFO  - SEMAPHORE RELEASED
2016-10-03 16:57:04,322 pl.lodz.pl.concurrency.zad1.LowerSet INFO  - SEMAPHORE ACQUIRED
2016-10-03 16:57:04,322 pl.lodz.pl.concurrency.zad1.LowerSet INFO  - SEMAPHORE RELEASED
2016-10-03 16:57:04,322 pl.lodz.pl.concurrency.zad1.LowerSet INFO  - SEMAPHORE ACQUIRED
2016-10-03 16:57:04,322 pl.lodz.pl.concurrency.zad1.LowerSet INFO  - SEMAPHORE RELEASED
2016-10-03 16:57:04,322 pl.lodz.pl.concurrency.zad1.LowerSet INFO  - SEMAPHORE ACQUIRED
2016-10-03 16:57:04,322 pl.lodz.pl.concurrency.zad1.LowerSet INFO  - SEMAPHORE RELEASED
2016-10-03 16:57:04,323 pl.lodz.pl.concurrency.zad1.LowerSet INFO  - SEMAPHORE ACQUIRED
2016-10-03 16:57:04,323 pl.lodz.pl.concurrency.zad1.LowerSet INFO  - SEMAPHORE RELEASED
2016-10-03 16:57:04,323 pl.lodz.pl.concurrency.zad1.LowerSet INFO  - SEMAPHORE ACQUIRED
2016-10-03 16:57:04,323 pl.lodz.pl.concurrency.zad1.LowerSet INFO  - SEMAPHORE RELEASED
2016-10-03 16:57:04,323 pl.lodz.pl.concurrency.zad1.LowerSet INFO  - SEMAPHORE ACQUIRED
2016-10-03 16:57:04,323 pl.lodz.pl.concurrency.zad1.LowerSet INFO  - SEMAPHORE RELEASED
2016-10-03 16:57:04,323 pl.lodz.pl.concurrency.zad1.LowerSet INFO  - SEMAPHORE ACQUIRED
2016-10-03 16:57:04,323 pl.lodz.pl.concurrency.zad1.LowerSet INFO  - SEMAPHORE RELEASED
2016-10-03 16:57:04,323 pl.lodz.pl.concurrency.zad1.LowerSet INFO  - SEMAPHORE ACQUIRED
2016-10-03 16:57:04,323 pl.lodz.pl.concurrency.zad1.LowerSet INFO  - SEMAPHORE RELEASED
2016-10-03 16:57:04,323 pl.lodz.pl.concurrency.zad1.LowerSet INFO  - SEMAPHORE ACQUIRED
2016-10-03 16:57:04,324 pl.lodz.pl.concurrency.zad1.LowerSet INFO  - SEMAPHORE RELEASED
2016-10-03 16:57:04,324 pl.lodz.pl.concurrency.zad1.LowerSet INFO  - SEMAPHORE ACQUIRED
2016-10-03 16:57:04,324 pl.lodz.pl.concurrency.zad1.LowerSet INFO  - SEMAPHORE RELEASED
2016-10-03 16:57:04,324 pl.lodz.pl.concurrency.zad1.LowerSet INFO  - SEMAPHORE ACQUIRED
2016-10-03 16:57:04,319 pl.lodz.pl.concurrency.zad1.Semaphore INFO  - SEMAPHORE WAITING
2016-10-03 16:57:04,324 pl.lodz.pl.concurrency.zad1.LowerSet INFO  - SEMAPHORE RELEASED
2016-10-03 16:57:04,325 pl.lodz.pl.concurrency.zad1.Semaphore INFO  - SEMAPHORE WAITING
2016-10-03 16:57:04,325 pl.lodz.pl.concurrency.zad1.Semaphore INFO  - SEMAPHORE WAITING
2016-10-03 16:57:04,325 pl.lodz.pl.concurrency.zad1.Semaphore INFO  - SEMAPHORE WAITING
2016-10-03 16:57:04,325 pl.lodz.pl.concurrency.zad1.Semaphore INFO  - SEMAPHORE WAITING
2016-10-03 16:57:04,326 pl.lodz.pl.concurrency.zad1.Semaphore INFO  - SEMAPHORE WAITING
2016-10-03 16:57:04,326 pl.lodz.pl.concurrency.zad1.Semaphore INFO  - SEMAPHORE WAITING
2016-10-03 16:57:04,326 pl.lodz.pl.concurrency.zad1.Semaphore INFO  - SEMAPHORE WAITING
2016-10-03 16:57:04,326 pl.lodz.pl.concurrency.zad1.Semaphore INFO  - SEMAPHORE WAITING
2016-10-03 16:57:04,326 pl.lodz.pl.concurrency.zad1.Semaphore INFO  - SEMAPHORE WAITING
2016-10-03 16:57:04,326 pl.lodz.pl.concurrency.zad1.Semaphore INFO  - SEMAPHORE WAITING
2016-10-03 16:57:04,327 pl.lodz.pl.concurrency.zad1.Semaphore INFO  - SEMAPHORE WAITING
2016-10-03 16:57:04,327 pl.lodz.pl.concurrency.zad1.Semaphore INFO  - SEMAPHORE WAITING
2016-10-03 16:57:04,327 pl.lodz.pl.concurrency.zad1.Semaphore INFO  - SEMAPHORE WAITING
2016-10-03 16:57:04,327 pl.lodz.pl.concurrency.zad1.Semaphore INFO  - SEMAPHORE WAITING
2016-10-03 16:57:04,327 pl.lodz.pl.concurrency.zad1.Semaphore INFO  - SEMAPHORE WAITING
2016-10-03 16:57:04,327 pl.lodz.pl.concurrency.zad1.Semaphore INFO  - SEMAPHORE WAITING
2016-10-03 16:57:04,327 pl.lodz.pl.concurrency.zad1.Semaphore INFO  - SEMAPHORE WAITING
2016-10-03 16:57:04,327 pl.lodz.pl.concurrency.zad1.Semaphore INFO  - SEMAPHORE WAITING
2016-10-03 16:57:04,327 pl.lodz.pl.concurrency.zad1.Semaphore INFO  - SEMAPHORE WAITING
2016-10-03 16:57:04,328 pl.lodz.pl.concurrency.zad1.Semaphore INFO  - SEMAPHORE WAITING
2016-10-03 16:57:04,328 pl.lodz.pl.concurrency.zad1.Semaphore INFO  - SEMAPHORE WAITING
2016-10-03 16:57:04,328 pl.lodz.pl.concurrency.zad1.Semaphore INFO  - SEMAPHORE WAITING
2016-10-03 16:57:04,328 pl.lodz.pl.concurrency.zad1.Semaphore INFO  - SEMAPHORE WAITING
2016-10-03 16:57:04,328 pl.lodz.pl.concurrency.zad1.Semaphore INFO  - SEMAPHORE WAITING
2016-10-03 16:57:04,325 pl.lodz.pl.concurrency.zad1.HighSet INFO  - SEMAPHORE ACQUIRED
2016-10-03 16:57:04,328 pl.lodz.pl.concurrency.zad1.Semaphore INFO  - SEMAPHORE WAITING
2016-10-03 16:57:04,328 pl.lodz.pl.concurrency.zad1.HighSet INFO  - ADDING LOWEST NUMBER TO LOWERSET
2016-10-03 16:57:04,328 pl.lodz.pl.concurrency.zad1.Semaphore INFO  - SEMAPHORE WAITING
2016-10-03 16:57:04,328 pl.lodz.pl.concurrency.zad1.HighSet INFO  - SEMAPHORE RELEASED
2016-10-03 16:57:04,329 pl.lodz.pl.concurrency.zad1.LowerSet INFO  - SEMAPHORE ACQUIRED
2016-10-03 16:57:04,329 pl.lodz.pl.concurrency.zad1.Semaphore INFO  - SEMAPHORE WAITING
2016-10-03 16:57:04,329 pl.lodz.pl.concurrency.zad1.Semaphore INFO  - SEMAPHORE WAITING
2016-10-03 16:57:04,329 pl.lodz.pl.concurrency.zad1.LowerSet INFO  - ADDING HIGHEST NUMBER TO HIGHERSET
2016-10-03 16:57:04,329 pl.lodz.pl.concurrency.zad1.Semaphore INFO  - SEMAPHORE WAITING
2016-10-03 16:57:04,329 pl.lodz.pl.concurrency.zad1.LowerSet INFO  - SEMAPHORE RELEASED
2016-10-03 16:57:04,329 pl.lodz.pl.concurrency.zad1.HighSet INFO  - SEMAPHORE ACQUIRED
2016-10-03 16:57:04,329 pl.lodz.pl.concurrency.zad1.Semaphore INFO  - SEMAPHORE WAITING
2016-10-03 16:57:04,330 pl.lodz.pl.concurrency.zad1.HighSet INFO  - ADDING LOWEST NUMBER TO LOWERSET
2016-10-03 16:57:04,330 pl.lodz.pl.concurrency.zad1.Semaphore INFO  - SEMAPHORE WAITING
2016-10-03 16:57:04,330 pl.lodz.pl.concurrency.zad1.HighSet INFO  - SEMAPHORE RELEASED
2016-10-03 16:57:04,330 pl.lodz.pl.concurrency.zad1.LowerSet INFO  - SEMAPHORE ACQUIRED
2016-10-03 16:57:04,330 pl.lodz.pl.concurrency.zad1.Semaphore INFO  - SEMAPHORE WAITING
2016-10-03 16:57:04,330 pl.lodz.pl.concurrency.zad1.LowerSet INFO  - ADDING HIGHEST NUMBER TO HIGHERSET
2016-10-03 16:57:04,330 pl.lodz.pl.concurrency.zad1.Semaphore INFO  - SEMAPHORE WAITING
2016-10-03 16:57:04,330 pl.lodz.pl.concurrency.zad1.LowerSet INFO  - SEMAPHORE RELEASED
2016-10-03 16:57:04,330 pl.lodz.pl.concurrency.zad1.HighSet INFO  - SEMAPHORE ACQUIRED
2016-10-03 16:57:04,331 pl.lodz.pl.concurrency.zad1.Semaphore INFO  - SEMAPHORE WAITING
2016-10-03 16:57:04,331 pl.lodz.pl.concurrency.zad1.HighSet INFO  - ADDING LOWEST NUMBER TO LOWERSET
2016-10-03 16:57:04,331 pl.lodz.pl.concurrency.zad1.Semaphore INFO  - SEMAPHORE WAITING
2016-10-03 16:57:04,331 pl.lodz.pl.concurrency.zad1.HighSet INFO  - SEMAPHORE RELEASED
2016-10-03 16:57:04,331 pl.lodz.pl.concurrency.zad1.LowerSet INFO  - SEMAPHORE ACQUIRED
2016-10-03 16:57:04,331 pl.lodz.pl.concurrency.zad1.Semaphore INFO  - SEMAPHORE WAITING
2016-10-03 16:57:04,331 pl.lodz.pl.concurrency.zad1.LowerSet INFO  - ADDING HIGHEST NUMBER TO HIGHERSET
2016-10-03 16:57:04,331 pl.lodz.pl.concurrency.zad1.Semaphore INFO  - SEMAPHORE WAITING
2016-10-03 16:57:04,331 pl.lodz.pl.concurrency.zad1.LowerSet INFO  - SEMAPHORE RELEASED
2016-10-03 16:57:04,331 pl.lodz.pl.concurrency.zad1.HighSet INFO  - SEMAPHORE ACQUIRED
2016-10-03 16:57:04,332 pl.lodz.pl.concurrency.zad1.Semaphore INFO  - SEMAPHORE WAITING
2016-10-03 16:57:04,332 pl.lodz.pl.concurrency.zad1.HighSet INFO  - ADDING LOWEST NUMBER TO LOWERSET
2016-10-03 16:57:04,332 pl.lodz.pl.concurrency.zad1.Semaphore INFO  - SEMAPHORE WAITING
2016-10-03 16:57:04,332 pl.lodz.pl.concurrency.zad1.HighSet INFO  - SEMAPHORE RELEASED
2016-10-03 16:57:04,332 pl.lodz.pl.concurrency.zad1.LowerSet INFO  - SEMAPHORE ACQUIRED
2016-10-03 16:57:04,332 pl.lodz.pl.concurrency.zad1.Semaphore INFO  - SEMAPHORE WAITING
2016-10-03 16:57:04,332 pl.lodz.pl.concurrency.zad1.LowerSet INFO  - ADDING HIGHEST NUMBER TO HIGHERSET
2016-10-03 16:57:04,332 pl.lodz.pl.concurrency.zad1.Semaphore INFO  - SEMAPHORE WAITING
2016-10-03 16:57:04,332 pl.lodz.pl.concurrency.zad1.LowerSet INFO  - SEMAPHORE RELEASED
2016-10-03 16:57:04,333 pl.lodz.pl.concurrency.zad1.HighSet INFO  - SEMAPHORE ACQUIRED
2016-10-03 16:57:04,333 pl.lodz.pl.concurrency.zad1.Semaphore INFO  - SEMAPHORE WAITING
2016-10-03 16:57:04,333 pl.lodz.pl.concurrency.zad1.HighSet INFO  - ADDING LOWEST NUMBER TO LOWERSET
2016-10-03 16:57:04,333 pl.lodz.pl.concurrency.zad1.Semaphore INFO  - SEMAPHORE WAITING
2016-10-03 16:57:04,333 pl.lodz.pl.concurrency.zad1.HighSet INFO  - SEMAPHORE RELEASED
2016-10-03 16:57:04,333 pl.lodz.pl.concurrency.zad1.LowerSet INFO  - SEMAPHORE ACQUIRED
2016-10-03 16:57:04,334 pl.lodz.pl.concurrency.zad1.Semaphore INFO  - SEMAPHORE WAITING
2016-10-03 16:57:04,334 pl.lodz.pl.concurrency.zad1.LowerSet INFO  - ADDING HIGHEST NUMBER TO HIGHERSET
2016-10-03 16:57:04,334 pl.lodz.pl.concurrency.zad1.Semaphore INFO  - SEMAPHORE WAITING
2016-10-03 16:57:04,334 pl.lodz.pl.concurrency.zad1.LowerSet INFO  - SEMAPHORE RELEASED
2016-10-03 16:57:04,334 pl.lodz.pl.concurrency.zad1.HighSet INFO  - SEMAPHORE ACQUIRED
2016-10-03 16:57:04,334 pl.lodz.pl.concurrency.zad1.Semaphore INFO  - SEMAPHORE WAITING
2016-10-03 16:57:04,334 pl.lodz.pl.concurrency.zad1.HighSet INFO  - ADDING LOWEST NUMBER TO LOWERSET
2016-10-03 16:57:04,334 pl.lodz.pl.concurrency.zad1.Semaphore INFO  - SEMAPHORE WAITING
2016-10-03 16:57:04,335 pl.lodz.pl.concurrency.zad1.HighSet INFO  - SEMAPHORE RELEASED
2016-10-03 16:57:04,335 pl.lodz.pl.concurrency.zad1.LowerSet INFO  - SEMAPHORE ACQUIRED
2016-10-03 16:57:04,335 pl.lodz.pl.concurrency.zad1.Semaphore INFO  - SEMAPHORE WAITING
2016-10-03 16:57:04,335 pl.lodz.pl.concurrency.zad1.LowerSet INFO  - ADDING HIGHEST NUMBER TO HIGHERSET
2016-10-03 16:57:04,335 pl.lodz.pl.concurrency.zad1.Semaphore INFO  - SEMAPHORE WAITING
2016-10-03 16:57:04,335 pl.lodz.pl.concurrency.zad1.LowerSet INFO  - SEMAPHORE RELEASED
2016-10-03 16:57:04,335 pl.lodz.pl.concurrency.zad1.Semaphore INFO  - SEMAPHORE WAITING
2016-10-03 16:57:04,335 pl.lodz.pl.concurrency.zad1.HighSet INFO  - SEMAPHORE ACQUIRED
2016-10-03 16:57:04,335 pl.lodz.pl.concurrency.zad1.Semaphore INFO  - SEMAPHORE WAITING
2016-10-03 16:57:04,335 pl.lodz.pl.concurrency.zad1.HighSet INFO  - ADDING LOWEST NUMBER TO LOWERSET
2016-10-03 16:57:04,336 pl.lodz.pl.concurrency.zad1.Semaphore INFO  - SEMAPHORE WAITING
2016-10-03 16:57:04,336 pl.lodz.pl.concurrency.zad1.HighSet INFO  - SEMAPHORE RELEASED
2016-10-03 16:57:04,336 pl.lodz.pl.concurrency.zad1.LowerSet INFO  - SEMAPHORE ACQUIRED
2016-10-03 16:57:04,336 pl.lodz.pl.concurrency.zad1.Semaphore INFO  - SEMAPHORE WAITING
2016-10-03 16:57:04,336 pl.lodz.pl.concurrency.zad1.LowerSet INFO  - ADDING HIGHEST NUMBER TO HIGHERSET
2016-10-03 16:57:04,336 pl.lodz.pl.concurrency.zad1.Semaphore INFO  - SEMAPHORE WAITING
2016-10-03 16:57:04,336 pl.lodz.pl.concurrency.zad1.LowerSet INFO  - SEMAPHORE RELEASED
2016-10-03 16:57:04,336 pl.lodz.pl.concurrency.zad1.HighSet INFO  - SEMAPHORE ACQUIRED
2016-10-03 16:57:04,336 pl.lodz.pl.concurrency.zad1.Semaphore INFO  - SEMAPHORE WAITING
2016-10-03 16:57:04,337 pl.lodz.pl.concurrency.zad1.HighSet INFO  - ADDING LOWEST NUMBER TO LOWERSET
2016-10-03 16:57:04,337 pl.lodz.pl.concurrency.zad1.Semaphore INFO  - SEMAPHORE WAITING
2016-10-03 16:57:04,337 pl.lodz.pl.concurrency.zad1.HighSet INFO  - SEMAPHORE RELEASED
2016-10-03 16:57:04,337 pl.lodz.pl.concurrency.zad1.LowerSet INFO  - SEMAPHORE ACQUIRED
2016-10-03 16:57:04,337 pl.lodz.pl.concurrency.zad1.Semaphore INFO  - SEMAPHORE WAITING
2016-10-03 16:57:04,337 pl.lodz.pl.concurrency.zad1.LowerSet INFO  - ADDING HIGHEST NUMBER TO HIGHERSET
2016-10-03 16:57:04,337 pl.lodz.pl.concurrency.zad1.Semaphore INFO  - SEMAPHORE WAITING
2016-10-03 16:57:04,337 pl.lodz.pl.concurrency.zad1.LowerSet INFO  - SEMAPHORE RELEASED
2016-10-03 16:57:04,337 pl.lodz.pl.concurrency.zad1.HighSet INFO  - SEMAPHORE ACQUIRED
2016-10-03 16:57:04,338 pl.lodz.pl.concurrency.zad1.Semaphore INFO  - SEMAPHORE WAITING
2016-10-03 16:57:04,338 pl.lodz.pl.concurrency.zad1.HighSet INFO  - ADDING LOWEST NUMBER TO LOWERSET
2016-10-03 16:57:04,338 pl.lodz.pl.concurrency.zad1.Semaphore INFO  - SEMAPHORE WAITING
2016-10-03 16:57:04,338 pl.lodz.pl.concurrency.zad1.HighSet INFO  - SEMAPHORE RELEASED
2016-10-03 16:57:04,338 pl.lodz.pl.concurrency.zad1.LowerSet INFO  - SEMAPHORE ACQUIRED
2016-10-03 16:57:04,338 pl.lodz.pl.concurrency.zad1.Semaphore INFO  - SEMAPHORE WAITING
2016-10-03 16:57:04,338 pl.lodz.pl.concurrency.zad1.LowerSet INFO  - ADDING HIGHEST NUMBER TO HIGHERSET
2016-10-03 16:57:04,338 pl.lodz.pl.concurrency.zad1.Semaphore INFO  - SEMAPHORE WAITING
2016-10-03 16:57:04,338 pl.lodz.pl.concurrency.zad1.LowerSet INFO  - SEMAPHORE RELEASED
2016-10-03 16:57:04,338 pl.lodz.pl.concurrency.zad1.HighSet INFO  - SEMAPHORE ACQUIRED
2016-10-03 16:57:04,339 pl.lodz.pl.concurrency.zad1.Semaphore INFO  - SEMAPHORE WAITING
2016-10-03 16:57:04,339 pl.lodz.pl.concurrency.zad1.HighSet INFO  - ADDING LOWEST NUMBER TO LOWERSET
2016-10-03 16:57:04,339 pl.lodz.pl.concurrency.zad1.Semaphore INFO  - SEMAPHORE WAITING
2016-10-03 16:57:04,339 pl.lodz.pl.concurrency.zad1.HighSet INFO  - SEMAPHORE RELEASED
2016-10-03 16:57:04,339 pl.lodz.pl.concurrency.zad1.LowerSet INFO  - SEMAPHORE ACQUIRED
2016-10-03 16:57:04,339 pl.lodz.pl.concurrency.zad1.Semaphore INFO  - SEMAPHORE WAITING
2016-10-03 16:57:04,339 pl.lodz.pl.concurrency.zad1.LowerSet INFO  - ADDING HIGHEST NUMBER TO HIGHERSET
2016-10-03 16:57:04,339 pl.lodz.pl.concurrency.zad1.Semaphore INFO  - SEMAPHORE WAITING
2016-10-03 16:57:04,339 pl.lodz.pl.concurrency.zad1.LowerSet INFO  - SEMAPHORE RELEASED
2016-10-03 16:57:04,340 pl.lodz.pl.concurrency.zad1.HighSet INFO  - SEMAPHORE ACQUIRED
2016-10-03 16:57:04,340 pl.lodz.pl.concurrency.zad1.Semaphore INFO  - SEMAPHORE WAITING
2016-10-03 16:57:04,340 pl.lodz.pl.concurrency.zad1.HighSet INFO  - ADDING LOWEST NUMBER TO LOWERSET
2016-10-03 16:57:04,340 pl.lodz.pl.concurrency.zad1.Semaphore INFO  - SEMAPHORE WAITING
2016-10-03 16:57:04,340 pl.lodz.pl.concurrency.zad1.HighSet INFO  - SEMAPHORE RELEASED
2016-10-03 16:57:04,340 pl.lodz.pl.concurrency.zad1.LowerSet INFO  - SEMAPHORE ACQUIRED
2016-10-03 16:57:04,340 pl.lodz.pl.concurrency.zad1.Semaphore INFO  - SEMAPHORE WAITING
2016-10-03 16:57:04,340 pl.lodz.pl.concurrency.zad1.LowerSet INFO  - ADDING HIGHEST NUMBER TO HIGHERSET
2016-10-03 16:57:04,340 pl.lodz.pl.concurrency.zad1.Semaphore INFO  - SEMAPHORE WAITING
2016-10-03 16:57:04,340 pl.lodz.pl.concurrency.zad1.LowerSet INFO  - SEMAPHORE RELEASED
2016-10-03 16:57:04,341 pl.lodz.pl.concurrency.zad1.HighSet INFO  - SEMAPHORE ACQUIRED
2016-10-03 16:57:04,341 pl.lodz.pl.concurrency.zad1.Semaphore INFO  - SEMAPHORE WAITING
2016-10-03 16:57:04,341 pl.lodz.pl.concurrency.zad1.HighSet INFO  - ADDING LOWEST NUMBER TO LOWERSET
2016-10-03 16:57:04,341 pl.lodz.pl.concurrency.zad1.Semaphore INFO  - SEMAPHORE WAITING
2016-10-03 16:57:04,341 pl.lodz.pl.concurrency.zad1.HighSet INFO  - SEMAPHORE RELEASED
2016-10-03 16:57:04,341 pl.lodz.pl.concurrency.zad1.Semaphore INFO  - SEMAPHORE WAITING
2016-10-03 16:57:04,341 pl.lodz.pl.concurrency.zad1.LowerSet INFO  - SEMAPHORE ACQUIRED
2016-10-03 16:57:04,341 pl.lodz.pl.concurrency.zad1.Semaphore INFO  - SEMAPHORE WAITING
2016-10-03 16:57:04,342 pl.lodz.pl.concurrency.zad1.Semaphore INFO  - SEMAPHORE WAITING
2016-10-03 16:57:04,341 pl.lodz.pl.concurrency.zad1.LowerSet INFO  - ADDING HIGHEST NUMBER TO HIGHERSET
2016-10-03 16:57:04,342 pl.lodz.pl.concurrency.zad1.Semaphore INFO  - SEMAPHORE WAITING
2016-10-03 16:57:04,342 pl.lodz.pl.concurrency.zad1.LowerSet INFO  - SEMAPHORE RELEASED
2016-10-03 16:57:04,342 pl.lodz.pl.concurrency.zad1.HighSet INFO  - SEMAPHORE ACQUIRED
2016-10-03 16:57:04,342 pl.lodz.pl.concurrency.zad1.Semaphore INFO  - SEMAPHORE WAITING
2016-10-03 16:57:04,342 pl.lodz.pl.concurrency.zad1.HighSet INFO  - ADDING LOWEST NUMBER TO LOWERSET
2016-10-03 16:57:04,342 pl.lodz.pl.concurrency.zad1.Semaphore INFO  - SEMAPHORE WAITING
2016-10-03 16:57:04,342 pl.lodz.pl.concurrency.zad1.HighSet INFO  - SEMAPHORE RELEASED
2016-10-03 16:57:04,342 pl.lodz.pl.concurrency.zad1.LowerSet INFO  - SEMAPHORE ACQUIRED
2016-10-03 16:57:04,343 pl.lodz.pl.concurrency.zad1.Semaphore INFO  - SEMAPHORE WAITING
2016-10-03 16:57:04,343 pl.lodz.pl.concurrency.zad1.LowerSet INFO  - ADDING HIGHEST NUMBER TO HIGHERSET
2016-10-03 16:57:04,343 pl.lodz.pl.concurrency.zad1.Semaphore INFO  - SEMAPHORE WAITING
2016-10-03 16:57:04,343 pl.lodz.pl.concurrency.zad1.LowerSet INFO  - SEMAPHORE RELEASED
2016-10-03 16:57:04,343 pl.lodz.pl.concurrency.zad1.HighSet INFO  - SEMAPHORE ACQUIRED
2016-10-03 16:57:04,343 pl.lodz.pl.concurrency.zad1.Semaphore INFO  - SEMAPHORE WAITING
2016-10-03 16:57:04,343 pl.lodz.pl.concurrency.zad1.HighSet INFO  - ADDING LOWEST NUMBER TO LOWERSET
2016-10-03 16:57:04,343 pl.lodz.pl.concurrency.zad1.Semaphore INFO  - SEMAPHORE WAITING
2016-10-03 16:57:04,343 pl.lodz.pl.concurrency.zad1.HighSet INFO  - SEMAPHORE RELEASED
2016-10-03 16:57:04,343 pl.lodz.pl.concurrency.zad1.LowerSet INFO  - SEMAPHORE ACQUIRED
2016-10-03 16:57:04,344 pl.lodz.pl.concurrency.zad1.LowerSet INFO  - ADDING HIGHEST NUMBER TO HIGHERSET
2016-10-03 16:57:04,344 pl.lodz.pl.concurrency.zad1.LowerSet INFO  - SEMAPHORE RELEASED
2016-10-03 16:57:04,344 pl.lodz.pl.concurrency.zad1.LowerSet INFO  - SEMAPHORE ACQUIRED
2016-10-03 16:57:04,344 pl.lodz.pl.concurrency.zad1.LowerSet INFO  - SEMAPHORE RELEASED
2016-10-03 16:57:04,344 pl.lodz.pl.concurrency.zad1.LowerSet INFO  - SEMAPHORE ACQUIRED
2016-10-03 16:57:04,344 pl.lodz.pl.concurrency.zad1.LowerSet INFO  - SEMAPHORE RELEASED
2016-10-03 16:57:04,344 pl.lodz.pl.concurrency.zad1.LowerSet INFO  - SEMAPHORE ACQUIRED
2016-10-03 16:57:04,344 pl.lodz.pl.concurrency.zad1.LowerSet INFO  - SEMAPHORE RELEASED
2016-10-03 16:57:04,345 pl.lodz.pl.concurrency.zad1.LowerSet INFO  - SEMAPHORE ACQUIRED
2016-10-03 16:57:04,345 pl.lodz.pl.concurrency.zad1.LowerSet INFO  - SEMAPHORE RELEASED
2016-10-03 16:57:04,345 pl.lodz.pl.concurrency.zad1.LowerSet INFO  - SEMAPHORE ACQUIRED
2016-10-03 16:57:04,345 pl.lodz.pl.concurrency.zad1.LowerSet INFO  - SEMAPHORE RELEASED
2016-10-03 16:57:04,345 pl.lodz.pl.concurrency.zad1.LowerSet INFO  - SEMAPHORE ACQUIRED
2016-10-03 16:57:04,345 pl.lodz.pl.concurrency.zad1.LowerSet INFO  - SEMAPHORE RELEASED
2016-10-03 16:57:04,345 pl.lodz.pl.concurrency.zad1.LowerSet INFO  - SEMAPHORE ACQUIRED
2016-10-03 16:57:04,345 pl.lodz.pl.concurrency.zad1.LowerSet INFO  - SEMAPHORE RELEASED
2016-10-03 16:57:04,345 pl.lodz.pl.concurrency.zad1.LowerSet INFO  - SEMAPHORE ACQUIRED
2016-10-03 16:57:04,345 pl.lodz.pl.concurrency.zad1.LowerSet INFO  - SEMAPHORE RELEASED
2016-10-03 16:57:04,345 pl.lodz.pl.concurrency.zad1.LowerSet INFO  - SEMAPHORE ACQUIRED
2016-10-03 16:57:04,344 pl.lodz.pl.concurrency.zad1.Semaphore INFO  - SEMAPHORE WAITING
2016-10-03 16:57:04,346 pl.lodz.pl.concurrency.zad1.LowerSet INFO  - SEMAPHORE RELEASED
2016-10-03 16:57:04,346 pl.lodz.pl.concurrency.zad1.HighSet INFO  - SEMAPHORE ACQUIRED
2016-10-03 16:57:04,346 pl.lodz.pl.concurrency.zad1.Semaphore INFO  - SEMAPHORE WAITING
2016-10-03 16:57:04,346 pl.lodz.pl.concurrency.zad1.HighSet INFO  - ADDING LOWEST NUMBER TO LOWERSET
2016-10-03 16:57:04,346 pl.lodz.pl.concurrency.zad1.Semaphore INFO  - SEMAPHORE WAITING
2016-10-03 16:57:04,347 pl.lodz.pl.concurrency.zad1.HighSet INFO  - SEMAPHORE RELEASED
2016-10-03 16:57:04,347 pl.lodz.pl.concurrency.zad1.LowerSet INFO  - SEMAPHORE ACQUIRED
2016-10-03 16:57:04,347 pl.lodz.pl.concurrency.zad1.Semaphore INFO  - SEMAPHORE WAITING
2016-10-03 16:57:04,347 pl.lodz.pl.concurrency.zad1.Semaphore INFO  - SEMAPHORE WAITING
2016-10-03 16:57:04,347 pl.lodz.pl.concurrency.zad1.Semaphore INFO  - SEMAPHORE WAITING
2016-10-03 16:57:04,347 pl.lodz.pl.concurrency.zad1.Semaphore INFO  - SEMAPHORE WAITING
2016-10-03 16:57:04,347 pl.lodz.pl.concurrency.zad1.Semaphore INFO  - SEMAPHORE WAITING
2016-10-03 16:57:04,348 pl.lodz.pl.concurrency.zad1.Semaphore INFO  - SEMAPHORE WAITING
2016-10-03 16:57:04,348 pl.lodz.pl.concurrency.zad1.Semaphore INFO  - SEMAPHORE WAITING
2016-10-03 16:57:04,348 pl.lodz.pl.concurrency.zad1.Semaphore INFO  - SEMAPHORE WAITING
2016-10-03 16:57:04,348 pl.lodz.pl.concurrency.zad1.LowerSet INFO  - ADDING HIGHEST NUMBER TO HIGHERSET
2016-10-03 16:57:04,348 pl.lodz.pl.concurrency.zad1.LowerSet INFO  - SEMAPHORE RELEASED
2016-10-03 16:57:04,348 pl.lodz.pl.concurrency.zad1.LowerSet INFO  - SEMAPHORE ACQUIRED
2016-10-03 16:57:04,348 pl.lodz.pl.concurrency.zad1.LowerSet INFO  - SEMAPHORE RELEASED
2016-10-03 16:57:04,348 pl.lodz.pl.concurrency.zad1.LowerSet INFO  - SEMAPHORE ACQUIRED
2016-10-03 16:57:04,348 pl.lodz.pl.concurrency.zad1.LowerSet INFO  - SEMAPHORE RELEASED
2016-10-03 16:57:04,348 pl.lodz.pl.concurrency.zad1.LowerSet INFO  - SEMAPHORE ACQUIRED
2016-10-03 16:57:04,348 pl.lodz.pl.concurrency.zad1.LowerSet INFO  - SEMAPHORE RELEASED
2016-10-03 16:57:04,349 pl.lodz.pl.concurrency.zad1.LowerSet INFO  - SEMAPHORE ACQUIRED
2016-10-03 16:57:04,349 pl.lodz.pl.concurrency.zad1.LowerSet INFO  - SEMAPHORE RELEASED
2016-10-03 16:57:04,349 pl.lodz.pl.concurrency.zad1.LowerSet INFO  - SEMAPHORE ACQUIRED
2016-10-03 16:57:04,349 pl.lodz.pl.concurrency.zad1.LowerSet INFO  - SEMAPHORE RELEASED
2016-10-03 16:57:04,349 pl.lodz.pl.concurrency.zad1.LowerSet INFO  - SEMAPHORE ACQUIRED
2016-10-03 16:57:04,349 pl.lodz.pl.concurrency.zad1.LowerSet INFO  - SEMAPHORE RELEASED
2016-10-03 16:57:04,349 pl.lodz.pl.concurrency.zad1.LowerSet INFO  - SEMAPHORE ACQUIRED
2016-10-03 16:57:04,349 pl.lodz.pl.concurrency.zad1.LowerSet INFO  - SEMAPHORE RELEASED
2016-10-03 16:57:04,349 pl.lodz.pl.concurrency.zad1.LowerSet INFO  - SEMAPHORE ACQUIRED
2016-10-03 16:57:04,349 pl.lodz.pl.concurrency.zad1.LowerSet INFO  - SEMAPHORE RELEASED
2016-10-03 16:57:04,349 pl.lodz.pl.concurrency.zad1.LowerSet INFO  - SEMAPHORE ACQUIRED
2016-10-03 16:57:04,350 pl.lodz.pl.concurrency.zad1.LowerSet INFO  - SEMAPHORE RELEASED
2016-10-03 16:57:04,350 pl.lodz.pl.concurrency.zad1.LowerSet INFO  - SEMAPHORE ACQUIRED
2016-10-03 16:57:04,350 pl.lodz.pl.concurrency.zad1.LowerSet INFO  - SEMAPHORE RELEASED
2016-10-03 16:57:04,350 pl.lodz.pl.concurrency.zad1.LowerSet INFO  - SEMAPHORE ACQUIRED
2016-10-03 16:57:04,350 pl.lodz.pl.concurrency.zad1.LowerSet INFO  - SEMAPHORE RELEASED
2016-10-03 16:57:04,350 pl.lodz.pl.concurrency.zad1.LowerSet INFO  - SEMAPHORE ACQUIRED
2016-10-03 16:57:04,350 pl.lodz.pl.concurrency.zad1.LowerSet INFO  - SEMAPHORE RELEASED
2016-10-03 16:57:04,350 pl.lodz.pl.concurrency.zad1.LowerSet INFO  - SEMAPHORE ACQUIRED
2016-10-03 16:57:04,350 pl.lodz.pl.concurrency.zad1.LowerSet INFO  - SEMAPHORE RELEASED
2016-10-03 16:57:04,350 pl.lodz.pl.concurrency.zad1.LowerSet INFO  - SEMAPHORE ACQUIRED
2016-10-03 16:57:04,350 pl.lodz.pl.concurrency.zad1.LowerSet INFO  - SEMAPHORE RELEASED
2016-10-03 16:57:04,351 pl.lodz.pl.concurrency.zad1.LowerSet INFO  - SEMAPHORE ACQUIRED
2016-10-03 16:57:04,351 pl.lodz.pl.concurrency.zad1.LowerSet INFO  - SEMAPHORE RELEASED
2016-10-03 16:57:04,351 pl.lodz.pl.concurrency.zad1.LowerSet INFO  - SEMAPHORE ACQUIRED
2016-10-03 16:57:04,351 pl.lodz.pl.concurrency.zad1.LowerSet INFO  - SEMAPHORE RELEASED
2016-10-03 16:57:04,351 pl.lodz.pl.concurrency.zad1.LowerSet INFO  - SEMAPHORE ACQUIRED
2016-10-03 16:57:04,351 pl.lodz.pl.concurrency.zad1.LowerSet INFO  - SEMAPHORE RELEASED
2016-10-03 16:57:04,351 pl.lodz.pl.concurrency.zad1.LowerSet INFO  - SEMAPHORE ACQUIRED
2016-10-03 16:57:04,351 pl.lodz.pl.concurrency.zad1.LowerSet INFO  - SEMAPHORE RELEASED
2016-10-03 16:57:04,351 pl.lodz.pl.concurrency.zad1.LowerSet INFO  - SEMAPHORE ACQUIRED
2016-10-03 16:57:04,351 pl.lodz.pl.concurrency.zad1.LowerSet INFO  - SEMAPHORE RELEASED
2016-10-03 16:57:04,351 pl.lodz.pl.concurrency.zad1.LowerSet INFO  - SEMAPHORE ACQUIRED
2016-10-03 16:57:04,351 pl.lodz.pl.concurrency.zad1.LowerSet INFO  - SEMAPHORE RELEASED
2016-10-03 16:57:04,351 pl.lodz.pl.concurrency.zad1.LowerSet INFO  - SEMAPHORE ACQUIRED
2016-10-03 16:57:04,352 pl.lodz.pl.concurrency.zad1.LowerSet INFO  - SEMAPHORE RELEASED
2016-10-03 16:57:04,352 pl.lodz.pl.concurrency.zad1.LowerSet INFO  - SEMAPHORE ACQUIRED
2016-10-03 16:57:04,352 pl.lodz.pl.concurrency.zad1.LowerSet INFO  - SEMAPHORE RELEASED
2016-10-03 16:57:04,352 pl.lodz.pl.concurrency.zad1.LowerSet INFO  - SEMAPHORE ACQUIRED
2016-10-03 16:57:04,352 pl.lodz.pl.concurrency.zad1.LowerSet INFO  - SEMAPHORE RELEASED
2016-10-03 16:57:04,352 pl.lodz.pl.concurrency.zad1.LowerSet INFO  - SEMAPHORE ACQUIRED
2016-10-03 16:57:04,352 pl.lodz.pl.concurrency.zad1.LowerSet INFO  - SEMAPHORE RELEASED
2016-10-03 16:57:04,352 pl.lodz.pl.concurrency.zad1.LowerSet INFO  - SEMAPHORE ACQUIRED
2016-10-03 16:57:04,352 pl.lodz.pl.concurrency.zad1.LowerSet INFO  - SEMAPHORE RELEASED
2016-10-03 16:57:04,352 pl.lodz.pl.concurrency.zad1.LowerSet INFO  - SEMAPHORE ACQUIRED
2016-10-03 16:57:04,352 pl.lodz.pl.concurrency.zad1.LowerSet INFO  - SEMAPHORE RELEASED
2016-10-03 16:57:04,352 pl.lodz.pl.concurrency.zad1.LowerSet INFO  - SEMAPHORE ACQUIRED
2016-10-03 16:57:04,352 pl.lodz.pl.concurrency.zad1.LowerSet INFO  - SEMAPHORE RELEASED
2016-10-03 16:57:04,353 pl.lodz.pl.concurrency.zad1.LowerSet INFO  - SEMAPHORE ACQUIRED
2016-10-03 16:57:04,353 pl.lodz.pl.concurrency.zad1.LowerSet INFO  - SEMAPHORE RELEASED
2016-10-03 16:57:04,353 pl.lodz.pl.concurrency.zad1.LowerSet INFO  - SEMAPHORE ACQUIRED
2016-10-03 16:57:04,353 pl.lodz.pl.concurrency.zad1.LowerSet INFO  - SEMAPHORE RELEASED
2016-10-03 16:57:04,353 pl.lodz.pl.concurrency.zad1.LowerSet INFO  - SEMAPHORE ACQUIRED
2016-10-03 16:57:04,353 pl.lodz.pl.concurrency.zad1.LowerSet INFO  - SEMAPHORE RELEASED
2016-10-03 16:57:04,353 pl.lodz.pl.concurrency.zad1.LowerSet INFO  - SEMAPHORE ACQUIRED
2016-10-03 16:57:04,353 pl.lodz.pl.concurrency.zad1.LowerSet INFO  - SEMAPHORE RELEASED
2016-10-03 16:57:04,353 pl.lodz.pl.concurrency.zad1.LowerSet INFO  - SEMAPHORE ACQUIRED
2016-10-03 16:57:04,353 pl.lodz.pl.concurrency.zad1.LowerSet INFO  - SEMAPHORE RELEASED
2016-10-03 16:57:04,354 pl.lodz.pl.concurrency.zad1.LowerSet INFO  - SEMAPHORE ACQUIRED
2016-10-03 16:57:04,354 pl.lodz.pl.concurrency.zad1.LowerSet INFO  - SEMAPHORE RELEASED
2016-10-03 16:57:04,354 pl.lodz.pl.concurrency.zad1.LowerSet INFO  - SEMAPHORE ACQUIRED
2016-10-03 16:57:04,354 pl.lodz.pl.concurrency.zad1.LowerSet INFO  - SEMAPHORE RELEASED
2016-10-03 16:57:04,354 pl.lodz.pl.concurrency.zad1.LowerSet INFO  - SEMAPHORE ACQUIRED
2016-10-03 16:57:04,354 pl.lodz.pl.concurrency.zad1.LowerSet INFO  - SEMAPHORE RELEASED
2016-10-03 16:57:04,354 pl.lodz.pl.concurrency.zad1.LowerSet INFO  - SEMAPHORE ACQUIRED
2016-10-03 16:57:04,354 pl.lodz.pl.concurrency.zad1.LowerSet INFO  - SEMAPHORE RELEASED
2016-10-03 16:57:04,354 pl.lodz.pl.concurrency.zad1.LowerSet INFO  - SEMAPHORE ACQUIRED
2016-10-03 16:57:04,354 pl.lodz.pl.concurrency.zad1.LowerSet INFO  - SEMAPHORE RELEASED
2016-10-03 16:57:04,354 pl.lodz.pl.concurrency.zad1.LowerSet INFO  - SEMAPHORE ACQUIRED
2016-10-03 16:57:04,354 pl.lodz.pl.concurrency.zad1.LowerSet INFO  - SEMAPHORE RELEASED
2016-10-03 16:57:04,354 pl.lodz.pl.concurrency.zad1.LowerSet INFO  - SEMAPHORE ACQUIRED
2016-10-03 16:57:04,355 pl.lodz.pl.concurrency.zad1.LowerSet INFO  - SEMAPHORE RELEASED
2016-10-03 16:57:04,355 pl.lodz.pl.concurrency.zad1.LowerSet INFO  - SEMAPHORE ACQUIRED
2016-10-03 16:57:04,355 pl.lodz.pl.concurrency.zad1.LowerSet INFO  - SEMAPHORE RELEASED
2016-10-03 16:57:04,355 pl.lodz.pl.concurrency.zad1.LowerSet INFO  - SEMAPHORE ACQUIRED
2016-10-03 16:57:04,355 pl.lodz.pl.concurrency.zad1.LowerSet INFO  - SEMAPHORE RELEASED
2016-10-03 16:57:04,355 pl.lodz.pl.concurrency.zad1.LowerSet INFO  - SEMAPHORE ACQUIRED
2016-10-03 16:57:04,355 pl.lodz.pl.concurrency.zad1.LowerSet INFO  - SEMAPHORE RELEASED
2016-10-03 16:57:04,355 pl.lodz.pl.concurrency.zad1.LowerSet INFO  - SEMAPHORE ACQUIRED
2016-10-03 16:57:04,355 pl.lodz.pl.concurrency.zad1.LowerSet INFO  - SEMAPHORE RELEASED
2016-10-03 16:57:04,355 pl.lodz.pl.concurrency.zad1.LowerSet INFO  - SEMAPHORE ACQUIRED
2016-10-03 16:57:04,355 pl.lodz.pl.concurrency.zad1.LowerSet INFO  - SEMAPHORE RELEASED
2016-10-03 16:57:04,355 pl.lodz.pl.concurrency.zad1.LowerSet INFO  - SEMAPHORE ACQUIRED
2016-10-03 16:57:04,355 pl.lodz.pl.concurrency.zad1.LowerSet INFO  - SEMAPHORE RELEASED
2016-10-03 16:57:04,356 pl.lodz.pl.concurrency.zad1.LowerSet INFO  - SEMAPHORE ACQUIRED
2016-10-03 16:57:04,356 pl.lodz.pl.concurrency.zad1.LowerSet INFO  - SEMAPHORE RELEASED
2016-10-03 16:57:04,356 pl.lodz.pl.concurrency.zad1.LowerSet INFO  - SEMAPHORE ACQUIRED
2016-10-03 16:57:04,356 pl.lodz.pl.concurrency.zad1.LowerSet INFO  - SEMAPHORE RELEASED
2016-10-03 16:57:04,356 pl.lodz.pl.concurrency.zad1.LowerSet INFO  - SEMAPHORE ACQUIRED
2016-10-03 16:57:04,356 pl.lodz.pl.concurrency.zad1.LowerSet INFO  - SEMAPHORE RELEASED
2016-10-03 16:57:04,356 pl.lodz.pl.concurrency.zad1.LowerSet INFO  - SEMAPHORE ACQUIRED
2016-10-03 16:57:04,356 pl.lodz.pl.concurrency.zad1.LowerSet INFO  - SEMAPHORE RELEASED
2016-10-03 16:57:04,356 pl.lodz.pl.concurrency.zad1.LowerSet INFO  - SEMAPHORE ACQUIRED
2016-10-03 16:57:04,356 pl.lodz.pl.concurrency.zad1.LowerSet INFO  - SEMAPHORE RELEASED
2016-10-03 16:57:04,356 pl.lodz.pl.concurrency.zad1.LowerSet INFO  - SEMAPHORE ACQUIRED
2016-10-03 16:57:04,356 pl.lodz.pl.concurrency.zad1.LowerSet INFO  - SEMAPHORE RELEASED
2016-10-03 16:57:04,357 pl.lodz.pl.concurrency.zad1.LowerSet INFO  - SEMAPHORE ACQUIRED
2016-10-03 16:57:04,357 pl.lodz.pl.concurrency.zad1.LowerSet INFO  - SEMAPHORE RELEASED
2016-10-03 16:57:04,357 pl.lodz.pl.concurrency.zad1.LowerSet INFO  - SEMAPHORE ACQUIRED
2016-10-03 16:57:04,357 pl.lodz.pl.concurrency.zad1.LowerSet INFO  - SEMAPHORE RELEASED
2016-10-03 16:57:04,357 pl.lodz.pl.concurrency.zad1.LowerSet INFO  - SEMAPHORE ACQUIRED
2016-10-03 16:57:04,357 pl.lodz.pl.concurrency.zad1.LowerSet INFO  - SEMAPHORE RELEASED
2016-10-03 16:57:04,357 pl.lodz.pl.concurrency.zad1.LowerSet INFO  - SEMAPHORE ACQUIRED
2016-10-03 16:57:04,357 pl.lodz.pl.concurrency.zad1.LowerSet INFO  - SEMAPHORE RELEASED
2016-10-03 16:57:04,357 pl.lodz.pl.concurrency.zad1.LowerSet INFO  - SEMAPHORE ACQUIRED
2016-10-03 16:57:04,357 pl.lodz.pl.concurrency.zad1.LowerSet INFO  - SEMAPHORE RELEASED
2016-10-03 16:57:04,358 pl.lodz.pl.concurrency.zad1.LowerSet INFO  - SEMAPHORE ACQUIRED
2016-10-03 16:57:04,358 pl.lodz.pl.concurrency.zad1.LowerSet INFO  - SEMAPHORE RELEASED
2016-10-03 16:57:04,358 pl.lodz.pl.concurrency.zad1.LowerSet INFO  - SEMAPHORE ACQUIRED
2016-10-03 16:57:04,358 pl.lodz.pl.concurrency.zad1.LowerSet INFO  - SEMAPHORE RELEASED
2016-10-03 16:57:04,358 pl.lodz.pl.concurrency.zad1.LowerSet INFO  - SEMAPHORE ACQUIRED
2016-10-03 16:57:04,358 pl.lodz.pl.concurrency.zad1.LowerSet INFO  - SEMAPHORE RELEASED
2016-10-03 16:57:04,358 pl.lodz.pl.concurrency.zad1.LowerSet INFO  - SEMAPHORE ACQUIRED
2016-10-03 16:57:04,358 pl.lodz.pl.concurrency.zad1.LowerSet INFO  - SEMAPHORE RELEASED
2016-10-03 16:57:04,358 pl.lodz.pl.concurrency.zad1.LowerSet INFO  - SEMAPHORE ACQUIRED
2016-10-03 16:57:04,358 pl.lodz.pl.concurrency.zad1.LowerSet INFO  - SEMAPHORE RELEASED
2016-10-03 16:57:04,358 pl.lodz.pl.concurrency.zad1.LowerSet INFO  - SEMAPHORE ACQUIRED
2016-10-03 16:57:04,358 pl.lodz.pl.concurrency.zad1.LowerSet INFO  - SEMAPHORE RELEASED
2016-10-03 16:57:04,359 pl.lodz.pl.concurrency.zad1.LowerSet INFO  - SEMAPHORE ACQUIRED
2016-10-03 16:57:04,359 pl.lodz.pl.concurrency.zad1.LowerSet INFO  - SEMAPHORE RELEASED
2016-10-03 16:57:04,359 pl.lodz.pl.concurrency.zad1.LowerSet INFO  - SEMAPHORE ACQUIRED
2016-10-03 16:57:04,359 pl.lodz.pl.concurrency.zad1.LowerSet INFO  - SEMAPHORE RELEASED
2016-10-03 16:57:04,359 pl.lodz.pl.concurrency.zad1.LowerSet INFO  - SEMAPHORE ACQUIRED
2016-10-03 16:57:04,359 pl.lodz.pl.concurrency.zad1.LowerSet INFO  - SEMAPHORE RELEASED
2016-10-03 16:57:04,359 pl.lodz.pl.concurrency.zad1.LowerSet INFO  - SEMAPHORE ACQUIRED
2016-10-03 16:57:04,359 pl.lodz.pl.concurrency.zad1.LowerSet INFO  - SEMAPHORE RELEASED
2016-10-03 16:57:04,359 pl.lodz.pl.concurrency.zad1.LowerSet INFO  - SEMAPHORE ACQUIRED
2016-10-03 16:57:04,359 pl.lodz.pl.concurrency.zad1.LowerSet INFO  - SEMAPHORE RELEASED
2016-10-03 16:57:04,359 pl.lodz.pl.concurrency.zad1.LowerSet INFO  - SEMAPHORE ACQUIRED
2016-10-03 16:57:04,359 pl.lodz.pl.concurrency.zad1.LowerSet INFO  - SEMAPHORE RELEASED
2016-10-03 16:57:04,359 pl.lodz.pl.concurrency.zad1.LowerSet INFO  - SEMAPHORE ACQUIRED
2016-10-03 16:57:04,360 pl.lodz.pl.concurrency.zad1.LowerSet INFO  - SEMAPHORE RELEASED
2016-10-03 16:57:04,360 pl.lodz.pl.concurrency.zad1.LowerSet INFO  - SEMAPHORE ACQUIRED
2016-10-03 16:57:04,360 pl.lodz.pl.concurrency.zad1.LowerSet INFO  - SEMAPHORE RELEASED
2016-10-03 16:57:04,360 pl.lodz.pl.concurrency.zad1.LowerSet INFO  - SEMAPHORE ACQUIRED
2016-10-03 16:57:04,360 pl.lodz.pl.concurrency.zad1.LowerSet INFO  - SEMAPHORE RELEASED
2016-10-03 16:57:04,360 pl.lodz.pl.concurrency.zad1.LowerSet INFO  - SEMAPHORE ACQUIRED
2016-10-03 16:57:04,360 pl.lodz.pl.concurrency.zad1.LowerSet INFO  - SEMAPHORE RELEASED
2016-10-03 16:57:04,360 pl.lodz.pl.concurrency.zad1.LowerSet INFO  - SEMAPHORE ACQUIRED
2016-10-03 16:57:04,360 pl.lodz.pl.concurrency.zad1.LowerSet INFO  - SEMAPHORE RELEASED
2016-10-03 16:57:04,360 pl.lodz.pl.concurrency.zad1.LowerSet INFO  - SEMAPHORE ACQUIRED
2016-10-03 16:57:04,362 pl.lodz.pl.concurrency.zad1.LowerSet INFO  - SEMAPHORE RELEASED
2016-10-03 16:57:04,362 pl.lodz.pl.concurrency.zad1.LowerSet INFO  - SEMAPHORE ACQUIRED
2016-10-03 16:57:04,362 pl.lodz.pl.concurrency.zad1.LowerSet INFO  - SEMAPHORE RELEASED
2016-10-03 16:57:04,362 pl.lodz.pl.concurrency.zad1.LowerSet INFO  - SEMAPHORE ACQUIRED
2016-10-03 16:57:04,363 pl.lodz.pl.concurrency.zad1.LowerSet INFO  - SEMAPHORE RELEASED
2016-10-03 16:57:04,363 pl.lodz.pl.concurrency.zad1.LowerSet INFO  - SEMAPHORE ACQUIRED
2016-10-03 16:57:04,363 pl.lodz.pl.concurrency.zad1.LowerSet INFO  - SEMAPHORE RELEASED
2016-10-03 16:57:04,363 pl.lodz.pl.concurrency.zad1.LowerSet INFO  - SEMAPHORE ACQUIRED
2016-10-03 16:57:04,363 pl.lodz.pl.concurrency.zad1.LowerSet INFO  - SEMAPHORE RELEASED
2016-10-03 16:57:04,363 pl.lodz.pl.concurrency.zad1.LowerSet INFO  - SEMAPHORE ACQUIRED
2016-10-03 16:57:04,363 pl.lodz.pl.concurrency.zad1.LowerSet INFO  - SEMAPHORE RELEASED
2016-10-03 16:57:04,363 pl.lodz.pl.concurrency.zad1.LowerSet INFO  - SEMAPHORE ACQUIRED
2016-10-03 16:57:04,364 pl.lodz.pl.concurrency.zad1.LowerSet INFO  - SEMAPHORE RELEASED
2016-10-03 16:57:04,364 pl.lodz.pl.concurrency.zad1.LowerSet INFO  - SEMAPHORE ACQUIRED
2016-10-03 16:57:04,364 pl.lodz.pl.concurrency.zad1.LowerSet INFO  - SEMAPHORE RELEASED
2016-10-03 16:57:04,364 pl.lodz.pl.concurrency.zad1.LowerSet INFO  - SEMAPHORE ACQUIRED
2016-10-03 16:57:04,364 pl.lodz.pl.concurrency.zad1.LowerSet INFO  - SEMAPHORE RELEASED
2016-10-03 16:57:04,364 pl.lodz.pl.concurrency.zad1.LowerSet INFO  - SEMAPHORE ACQUIRED
2016-10-03 16:57:04,364 pl.lodz.pl.concurrency.zad1.LowerSet INFO  - SEMAPHORE RELEASED
2016-10-03 16:57:04,364 pl.lodz.pl.concurrency.zad1.LowerSet INFO  - SEMAPHORE ACQUIRED
2016-10-03 16:57:04,364 pl.lodz.pl.concurrency.zad1.LowerSet INFO  - SEMAPHORE RELEASED
2016-10-03 16:57:04,364 pl.lodz.pl.concurrency.zad1.LowerSet INFO  - SEMAPHORE ACQUIRED
2016-10-03 16:57:04,365 pl.lodz.pl.concurrency.zad1.LowerSet INFO  - SEMAPHORE RELEASED
2016-10-03 16:57:04,365 pl.lodz.pl.concurrency.zad1.LowerSet INFO  - SEMAPHORE ACQUIRED
2016-10-03 16:57:04,365 pl.lodz.pl.concurrency.zad1.LowerSet INFO  - SEMAPHORE RELEASED
2016-10-03 16:57:04,365 pl.lodz.pl.concurrency.zad1.LowerSet INFO  - SEMAPHORE ACQUIRED
2016-10-03 16:57:04,365 pl.lodz.pl.concurrency.zad1.LowerSet INFO  - SEMAPHORE RELEASED
2016-10-03 16:57:04,365 pl.lodz.pl.concurrency.zad1.LowerSet INFO  - SEMAPHORE ACQUIRED
2016-10-03 16:57:04,365 pl.lodz.pl.concurrency.zad1.LowerSet INFO  - SEMAPHORE RELEASED
2016-10-03 16:57:04,365 pl.lodz.pl.concurrency.zad1.LowerSet INFO  - SEMAPHORE ACQUIRED
2016-10-03 16:57:04,365 pl.lodz.pl.concurrency.zad1.LowerSet INFO  - SEMAPHORE RELEASED
2016-10-03 16:57:04,365 pl.lodz.pl.concurrency.zad1.LowerSet INFO  - SEMAPHORE ACQUIRED
2016-10-03 16:57:04,365 pl.lodz.pl.concurrency.zad1.LowerSet INFO  - SEMAPHORE RELEASED
2016-10-03 16:57:04,366 pl.lodz.pl.concurrency.zad1.LowerSet INFO  - SEMAPHORE ACQUIRED
2016-10-03 16:57:04,366 pl.lodz.pl.concurrency.zad1.LowerSet INFO  - SEMAPHORE RELEASED
2016-10-03 16:57:04,366 pl.lodz.pl.concurrency.zad1.LowerSet INFO  - SEMAPHORE ACQUIRED
2016-10-03 16:57:04,366 pl.lodz.pl.concurrency.zad1.LowerSet INFO  - SEMAPHORE RELEASED
2016-10-03 16:57:04,366 pl.lodz.pl.concurrency.zad1.LowerSet INFO  - SEMAPHORE ACQUIRED
2016-10-03 16:57:04,366 pl.lodz.pl.concurrency.zad1.LowerSet INFO  - SEMAPHORE RELEASED
2016-10-03 16:57:04,366 pl.lodz.pl.concurrency.zad1.LowerSet INFO  - SEMAPHORE ACQUIRED
2016-10-03 16:57:04,366 pl.lodz.pl.concurrency.zad1.LowerSet INFO  - SEMAPHORE RELEASED
2016-10-03 16:57:04,366 pl.lodz.pl.concurrency.zad1.LowerSet INFO  - SEMAPHORE ACQUIRED
2016-10-03 16:57:04,366 pl.lodz.pl.concurrency.zad1.LowerSet INFO  - SEMAPHORE RELEASED
2016-10-03 16:57:04,367 pl.lodz.pl.concurrency.zad1.LowerSet INFO  - SEMAPHORE ACQUIRED
2016-10-03 16:57:04,367 pl.lodz.pl.concurrency.zad1.LowerSet INFO  - SEMAPHORE RELEASED
2016-10-03 16:57:04,367 pl.lodz.pl.concurrency.zad1.LowerSet INFO  - SEMAPHORE ACQUIRED
2016-10-03 16:57:04,367 pl.lodz.pl.concurrency.zad1.LowerSet INFO  - SEMAPHORE RELEASED
2016-10-03 16:57:04,368 pl.lodz.pl.concurrency.zad1.LowerSet INFO  - SEMAPHORE ACQUIRED
2016-10-03 16:57:04,368 pl.lodz.pl.concurrency.zad1.LowerSet INFO  - SEMAPHORE RELEASED
2016-10-03 16:57:04,368 pl.lodz.pl.concurrency.zad1.LowerSet INFO  - SEMAPHORE ACQUIRED
2016-10-03 16:57:04,348 pl.lodz.pl.concurrency.zad1.Semaphore INFO  - SEMAPHORE WAITING
2016-10-03 16:57:04,368 pl.lodz.pl.concurrency.zad1.Semaphore INFO  - SEMAPHORE WAITING
2016-10-03 16:57:04,368 pl.lodz.pl.concurrency.zad1.Semaphore INFO  - SEMAPHORE WAITING
2016-10-03 16:57:04,368 pl.lodz.pl.concurrency.zad1.Semaphore INFO  - SEMAPHORE WAITING
2016-10-03 16:57:04,368 pl.lodz.pl.concurrency.zad1.Semaphore INFO  - SEMAPHORE WAITING
2016-10-03 16:57:04,368 pl.lodz.pl.concurrency.zad1.Semaphore INFO  - SEMAPHORE WAITING
2016-10-03 16:57:04,369 pl.lodz.pl.concurrency.zad1.Semaphore INFO  - SEMAPHORE WAITING
2016-10-03 16:57:04,369 pl.lodz.pl.concurrency.zad1.Semaphore INFO  - SEMAPHORE WAITING
2016-10-03 16:57:04,369 pl.lodz.pl.concurrency.zad1.Semaphore INFO  - SEMAPHORE WAITING
2016-10-03 16:57:04,369 pl.lodz.pl.concurrency.zad1.Semaphore INFO  - SEMAPHORE WAITING
2016-10-03 16:57:04,369 pl.lodz.pl.concurrency.zad1.Semaphore INFO  - SEMAPHORE WAITING
2016-10-03 16:57:04,369 pl.lodz.pl.concurrency.zad1.Semaphore INFO  - SEMAPHORE WAITING
2016-10-03 16:57:04,369 pl.lodz.pl.concurrency.zad1.Semaphore INFO  - SEMAPHORE WAITING
2016-10-03 16:57:04,369 pl.lodz.pl.concurrency.zad1.Semaphore INFO  - SEMAPHORE WAITING
2016-10-03 16:57:04,369 pl.lodz.pl.concurrency.zad1.Semaphore INFO  - SEMAPHORE WAITING
2016-10-03 16:57:04,369 pl.lodz.pl.concurrency.zad1.Semaphore INFO  - SEMAPHORE WAITING
2016-10-03 16:57:04,369 pl.lodz.pl.concurrency.zad1.Semaphore INFO  - SEMAPHORE WAITING
2016-10-03 16:57:04,369 pl.lodz.pl.concurrency.zad1.Semaphore INFO  - SEMAPHORE WAITING
2016-10-03 16:57:04,369 pl.lodz.pl.concurrency.zad1.Semaphore INFO  - SEMAPHORE WAITING
2016-10-03 16:57:04,369 pl.lodz.pl.concurrency.zad1.Semaphore INFO  - SEMAPHORE WAITING
2016-10-03 16:57:04,370 pl.lodz.pl.concurrency.zad1.Semaphore INFO  - SEMAPHORE WAITING
2016-10-03 16:57:04,370 pl.lodz.pl.concurrency.zad1.Semaphore INFO  - SEMAPHORE WAITING
2016-10-03 16:57:04,370 pl.lodz.pl.concurrency.zad1.Semaphore INFO  - SEMAPHORE WAITING
2016-10-03 16:57:04,370 pl.lodz.pl.concurrency.zad1.Semaphore INFO  - SEMAPHORE WAITING
2016-10-03 16:57:04,370 pl.lodz.pl.concurrency.zad1.Semaphore INFO  - SEMAPHORE WAITING
2016-10-03 16:57:04,370 pl.lodz.pl.concurrency.zad1.Semaphore INFO  - SEMAPHORE WAITING
2016-10-03 16:57:04,370 pl.lodz.pl.concurrency.zad1.Semaphore INFO  - SEMAPHORE WAITING
2016-10-03 16:57:04,370 pl.lodz.pl.concurrency.zad1.Semaphore INFO  - SEMAPHORE WAITING
2016-10-03 16:57:04,370 pl.lodz.pl.concurrency.zad1.Semaphore INFO  - SEMAPHORE WAITING
2016-10-03 16:57:04,370 pl.lodz.pl.concurrency.zad1.Semaphore INFO  - SEMAPHORE WAITING
2016-10-03 16:57:04,370 pl.lodz.pl.concurrency.zad1.Semaphore INFO  - SEMAPHORE WAITING
2016-10-03 16:57:04,370 pl.lodz.pl.concurrency.zad1.Semaphore INFO  - SEMAPHORE WAITING
2016-10-03 16:57:04,370 pl.lodz.pl.concurrency.zad1.Semaphore INFO  - SEMAPHORE WAITING
2016-10-03 16:57:04,371 pl.lodz.pl.concurrency.zad1.Semaphore INFO  - SEMAPHORE WAITING
2016-10-03 16:57:04,371 pl.lodz.pl.concurrency.zad1.Semaphore INFO  - SEMAPHORE WAITING
2016-10-03 16:57:04,371 pl.lodz.pl.concurrency.zad1.Semaphore INFO  - SEMAPHORE WAITING
2016-10-03 16:57:04,371 pl.lodz.pl.concurrency.zad1.Semaphore INFO  - SEMAPHORE WAITING
2016-10-03 16:57:04,371 pl.lodz.pl.concurrency.zad1.Semaphore INFO  - SEMAPHORE WAITING
2016-10-03 16:57:04,371 pl.lodz.pl.concurrency.zad1.Semaphore INFO  - SEMAPHORE WAITING
2016-10-03 16:57:04,371 pl.lodz.pl.concurrency.zad1.Semaphore INFO  - SEMAPHORE WAITING
2016-10-03 16:57:04,371 pl.lodz.pl.concurrency.zad1.Semaphore INFO  - SEMAPHORE WAITING
2016-10-03 16:57:04,371 pl.lodz.pl.concurrency.zad1.Semaphore INFO  - SEMAPHORE WAITING
2016-10-03 16:57:04,371 pl.lodz.pl.concurrency.zad1.Semaphore INFO  - SEMAPHORE WAITING
2016-10-03 16:57:04,371 pl.lodz.pl.concurrency.zad1.Semaphore INFO  - SEMAPHORE WAITING
2016-10-03 16:57:04,371 pl.lodz.pl.concurrency.zad1.Semaphore INFO  - SEMAPHORE WAITING
2016-10-03 16:57:04,371 pl.lodz.pl.concurrency.zad1.Semaphore INFO  - SEMAPHORE WAITING
2016-10-03 16:57:04,372 pl.lodz.pl.concurrency.zad1.Semaphore INFO  - SEMAPHORE WAITING
2016-10-03 16:57:04,372 pl.lodz.pl.concurrency.zad1.Semaphore INFO  - SEMAPHORE WAITING
2016-10-03 16:57:04,372 pl.lodz.pl.concurrency.zad1.Semaphore INFO  - SEMAPHORE WAITING
2016-10-03 16:57:04,372 pl.lodz.pl.concurrency.zad1.Semaphore INFO  - SEMAPHORE WAITING
2016-10-03 16:57:04,372 pl.lodz.pl.concurrency.zad1.Semaphore INFO  - SEMAPHORE WAITING
2016-10-03 16:57:04,372 pl.lodz.pl.concurrency.zad1.Semaphore INFO  - SEMAPHORE WAITING
2016-10-03 16:57:04,372 pl.lodz.pl.concurrency.zad1.Semaphore INFO  - SEMAPHORE WAITING
2016-10-03 16:57:04,372 pl.lodz.pl.concurrency.zad1.Semaphore INFO  - SEMAPHORE WAITING
2016-10-03 16:57:04,372 pl.lodz.pl.concurrency.zad1.Semaphore INFO  - SEMAPHORE WAITING
2016-10-03 16:57:04,372 pl.lodz.pl.concurrency.zad1.Semaphore INFO  - SEMAPHORE WAITING
2016-10-03 16:57:04,372 pl.lodz.pl.concurrency.zad1.Semaphore INFO  - SEMAPHORE WAITING
2016-10-03 16:57:04,372 pl.lodz.pl.concurrency.zad1.Semaphore INFO  - SEMAPHORE WAITING
2016-10-03 16:57:04,372 pl.lodz.pl.concurrency.zad1.Semaphore INFO  - SEMAPHORE WAITING
2016-10-03 16:57:04,373 pl.lodz.pl.concurrency.zad1.Semaphore INFO  - SEMAPHORE WAITING
2016-10-03 16:57:04,373 pl.lodz.pl.concurrency.zad1.Semaphore INFO  - SEMAPHORE WAITING
2016-10-03 16:57:04,373 pl.lodz.pl.concurrency.zad1.Semaphore INFO  - SEMAPHORE WAITING
2016-10-03 16:57:04,373 pl.lodz.pl.concurrency.zad1.Semaphore INFO  - SEMAPHORE WAITING
2016-10-03 16:57:04,373 pl.lodz.pl.concurrency.zad1.Semaphore INFO  - SEMAPHORE WAITING
2016-10-03 16:57:04,373 pl.lodz.pl.concurrency.zad1.Semaphore INFO  - SEMAPHORE WAITING
2016-10-03 16:57:04,373 pl.lodz.pl.concurrency.zad1.Semaphore INFO  - SEMAPHORE WAITING
2016-10-03 16:57:04,373 pl.lodz.pl.concurrency.zad1.Semaphore INFO  - SEMAPHORE WAITING
2016-10-03 16:57:04,373 pl.lodz.pl.concurrency.zad1.Semaphore INFO  - SEMAPHORE WAITING
2016-10-03 16:57:04,373 pl.lodz.pl.concurrency.zad1.Semaphore INFO  - SEMAPHORE WAITING
2016-10-03 16:57:04,373 pl.lodz.pl.concurrency.zad1.Semaphore INFO  - SEMAPHORE WAITING
2016-10-03 16:57:04,373 pl.lodz.pl.concurrency.zad1.Semaphore INFO  - SEMAPHORE WAITING
2016-10-03 16:57:04,373 pl.lodz.pl.concurrency.zad1.Semaphore INFO  - SEMAPHORE WAITING
2016-10-03 16:57:04,374 pl.lodz.pl.concurrency.zad1.Semaphore INFO  - SEMAPHORE WAITING
2016-10-03 16:57:04,374 pl.lodz.pl.concurrency.zad1.Semaphore INFO  - SEMAPHORE WAITING
2016-10-03 16:57:04,374 pl.lodz.pl.concurrency.zad1.Semaphore INFO  - SEMAPHORE WAITING
2016-10-03 16:57:04,374 pl.lodz.pl.concurrency.zad1.Semaphore INFO  - SEMAPHORE WAITING
2016-10-03 16:57:04,374 pl.lodz.pl.concurrency.zad1.Semaphore INFO  - SEMAPHORE WAITING
2016-10-03 16:57:04,374 pl.lodz.pl.concurrency.zad1.Semaphore INFO  - SEMAPHORE WAITING
2016-10-03 16:57:04,374 pl.lodz.pl.concurrency.zad1.Semaphore INFO  - SEMAPHORE WAITING
2016-10-03 16:57:04,374 pl.lodz.pl.concurrency.zad1.Semaphore INFO  - SEMAPHORE WAITING
2016-10-03 16:57:04,374 pl.lodz.pl.concurrency.zad1.Semaphore INFO  - SEMAPHORE WAITING
2016-10-03 16:57:04,374 pl.lodz.pl.concurrency.zad1.Semaphore INFO  - SEMAPHORE WAITING
2016-10-03 16:57:04,374 pl.lodz.pl.concurrency.zad1.Semaphore INFO  - SEMAPHORE WAITING
2016-10-03 16:57:04,374 pl.lodz.pl.concurrency.zad1.Semaphore INFO  - SEMAPHORE WAITING
2016-10-03 16:57:04,374 pl.lodz.pl.concurrency.zad1.Semaphore INFO  - SEMAPHORE WAITING
2016-10-03 16:57:04,374 pl.lodz.pl.concurrency.zad1.Semaphore INFO  - SEMAPHORE WAITING
2016-10-03 16:57:04,375 pl.lodz.pl.concurrency.zad1.Semaphore INFO  - SEMAPHORE WAITING
2016-10-03 16:57:04,375 pl.lodz.pl.concurrency.zad1.Semaphore INFO  - SEMAPHORE WAITING
2016-10-03 16:57:04,375 pl.lodz.pl.concurrency.zad1.Semaphore INFO  - SEMAPHORE WAITING
2016-10-03 16:57:04,375 pl.lodz.pl.concurrency.zad1.Semaphore INFO  - SEMAPHORE WAITING
2016-10-03 16:57:04,375 pl.lodz.pl.concurrency.zad1.Semaphore INFO  - SEMAPHORE WAITING
2016-10-03 16:57:04,375 pl.lodz.pl.concurrency.zad1.Semaphore INFO  - SEMAPHORE WAITING
2016-10-03 16:57:04,375 pl.lodz.pl.concurrency.zad1.Semaphore INFO  - SEMAPHORE WAITING
2016-10-03 16:57:04,375 pl.lodz.pl.concurrency.zad1.Semaphore INFO  - SEMAPHORE WAITING
2016-10-03 16:57:04,375 pl.lodz.pl.concurrency.zad1.Semaphore INFO  - SEMAPHORE WAITING
2016-10-03 16:57:04,375 pl.lodz.pl.concurrency.zad1.Semaphore INFO  - SEMAPHORE WAITING
2016-10-03 16:57:04,375 pl.lodz.pl.concurrency.zad1.Semaphore INFO  - SEMAPHORE WAITING
2016-10-03 16:57:04,375 pl.lodz.pl.concurrency.zad1.Semaphore INFO  - SEMAPHORE WAITING
2016-10-03 16:57:04,375 pl.lodz.pl.concurrency.zad1.Semaphore INFO  - SEMAPHORE WAITING
2016-10-03 16:57:04,375 pl.lodz.pl.concurrency.zad1.Semaphore INFO  - SEMAPHORE WAITING
2016-10-03 16:57:04,376 pl.lodz.pl.concurrency.zad1.Semaphore INFO  - SEMAPHORE WAITING
2016-10-03 16:57:04,376 pl.lodz.pl.concurrency.zad1.Semaphore INFO  - SEMAPHORE WAITING
2016-10-03 16:57:04,376 pl.lodz.pl.concurrency.zad1.Semaphore INFO  - SEMAPHORE WAITING
2016-10-03 16:57:04,376 pl.lodz.pl.concurrency.zad1.Semaphore INFO  - SEMAPHORE WAITING
2016-10-03 16:57:04,376 pl.lodz.pl.concurrency.zad1.Semaphore INFO  - SEMAPHORE WAITING
2016-10-03 16:57:04,376 pl.lodz.pl.concurrency.zad1.Semaphore INFO  - SEMAPHORE WAITING
2016-10-03 16:57:04,376 pl.lodz.pl.concurrency.zad1.Semaphore INFO  - SEMAPHORE WAITING
2016-10-03 16:57:04,376 pl.lodz.pl.concurrency.zad1.Semaphore INFO  - SEMAPHORE WAITING
2016-10-03 16:57:04,376 pl.lodz.pl.concurrency.zad1.Semaphore INFO  - SEMAPHORE WAITING
2016-10-03 16:57:04,376 pl.lodz.pl.concurrency.zad1.HighSet INFO  - SEMAPHORE ACQUIRED
2016-10-03 16:57:04,376 pl.lodz.pl.concurrency.zad1.HighSet INFO  - ADDING LOWEST NUMBER TO LOWERSET
2016-10-03 16:57:04,376 pl.lodz.pl.concurrency.zad1.LowerSet INFO  - SEMAPHORE RELEASED
2016-10-03 16:57:04,377 pl.lodz.pl.concurrency.zad1.Semaphore INFO  - SEMAPHORE WAITING
2016-10-03 16:57:04,377 pl.lodz.pl.concurrency.zad1.Semaphore INFO  - SEMAPHORE WAITING
2016-10-03 16:57:04,377 pl.lodz.pl.concurrency.zad1.Semaphore INFO  - SEMAPHORE WAITING
2016-10-03 16:57:04,377 pl.lodz.pl.concurrency.zad1.Semaphore INFO  - SEMAPHORE WAITING
2016-10-03 16:57:04,377 pl.lodz.pl.concurrency.zad1.Semaphore INFO  - SEMAPHORE WAITING
2016-10-03 16:57:04,377 pl.lodz.pl.concurrency.zad1.Semaphore INFO  - SEMAPHORE WAITING
2016-10-03 16:57:04,377 pl.lodz.pl.concurrency.zad1.Semaphore INFO  - SEMAPHORE WAITING
2016-10-03 16:57:04,377 pl.lodz.pl.concurrency.zad1.Semaphore INFO  - SEMAPHORE WAITING
2016-10-03 16:57:04,377 pl.lodz.pl.concurrency.zad1.Semaphore INFO  - SEMAPHORE WAITING
2016-10-03 16:57:04,377 pl.lodz.pl.concurrency.zad1.Semaphore INFO  - SEMAPHORE WAITING
2016-10-03 16:57:04,377 pl.lodz.pl.concurrency.zad1.Semaphore INFO  - SEMAPHORE WAITING
2016-10-03 16:57:04,378 pl.lodz.pl.concurrency.zad1.Semaphore INFO  - SEMAPHORE WAITING
2016-10-03 16:57:04,378 pl.lodz.pl.concurrency.zad1.Semaphore INFO  - SEMAPHORE WAITING
2016-10-03 16:57:04,378 pl.lodz.pl.concurrency.zad1.Semaphore INFO  - SEMAPHORE WAITING
2016-10-03 16:57:04,378 pl.lodz.pl.concurrency.zad1.Semaphore INFO  - SEMAPHORE WAITING
2016-10-03 16:57:04,378 pl.lodz.pl.concurrency.zad1.Semaphore INFO  - SEMAPHORE WAITING
2016-10-03 16:57:04,378 pl.lodz.pl.concurrency.zad1.Semaphore INFO  - SEMAPHORE WAITING
2016-10-03 16:57:04,378 pl.lodz.pl.concurrency.zad1.Semaphore INFO  - SEMAPHORE WAITING
2016-10-03 16:57:04,378 pl.lodz.pl.concurrency.zad1.Semaphore INFO  - SEMAPHORE WAITING
2016-10-03 16:57:04,378 pl.lodz.pl.concurrency.zad1.Semaphore INFO  - SEMAPHORE WAITING
2016-10-03 16:57:04,378 pl.lodz.pl.concurrency.zad1.Semaphore INFO  - SEMAPHORE WAITING
2016-10-03 16:57:04,378 pl.lodz.pl.concurrency.zad1.Semaphore INFO  - SEMAPHORE WAITING
2016-10-03 16:57:04,378 pl.lodz.pl.concurrency.zad1.Semaphore INFO  - SEMAPHORE WAITING
2016-10-03 16:57:04,378 pl.lodz.pl.concurrency.zad1.Semaphore INFO  - SEMAPHORE WAITING
2016-10-03 16:57:04,378 pl.lodz.pl.concurrency.zad1.Semaphore INFO  - SEMAPHORE WAITING
2016-10-03 16:57:04,379 pl.lodz.pl.concurrency.zad1.Semaphore INFO  - SEMAPHORE WAITING
2016-10-03 16:57:04,379 pl.lodz.pl.concurrency.zad1.Semaphore INFO  - SEMAPHORE WAITING
2016-10-03 16:57:04,379 pl.lodz.pl.concurrency.zad1.Semaphore INFO  - SEMAPHORE WAITING
2016-10-03 16:57:04,379 pl.lodz.pl.concurrency.zad1.Semaphore INFO  - SEMAPHORE WAITING
2016-10-03 16:57:04,379 pl.lodz.pl.concurrency.zad1.Semaphore INFO  - SEMAPHORE WAITING
2016-10-03 16:57:04,379 pl.lodz.pl.concurrency.zad1.Semaphore INFO  - SEMAPHORE WAITING
2016-10-03 16:57:04,379 pl.lodz.pl.concurrency.zad1.Semaphore INFO  - SEMAPHORE WAITING
2016-10-03 16:57:04,379 pl.lodz.pl.concurrency.zad1.Semaphore INFO  - SEMAPHORE WAITING
2016-10-03 16:57:04,379 pl.lodz.pl.concurrency.zad1.Semaphore INFO  - SEMAPHORE WAITING
2016-10-03 16:57:04,379 pl.lodz.pl.concurrency.zad1.Semaphore INFO  - SEMAPHORE WAITING
2016-10-03 16:57:04,379 pl.lodz.pl.concurrency.zad1.Semaphore INFO  - SEMAPHORE WAITING
2016-10-03 16:57:04,379 pl.lodz.pl.concurrency.zad1.Semaphore INFO  - SEMAPHORE WAITING
2016-10-03 16:57:04,380 pl.lodz.pl.concurrency.zad1.Semaphore INFO  - SEMAPHORE WAITING
2016-10-03 16:57:04,380 pl.lodz.pl.concurrency.zad1.Semaphore INFO  - SEMAPHORE WAITING
2016-10-03 16:57:04,380 pl.lodz.pl.concurrency.zad1.Semaphore INFO  - SEMAPHORE WAITING
2016-10-03 16:57:04,380 pl.lodz.pl.concurrency.zad1.Semaphore INFO  - SEMAPHORE WAITING
2016-10-03 16:57:04,380 pl.lodz.pl.concurrency.zad1.Semaphore INFO  - SEMAPHORE WAITING
2016-10-03 16:57:04,380 pl.lodz.pl.concurrency.zad1.Semaphore INFO  - SEMAPHORE WAITING
2016-10-03 16:57:04,380 pl.lodz.pl.concurrency.zad1.Semaphore INFO  - SEMAPHORE WAITING
2016-10-03 16:57:04,380 pl.lodz.pl.concurrency.zad1.Semaphore INFO  - SEMAPHORE WAITING
2016-10-03 16:57:04,380 pl.lodz.pl.concurrency.zad1.Semaphore INFO  - SEMAPHORE WAITING
2016-10-03 16:57:04,380 pl.lodz.pl.concurrency.zad1.Semaphore INFO  - SEMAPHORE WAITING
2016-10-03 16:57:04,380 pl.lodz.pl.concurrency.zad1.Semaphore INFO  - SEMAPHORE WAITING
2016-10-03 16:57:04,380 pl.lodz.pl.concurrency.zad1.Semaphore INFO  - SEMAPHORE WAITING
2016-10-03 16:57:04,380 pl.lodz.pl.concurrency.zad1.Semaphore INFO  - SEMAPHORE WAITING
2016-10-03 16:57:04,381 pl.lodz.pl.concurrency.zad1.Semaphore INFO  - SEMAPHORE WAITING
2016-10-03 16:57:04,381 pl.lodz.pl.concurrency.zad1.Semaphore INFO  - SEMAPHORE WAITING
2016-10-03 16:57:04,381 pl.lodz.pl.concurrency.zad1.Semaphore INFO  - SEMAPHORE WAITING
2016-10-03 16:57:04,381 pl.lodz.pl.concurrency.zad1.Semaphore INFO  - SEMAPHORE WAITING
2016-10-03 16:57:04,381 pl.lodz.pl.concurrency.zad1.Semaphore INFO  - SEMAPHORE WAITING
2016-10-03 16:57:04,381 pl.lodz.pl.concurrency.zad1.Semaphore INFO  - SEMAPHORE WAITING
2016-10-03 16:57:04,381 pl.lodz.pl.concurrency.zad1.Semaphore INFO  - SEMAPHORE WAITING
2016-10-03 16:57:04,381 pl.lodz.pl.concurrency.zad1.Semaphore INFO  - SEMAPHORE WAITING
2016-10-03 16:57:04,381 pl.lodz.pl.concurrency.zad1.Semaphore INFO  - SEMAPHORE WAITING
2016-10-03 16:57:04,381 pl.lodz.pl.concurrency.zad1.Semaphore INFO  - SEMAPHORE WAITING
2016-10-03 16:57:04,381 pl.lodz.pl.concurrency.zad1.Semaphore INFO  - SEMAPHORE WAITING
2016-10-03 16:57:04,381 pl.lodz.pl.concurrency.zad1.Semaphore INFO  - SEMAPHORE WAITING
2016-10-03 16:57:04,381 pl.lodz.pl.concurrency.zad1.Semaphore INFO  - SEMAPHORE WAITING
2016-10-03 16:57:04,382 pl.lodz.pl.concurrency.zad1.Semaphore INFO  - SEMAPHORE WAITING
2016-10-03 16:57:04,382 pl.lodz.pl.concurrency.zad1.Semaphore INFO  - SEMAPHORE WAITING
2016-10-03 16:57:04,382 pl.lodz.pl.concurrency.zad1.Semaphore INFO  - SEMAPHORE WAITING
2016-10-03 16:57:04,382 pl.lodz.pl.concurrency.zad1.Semaphore INFO  - SEMAPHORE WAITING
2016-10-03 16:57:04,382 pl.lodz.pl.concurrency.zad1.Semaphore INFO  - SEMAPHORE WAITING
2016-10-03 16:57:04,382 pl.lodz.pl.concurrency.zad1.Semaphore INFO  - SEMAPHORE WAITING
2016-10-03 16:57:04,382 pl.lodz.pl.concurrency.zad1.Semaphore INFO  - SEMAPHORE WAITING
2016-10-03 16:57:04,382 pl.lodz.pl.concurrency.zad1.Semaphore INFO  - SEMAPHORE WAITING
2016-10-03 16:57:04,382 pl.lodz.pl.concurrency.zad1.Semaphore INFO  - SEMAPHORE WAITING
2016-10-03 16:57:04,382 pl.lodz.pl.concurrency.zad1.Semaphore INFO  - SEMAPHORE WAITING
2016-10-03 16:57:04,382 pl.lodz.pl.concurrency.zad1.Semaphore INFO  - SEMAPHORE WAITING
2016-10-03 16:57:04,382 pl.lodz.pl.concurrency.zad1.Semaphore INFO  - SEMAPHORE WAITING
2016-10-03 16:57:04,382 pl.lodz.pl.concurrency.zad1.Semaphore INFO  - SEMAPHORE WAITING
2016-10-03 16:57:04,383 pl.lodz.pl.concurrency.zad1.Semaphore INFO  - SEMAPHORE WAITING
2016-10-03 16:57:04,383 pl.lodz.pl.concurrency.zad1.Semaphore INFO  - SEMAPHORE WAITING
2016-10-03 16:57:04,383 pl.lodz.pl.concurrency.zad1.Semaphore INFO  - SEMAPHORE WAITING
2016-10-03 16:57:04,383 pl.lodz.pl.concurrency.zad1.Semaphore INFO  - SEMAPHORE WAITING
2016-10-03 16:57:04,383 pl.lodz.pl.concurrency.zad1.Semaphore INFO  - SEMAPHORE WAITING
2016-10-03 16:57:04,383 pl.lodz.pl.concurrency.zad1.Semaphore INFO  - SEMAPHORE WAITING
2016-10-03 16:57:04,383 pl.lodz.pl.concurrency.zad1.Semaphore INFO  - SEMAPHORE WAITING
2016-10-03 16:57:04,383 pl.lodz.pl.concurrency.zad1.Semaphore INFO  - SEMAPHORE WAITING
2016-10-03 16:57:04,383 pl.lodz.pl.concurrency.zad1.Semaphore INFO  - SEMAPHORE WAITING
2016-10-03 16:57:04,383 pl.lodz.pl.concurrency.zad1.Semaphore INFO  - SEMAPHORE WAITING
2016-10-03 16:57:04,383 pl.lodz.pl.concurrency.zad1.Semaphore INFO  - SEMAPHORE WAITING
2016-10-03 16:57:04,383 pl.lodz.pl.concurrency.zad1.Semaphore INFO  - SEMAPHORE WAITING
2016-10-03 16:57:04,383 pl.lodz.pl.concurrency.zad1.Semaphore INFO  - SEMAPHORE WAITING
2016-10-03 16:57:04,383 pl.lodz.pl.concurrency.zad1.Semaphore INFO  - SEMAPHORE WAITING
2016-10-03 16:57:04,384 pl.lodz.pl.concurrency.zad1.Semaphore INFO  - SEMAPHORE WAITING
2016-10-03 16:57:04,384 pl.lodz.pl.concurrency.zad1.Semaphore INFO  - SEMAPHORE WAITING
2016-10-03 16:57:04,384 pl.lodz.pl.concurrency.zad1.Semaphore INFO  - SEMAPHORE WAITING
2016-10-03 16:57:04,384 pl.lodz.pl.concurrency.zad1.Semaphore INFO  - SEMAPHORE WAITING
2016-10-03 16:57:04,384 pl.lodz.pl.concurrency.zad1.Semaphore INFO  - SEMAPHORE WAITING
2016-10-03 16:57:04,384 pl.lodz.pl.concurrency.zad1.Semaphore INFO  - SEMAPHORE WAITING
2016-10-03 16:57:04,384 pl.lodz.pl.concurrency.zad1.Semaphore INFO  - SEMAPHORE WAITING
2016-10-03 16:57:04,384 pl.lodz.pl.concurrency.zad1.Semaphore INFO  - SEMAPHORE WAITING
2016-10-03 16:57:04,384 pl.lodz.pl.concurrency.zad1.Semaphore INFO  - SEMAPHORE WAITING
2016-10-03 16:57:04,384 pl.lodz.pl.concurrency.zad1.Semaphore INFO  - SEMAPHORE WAITING
2016-10-03 16:57:04,384 pl.lodz.pl.concurrency.zad1.Semaphore INFO  - SEMAPHORE WAITING
2016-10-03 16:57:04,384 pl.lodz.pl.concurrency.zad1.Semaphore INFO  - SEMAPHORE WAITING
2016-10-03 16:57:04,385 pl.lodz.pl.concurrency.zad1.Semaphore INFO  - SEMAPHORE WAITING
2016-10-03 16:57:04,385 pl.lodz.pl.concurrency.zad1.Semaphore INFO  - SEMAPHORE WAITING
2016-10-03 16:57:04,385 pl.lodz.pl.concurrency.zad1.Semaphore INFO  - SEMAPHORE WAITING
2016-10-03 16:57:04,385 pl.lodz.pl.concurrency.zad1.Semaphore INFO  - SEMAPHORE WAITING
2016-10-03 16:57:04,385 pl.lodz.pl.concurrency.zad1.Semaphore INFO  - SEMAPHORE WAITING
2016-10-03 16:57:04,385 pl.lodz.pl.concurrency.zad1.Semaphore INFO  - SEMAPHORE WAITING
2016-10-03 16:57:04,385 pl.lodz.pl.concurrency.zad1.Semaphore INFO  - SEMAPHORE WAITING
2016-10-03 16:57:04,385 pl.lodz.pl.concurrency.zad1.Semaphore INFO  - SEMAPHORE WAITING
2016-10-03 16:57:04,385 pl.lodz.pl.concurrency.zad1.Semaphore INFO  - SEMAPHORE WAITING
2016-10-03 16:57:04,385 pl.lodz.pl.concurrency.zad1.Semaphore INFO  - SEMAPHORE WAITING
2016-10-03 16:57:04,385 pl.lodz.pl.concurrency.zad1.Semaphore INFO  - SEMAPHORE WAITING
2016-10-03 16:57:04,385 pl.lodz.pl.concurrency.zad1.Semaphore INFO  - SEMAPHORE WAITING
2016-10-03 16:57:04,385 pl.lodz.pl.concurrency.zad1.Semaphore INFO  - SEMAPHORE WAITING
2016-10-03 16:57:04,386 pl.lodz.pl.concurrency.zad1.Semaphore INFO  - SEMAPHORE WAITING
2016-10-03 16:57:04,386 pl.lodz.pl.concurrency.zad1.HighSet INFO  - SEMAPHORE RELEASED
2016-10-03 16:57:04,386 pl.lodz.pl.concurrency.zad1.HighSet INFO  - SEMAPHORE ACQUIRED
2016-10-03 16:57:04,387 pl.lodz.pl.concurrency.zad1.HighSet INFO  - SEMAPHORE RELEASED
2016-10-03 16:57:04,387 pl.lodz.pl.concurrency.zad1.LowerSet INFO  - SEMAPHORE ACQUIRED
2016-10-03 16:57:04,387 pl.lodz.pl.concurrency.zad1.LowerSet INFO  - SEMAPHORE RELEASED
2016-10-03 16:57:04,387 pl.lodz.pl.concurrency.zad1.App INFO  - [0, 1, 2, 3, 4, 5, 6, 7, 8, 9, 10, 11, 12, 13, 14, 15, 16, 17, 18, 19, 20, 21, 22, 23, 24, 25, 26, 27, 28, 29, 30, 31, 32, 33, 34, 35, 36, 37, 38, 39]
2016-10-03 16:57:04,387 pl.lodz.pl.concurrency.zad1.App INFO  - [40, 41, 42, 43, 44, 45, 46, 47, 48, 49, 50, 51, 52, 53, 54, 55, 56, 57, 58, 59, 60, 61, 62, 63, 64, 65, 66, 67, 68, 69, 70, 71, 72, 73, 74, 75, 76, 77, 78, 79, 80, 81, 82, 83, 84, 85, 86, 87, 88, 89, 90, 91, 92, 93, 94, 95, 96, 97, 98, 99]
