2016-10-14 23:37:59,223 pl.lodz.pl.concurrency.ConcurrentBanker.App INFO  - Starting program
2016-10-14 23:37:59,225 pl.lodz.pl.concurrency.ConcurrentBanker.App INFO  - Clients: 5 Banker's max capital: 1000 Client's loan operation limit: 5
2016-10-14 23:37:59,227 pl.lodz.pl.concurrency.ConcurrentBanker.Banker INFO  - Bank capital before client came: 1000 florens.
2016-10-14 23:37:59,227 pl.lodz.pl.concurrency.ConcurrentBanker.Banker INFO  - Client 0 entered the bank
2016-10-14 23:37:59,228 pl.lodz.pl.concurrency.ConcurrentBanker.Banker INFO  - Client wants to take a loan: 926
2016-10-14 23:37:59,230 pl.lodz.pl.concurrency.ConcurrentBanker.Banker INFO  - Accepted
2016-10-14 23:37:59,230 pl.lodz.pl.concurrency.ConcurrentBanker.Banker INFO  - Bank capital after operation: 74 florens.

2016-10-14 23:37:59,230 pl.lodz.pl.concurrency.ConcurrentBanker.Banker INFO  - Bank capital before client came: 74 florens.
2016-10-14 23:37:59,230 pl.lodz.pl.concurrency.ConcurrentBanker.Banker INFO  - Client 1 entered the bank
2016-10-14 23:37:59,230 pl.lodz.pl.concurrency.ConcurrentBanker.Banker INFO  - Client wants to take a loan: 91
2016-10-14 23:37:59,231 pl.lodz.pl.concurrency.ConcurrentBanker.Banker INFO  - Rejected
2016-10-14 23:37:59,231 pl.lodz.pl.concurrency.ConcurrentBanker.Banker INFO  - Bank capital after operation: 74 florens.

2016-10-14 23:37:59,231 pl.lodz.pl.concurrency.ConcurrentBanker.Banker INFO  - Bank capital before client came: 74 florens.
2016-10-14 23:37:59,231 pl.lodz.pl.concurrency.ConcurrentBanker.Banker INFO  - Client 2 entered the bank
2016-10-14 23:37:59,231 pl.lodz.pl.concurrency.ConcurrentBanker.Banker INFO  - Client wants to take a loan: 669
2016-10-14 23:37:59,231 pl.lodz.pl.concurrency.ConcurrentBanker.Banker INFO  - Rejected
2016-10-14 23:37:59,233 pl.lodz.pl.concurrency.ConcurrentBanker.Banker INFO  - Bank capital after operation: 74 florens.

2016-10-14 23:37:59,233 pl.lodz.pl.concurrency.ConcurrentBanker.Banker INFO  - Bank capital before client came: 74 florens.
2016-10-14 23:37:59,233 pl.lodz.pl.concurrency.ConcurrentBanker.Banker INFO  - Client 4 entered the bank
2016-10-14 23:37:59,233 pl.lodz.pl.concurrency.ConcurrentBanker.Banker INFO  - Client wants to take a loan: 166
2016-10-14 23:37:59,233 pl.lodz.pl.concurrency.ConcurrentBanker.Banker INFO  - Rejected
2016-10-14 23:37:59,233 pl.lodz.pl.concurrency.ConcurrentBanker.Banker INFO  - Bank capital after operation: 74 florens.

2016-10-14 23:37:59,234 pl.lodz.pl.concurrency.ConcurrentBanker.Banker INFO  - Bank capital before client came: 74 florens.
2016-10-14 23:37:59,234 pl.lodz.pl.concurrency.ConcurrentBanker.Banker INFO  - Client 3 entered the bank
2016-10-14 23:37:59,234 pl.lodz.pl.concurrency.ConcurrentBanker.Banker INFO  - Client wants to take a loan: 671
2016-10-14 23:37:59,234 pl.lodz.pl.concurrency.ConcurrentBanker.Banker INFO  - Rejected
2016-10-14 23:37:59,235 pl.lodz.pl.concurrency.ConcurrentBanker.Banker INFO  - Bank capital after operation: 74 florens.

2016-10-14 23:37:59,257 pl.lodz.pl.concurrency.ConcurrentBanker.Banker INFO  - Bank capital before client came: 74 florens.
2016-10-14 23:37:59,257 pl.lodz.pl.concurrency.ConcurrentBanker.Banker INFO  - Client 0 entered the bank
2016-10-14 23:37:59,258 pl.lodz.pl.concurrency.ConcurrentBanker.Banker INFO  - Client with id 0 wants to give back 926
2016-10-14 23:37:59,258 pl.lodz.pl.concurrency.ConcurrentBanker.Banker INFO  - Bank capital after operation: 1000 florens.

2016-10-14 23:37:59,415 pl.lodz.pl.concurrency.ConcurrentBanker.Banker INFO  - Bank capital before client came: 1000 florens.
2016-10-14 23:37:59,415 pl.lodz.pl.concurrency.ConcurrentBanker.Banker INFO  - Client 1 entered the bank
2016-10-14 23:37:59,415 pl.lodz.pl.concurrency.ConcurrentBanker.Banker INFO  - Client wants to take a loan: 91
2016-10-14 23:37:59,416 pl.lodz.pl.concurrency.ConcurrentBanker.Banker INFO  - Accepted
2016-10-14 23:37:59,416 pl.lodz.pl.concurrency.ConcurrentBanker.Banker INFO  - Bank capital after operation: 909 florens.

2016-10-14 23:37:59,515 pl.lodz.pl.concurrency.ConcurrentBanker.Banker INFO  - Bank capital before client came: 909 florens.
2016-10-14 23:37:59,515 pl.lodz.pl.concurrency.ConcurrentBanker.Banker INFO  - Client 2 entered the bank
2016-10-14 23:37:59,515 pl.lodz.pl.concurrency.ConcurrentBanker.Banker INFO  - Client wants to take a loan: 669
2016-10-14 23:37:59,515 pl.lodz.pl.concurrency.ConcurrentBanker.Banker INFO  - Accepted
2016-10-14 23:37:59,516 pl.lodz.pl.concurrency.ConcurrentBanker.Banker INFO  - Bank capital after operation: 240 florens.

2016-10-14 23:37:59,517 pl.lodz.pl.concurrency.ConcurrentBanker.Banker INFO  - Bank capital before client came: 240 florens.
2016-10-14 23:37:59,517 pl.lodz.pl.concurrency.ConcurrentBanker.Banker INFO  - Client 0 entered the bank
2016-10-14 23:37:59,517 pl.lodz.pl.concurrency.ConcurrentBanker.Banker INFO  - Client wants to take a loan: 991
2016-10-14 23:37:59,517 pl.lodz.pl.concurrency.ConcurrentBanker.Banker INFO  - Rejected
2016-10-14 23:37:59,518 pl.lodz.pl.concurrency.ConcurrentBanker.Banker INFO  - Bank capital after operation: 240 florens.

2016-10-14 23:37:59,533 pl.lodz.pl.concurrency.ConcurrentBanker.Banker INFO  - Bank capital before client came: 240 florens.
2016-10-14 23:37:59,533 pl.lodz.pl.concurrency.ConcurrentBanker.Banker INFO  - Client 1 entered the bank
2016-10-14 23:37:59,533 pl.lodz.pl.concurrency.ConcurrentBanker.Banker INFO  - Client with id 1 wants to give back 91
2016-10-14 23:37:59,534 pl.lodz.pl.concurrency.ConcurrentBanker.Banker INFO  - Bank capital after operation: 331 florens.

2016-10-14 23:37:59,552 pl.lodz.pl.concurrency.ConcurrentBanker.Banker INFO  - Bank capital before client came: 331 florens.
2016-10-14 23:37:59,552 pl.lodz.pl.concurrency.ConcurrentBanker.Banker INFO  - Client 0 entered the bank
2016-10-14 23:37:59,552 pl.lodz.pl.concurrency.ConcurrentBanker.Banker INFO  - Client wants to take a loan: 991
2016-10-14 23:37:59,552 pl.lodz.pl.concurrency.ConcurrentBanker.Banker INFO  - Rejected
2016-10-14 23:37:59,552 pl.lodz.pl.concurrency.ConcurrentBanker.Banker INFO  - Bank capital after operation: 331 florens.

2016-10-14 23:37:59,568 pl.lodz.pl.concurrency.ConcurrentBanker.Banker INFO  - Bank capital before client came: 331 florens.
2016-10-14 23:37:59,568 pl.lodz.pl.concurrency.ConcurrentBanker.Banker INFO  - Client 0 entered the bank
2016-10-14 23:37:59,568 pl.lodz.pl.concurrency.ConcurrentBanker.Banker INFO  - Client wants to take a loan: 991
2016-10-14 23:37:59,568 pl.lodz.pl.concurrency.ConcurrentBanker.Banker INFO  - Rejected
2016-10-14 23:37:59,568 pl.lodz.pl.concurrency.ConcurrentBanker.Banker INFO  - Bank capital after operation: 331 florens.

2016-10-14 23:37:59,603 pl.lodz.pl.concurrency.ConcurrentBanker.Banker INFO  - Bank capital before client came: 331 florens.
2016-10-14 23:37:59,603 pl.lodz.pl.concurrency.ConcurrentBanker.Banker INFO  - Client 4 entered the bank
2016-10-14 23:37:59,603 pl.lodz.pl.concurrency.ConcurrentBanker.Banker INFO  - Client wants to take a loan: 166
2016-10-14 23:37:59,604 pl.lodz.pl.concurrency.ConcurrentBanker.Banker INFO  - Accepted
2016-10-14 23:37:59,604 pl.lodz.pl.concurrency.ConcurrentBanker.Banker INFO  - Bank capital after operation: 165 florens.

2016-10-14 23:37:59,711 pl.lodz.pl.concurrency.ConcurrentBanker.Banker INFO  - Bank capital before client came: 165 florens.
2016-10-14 23:37:59,711 pl.lodz.pl.concurrency.ConcurrentBanker.Banker INFO  - Client 3 entered the bank
2016-10-14 23:37:59,711 pl.lodz.pl.concurrency.ConcurrentBanker.Banker INFO  - Client wants to take a loan: 671
2016-10-14 23:37:59,711 pl.lodz.pl.concurrency.ConcurrentBanker.Banker INFO  - Rejected
2016-10-14 23:37:59,711 pl.lodz.pl.concurrency.ConcurrentBanker.Banker INFO  - Bank capital after operation: 165 florens.

2016-10-14 23:37:59,775 pl.lodz.pl.concurrency.ConcurrentBanker.Banker INFO  - Bank capital before client came: 165 florens.
2016-10-14 23:37:59,776 pl.lodz.pl.concurrency.ConcurrentBanker.Banker INFO  - Client 4 entered the bank
2016-10-14 23:37:59,776 pl.lodz.pl.concurrency.ConcurrentBanker.Banker INFO  - Client with id 4 wants to give back 166
2016-10-14 23:37:59,776 pl.lodz.pl.concurrency.ConcurrentBanker.Banker INFO  - Bank capital after operation: 331 florens.

2016-10-14 23:37:59,808 pl.lodz.pl.concurrency.ConcurrentBanker.Banker INFO  - Bank capital before client came: 331 florens.
2016-10-14 23:37:59,808 pl.lodz.pl.concurrency.ConcurrentBanker.Banker INFO  - Client 3 entered the bank
2016-10-14 23:37:59,808 pl.lodz.pl.concurrency.ConcurrentBanker.Banker INFO  - Client wants to take a loan: 671
2016-10-14 23:37:59,808 pl.lodz.pl.concurrency.ConcurrentBanker.Banker INFO  - Rejected
2016-10-14 23:37:59,808 pl.lodz.pl.concurrency.ConcurrentBanker.Banker INFO  - Bank capital after operation: 331 florens.

2016-10-14 23:37:59,871 pl.lodz.pl.concurrency.ConcurrentBanker.Banker INFO  - Bank capital before client came: 331 florens.
2016-10-14 23:37:59,871 pl.lodz.pl.concurrency.ConcurrentBanker.Banker INFO  - Client 2 entered the bank
2016-10-14 23:37:59,871 pl.lodz.pl.concurrency.ConcurrentBanker.Banker INFO  - Client with id 2 wants to give back 669
2016-10-14 23:37:59,871 pl.lodz.pl.concurrency.ConcurrentBanker.Banker INFO  - Bank capital after operation: 1000 florens.

2016-10-14 23:37:59,938 pl.lodz.pl.concurrency.ConcurrentBanker.Banker INFO  - Bank capital before client came: 1000 florens.
2016-10-14 23:37:59,938 pl.lodz.pl.concurrency.ConcurrentBanker.Banker INFO  - Client 2 entered the bank
2016-10-14 23:37:59,938 pl.lodz.pl.concurrency.ConcurrentBanker.Banker INFO  - Client wants to take a loan: 550
2016-10-14 23:37:59,938 pl.lodz.pl.concurrency.ConcurrentBanker.Banker INFO  - Accepted
2016-10-14 23:37:59,938 pl.lodz.pl.concurrency.ConcurrentBanker.Banker INFO  - Bank capital after operation: 450 florens.

2016-10-14 23:37:59,939 pl.lodz.pl.concurrency.ConcurrentBanker.Banker INFO  - Bank capital before client came: 450 florens.
2016-10-14 23:37:59,939 pl.lodz.pl.concurrency.ConcurrentBanker.Banker INFO  - Client 3 entered the bank
2016-10-14 23:37:59,939 pl.lodz.pl.concurrency.ConcurrentBanker.Banker INFO  - Client wants to take a loan: 671
2016-10-14 23:37:59,939 pl.lodz.pl.concurrency.ConcurrentBanker.Banker INFO  - Rejected
2016-10-14 23:37:59,939 pl.lodz.pl.concurrency.ConcurrentBanker.Banker INFO  - Bank capital after operation: 450 florens.

2016-10-14 23:37:59,984 pl.lodz.pl.concurrency.ConcurrentBanker.Banker INFO  - Bank capital before client came: 450 florens.
2016-10-14 23:37:59,984 pl.lodz.pl.concurrency.ConcurrentBanker.Banker INFO  - Client 1 entered the bank
2016-10-14 23:37:59,984 pl.lodz.pl.concurrency.ConcurrentBanker.Banker INFO  - Client wants to take a loan: 690
2016-10-14 23:37:59,984 pl.lodz.pl.concurrency.ConcurrentBanker.Banker INFO  - Rejected
2016-10-14 23:37:59,985 pl.lodz.pl.concurrency.ConcurrentBanker.Banker INFO  - Bank capital after operation: 450 florens.

2016-10-14 23:38:00,056 pl.lodz.pl.concurrency.ConcurrentBanker.Banker INFO  - Bank capital before client came: 450 florens.
2016-10-14 23:38:00,056 pl.lodz.pl.concurrency.ConcurrentBanker.Banker INFO  - Client 0 entered the bank
2016-10-14 23:38:00,056 pl.lodz.pl.concurrency.ConcurrentBanker.Banker INFO  - Client wants to take a loan: 991
2016-10-14 23:38:00,056 pl.lodz.pl.concurrency.ConcurrentBanker.Banker INFO  - Rejected
2016-10-14 23:38:00,056 pl.lodz.pl.concurrency.ConcurrentBanker.Banker INFO  - Bank capital after operation: 450 florens.

2016-10-14 23:38:00,101 pl.lodz.pl.concurrency.ConcurrentBanker.Banker INFO  - Bank capital before client came: 450 florens.
2016-10-14 23:38:00,101 pl.lodz.pl.concurrency.ConcurrentBanker.Banker INFO  - Client 2 entered the bank
2016-10-14 23:38:00,101 pl.lodz.pl.concurrency.ConcurrentBanker.Banker INFO  - Client with id 2 wants to give back 550
2016-10-14 23:38:00,101 pl.lodz.pl.concurrency.ConcurrentBanker.Banker INFO  - Bank capital after operation: 1000 florens.

2016-10-14 23:38:00,123 pl.lodz.pl.concurrency.ConcurrentBanker.Banker INFO  - Bank capital before client came: 1000 florens.
2016-10-14 23:38:00,123 pl.lodz.pl.concurrency.ConcurrentBanker.Banker INFO  - Client 4 entered the bank
2016-10-14 23:38:00,123 pl.lodz.pl.concurrency.ConcurrentBanker.Banker INFO  - Client wants to take a loan: 451
2016-10-14 23:38:00,123 pl.lodz.pl.concurrency.ConcurrentBanker.Banker INFO  - Accepted
2016-10-14 23:38:00,124 pl.lodz.pl.concurrency.ConcurrentBanker.Banker INFO  - Bank capital after operation: 549 florens.

2016-10-14 23:38:00,138 pl.lodz.pl.concurrency.ConcurrentBanker.Banker INFO  - Bank capital before client came: 549 florens.
2016-10-14 23:38:00,138 pl.lodz.pl.concurrency.ConcurrentBanker.Banker INFO  - Client 1 entered the bank
2016-10-14 23:38:00,138 pl.lodz.pl.concurrency.ConcurrentBanker.Banker INFO  - Client wants to take a loan: 690
2016-10-14 23:38:00,139 pl.lodz.pl.concurrency.ConcurrentBanker.Banker INFO  - Rejected
2016-10-14 23:38:00,139 pl.lodz.pl.concurrency.ConcurrentBanker.Banker INFO  - Bank capital after operation: 549 florens.

2016-10-14 23:38:00,161 pl.lodz.pl.concurrency.ConcurrentBanker.Banker INFO  - Bank capital before client came: 549 florens.
2016-10-14 23:38:00,162 pl.lodz.pl.concurrency.ConcurrentBanker.Banker INFO  - Client 0 entered the bank
2016-10-14 23:38:00,162 pl.lodz.pl.concurrency.ConcurrentBanker.Banker INFO  - Client wants to take a loan: 991
2016-10-14 23:38:00,162 pl.lodz.pl.concurrency.ConcurrentBanker.Banker INFO  - Rejected
2016-10-14 23:38:00,162 pl.lodz.pl.concurrency.ConcurrentBanker.Banker INFO  - Bank capital after operation: 549 florens.

2016-10-14 23:38:00,190 pl.lodz.pl.concurrency.ConcurrentBanker.Banker INFO  - Bank capital before client came: 549 florens.
2016-10-14 23:38:00,190 pl.lodz.pl.concurrency.ConcurrentBanker.Banker INFO  - Client 3 entered the bank
2016-10-14 23:38:00,191 pl.lodz.pl.concurrency.ConcurrentBanker.Banker INFO  - Cannot make the operation because bank is waiting for the money from client with id 0
2016-10-14 23:38:00,191 pl.lodz.pl.concurrency.ConcurrentBanker.Banker INFO  - Bank capital after operation: 549 florens.

2016-10-14 23:38:00,219 pl.lodz.pl.concurrency.ConcurrentBanker.Banker INFO  - Bank capital before client came: 549 florens.
2016-10-14 23:38:00,219 pl.lodz.pl.concurrency.ConcurrentBanker.Banker INFO  - Client 3 entered the bank
2016-10-14 23:38:00,220 pl.lodz.pl.concurrency.ConcurrentBanker.Banker INFO  - Cannot make the operation because bank is waiting for the money from client with id 0
2016-10-14 23:38:00,220 pl.lodz.pl.concurrency.ConcurrentBanker.Banker INFO  - Bank capital after operation: 549 florens.

2016-10-14 23:38:00,257 pl.lodz.pl.concurrency.ConcurrentBanker.Banker INFO  - Bank capital before client came: 549 florens.
2016-10-14 23:38:00,257 pl.lodz.pl.concurrency.ConcurrentBanker.Banker INFO  - Client 0 entered the bank
2016-10-14 23:38:00,257 pl.lodz.pl.concurrency.ConcurrentBanker.Banker INFO  - Client wants to take a loan: 991
2016-10-14 23:38:00,257 pl.lodz.pl.concurrency.ConcurrentBanker.Banker INFO  - Rejected
2016-10-14 23:38:00,258 pl.lodz.pl.concurrency.ConcurrentBanker.Banker INFO  - Bank capital after operation: 549 florens.

2016-10-14 23:38:00,311 pl.lodz.pl.concurrency.ConcurrentBanker.Banker INFO  - Bank capital before client came: 549 florens.
2016-10-14 23:38:00,311 pl.lodz.pl.concurrency.ConcurrentBanker.Banker INFO  - Client 0 entered the bank
2016-10-14 23:38:00,311 pl.lodz.pl.concurrency.ConcurrentBanker.Banker INFO  - Client wants to take a loan: 991
2016-10-14 23:38:00,311 pl.lodz.pl.concurrency.ConcurrentBanker.Banker INFO  - Rejected
2016-10-14 23:38:00,311 pl.lodz.pl.concurrency.ConcurrentBanker.Banker INFO  - Bank capital after operation: 549 florens.

2016-10-14 23:38:00,411 pl.lodz.pl.concurrency.ConcurrentBanker.Banker INFO  - Bank capital before client came: 549 florens.
2016-10-14 23:38:00,411 pl.lodz.pl.concurrency.ConcurrentBanker.Banker INFO  - Client 0 entered the bank
2016-10-14 23:38:00,411 pl.lodz.pl.concurrency.ConcurrentBanker.Banker INFO  - Client wants to take a loan: 991
2016-10-14 23:38:00,411 pl.lodz.pl.concurrency.ConcurrentBanker.Banker INFO  - Rejected
2016-10-14 23:38:00,411 pl.lodz.pl.concurrency.ConcurrentBanker.Banker INFO  - Bank capital after operation: 549 florens.

2016-10-14 23:38:00,468 pl.lodz.pl.concurrency.ConcurrentBanker.Banker INFO  - Bank capital before client came: 549 florens.
2016-10-14 23:38:00,469 pl.lodz.pl.concurrency.ConcurrentBanker.Banker INFO  - Client 2 entered the bank
2016-10-14 23:38:00,469 pl.lodz.pl.concurrency.ConcurrentBanker.Banker INFO  - Cannot make the operation because bank is waiting for the money from client with id 0
2016-10-14 23:38:00,469 pl.lodz.pl.concurrency.ConcurrentBanker.Banker INFO  - Bank capital after operation: 549 florens.

2016-10-14 23:38:00,513 pl.lodz.pl.concurrency.ConcurrentBanker.Banker INFO  - Bank capital before client came: 549 florens.
2016-10-14 23:38:00,513 pl.lodz.pl.concurrency.ConcurrentBanker.Banker INFO  - Client 1 entered the bank
2016-10-14 23:38:00,513 pl.lodz.pl.concurrency.ConcurrentBanker.Banker INFO  - Cannot make the operation because bank is waiting for the money from client with id 0
2016-10-14 23:38:00,513 pl.lodz.pl.concurrency.ConcurrentBanker.Banker INFO  - Bank capital after operation: 549 florens.

2016-10-14 23:38:00,537 pl.lodz.pl.concurrency.ConcurrentBanker.Banker INFO  - Bank capital before client came: 549 florens.
2016-10-14 23:38:00,537 pl.lodz.pl.concurrency.ConcurrentBanker.Banker INFO  - Client 4 entered the bank
2016-10-14 23:38:00,537 pl.lodz.pl.concurrency.ConcurrentBanker.Banker INFO  - Client with id 4 wants to give back 451
2016-10-14 23:38:00,537 pl.lodz.pl.concurrency.ConcurrentBanker.Banker INFO  - Bank capital after operation: 1000 florens.

2016-10-14 23:38:00,579 pl.lodz.pl.concurrency.ConcurrentBanker.Banker INFO  - Bank capital before client came: 1000 florens.
2016-10-14 23:38:00,579 pl.lodz.pl.concurrency.ConcurrentBanker.Banker INFO  - Client 2 entered the bank
2016-10-14 23:38:00,580 pl.lodz.pl.concurrency.ConcurrentBanker.Banker INFO  - Cannot make the operation because bank is waiting for the money from client with id 0
2016-10-14 23:38:00,580 pl.lodz.pl.concurrency.ConcurrentBanker.Banker INFO  - Bank capital after operation: 1000 florens.

2016-10-14 23:38:00,608 pl.lodz.pl.concurrency.ConcurrentBanker.Banker INFO  - Bank capital before client came: 1000 florens.
2016-10-14 23:38:00,609 pl.lodz.pl.concurrency.ConcurrentBanker.Banker INFO  - Client 4 entered the bank
2016-10-14 23:38:00,609 pl.lodz.pl.concurrency.ConcurrentBanker.Banker INFO  - Cannot make the operation because bank is waiting for the money from client with id 0
2016-10-14 23:38:00,609 pl.lodz.pl.concurrency.ConcurrentBanker.Banker INFO  - Bank capital after operation: 1000 florens.

2016-10-14 23:38:00,625 pl.lodz.pl.concurrency.ConcurrentBanker.Banker INFO  - Bank capital before client came: 1000 florens.
2016-10-14 23:38:00,625 pl.lodz.pl.concurrency.ConcurrentBanker.Banker INFO  - Client 4 entered the bank
2016-10-14 23:38:00,625 pl.lodz.pl.concurrency.ConcurrentBanker.Banker INFO  - Cannot make the operation because bank is waiting for the money from client with id 0
2016-10-14 23:38:00,626 pl.lodz.pl.concurrency.ConcurrentBanker.Banker INFO  - Bank capital after operation: 1000 florens.

2016-10-14 23:38:00,674 pl.lodz.pl.concurrency.ConcurrentBanker.Banker INFO  - Bank capital before client came: 1000 florens.
2016-10-14 23:38:00,674 pl.lodz.pl.concurrency.ConcurrentBanker.Banker INFO  - Client 3 entered the bank
2016-10-14 23:38:00,674 pl.lodz.pl.concurrency.ConcurrentBanker.Banker INFO  - Cannot make the operation because bank is waiting for the money from client with id 0
2016-10-14 23:38:00,674 pl.lodz.pl.concurrency.ConcurrentBanker.Banker INFO  - Bank capital after operation: 1000 florens.

2016-10-14 23:38:00,683 pl.lodz.pl.concurrency.ConcurrentBanker.Banker INFO  - Bank capital before client came: 1000 florens.
2016-10-14 23:38:00,683 pl.lodz.pl.concurrency.ConcurrentBanker.Banker INFO  - Client 1 entered the bank
2016-10-14 23:38:00,683 pl.lodz.pl.concurrency.ConcurrentBanker.Banker INFO  - Cannot make the operation because bank is waiting for the money from client with id 0
2016-10-14 23:38:00,683 pl.lodz.pl.concurrency.ConcurrentBanker.Banker INFO  - Bank capital after operation: 1000 florens.

2016-10-14 23:38:00,718 pl.lodz.pl.concurrency.ConcurrentBanker.Banker INFO  - Bank capital before client came: 1000 florens.
2016-10-14 23:38:00,718 pl.lodz.pl.concurrency.ConcurrentBanker.Banker INFO  - Client 1 entered the bank
2016-10-14 23:38:00,719 pl.lodz.pl.concurrency.ConcurrentBanker.Banker INFO  - Cannot make the operation because bank is waiting for the money from client with id 0
2016-10-14 23:38:00,719 pl.lodz.pl.concurrency.ConcurrentBanker.Banker INFO  - Bank capital after operation: 1000 florens.

2016-10-14 23:38:00,747 pl.lodz.pl.concurrency.ConcurrentBanker.Banker INFO  - Bank capital before client came: 1000 florens.
2016-10-14 23:38:00,748 pl.lodz.pl.concurrency.ConcurrentBanker.Banker INFO  - Client 0 entered the bank
2016-10-14 23:38:00,748 pl.lodz.pl.concurrency.ConcurrentBanker.Banker INFO  - Client wants to take a loan: 991
2016-10-14 23:38:00,748 pl.lodz.pl.concurrency.ConcurrentBanker.Banker INFO  - Accepted
2016-10-14 23:38:00,748 pl.lodz.pl.concurrency.ConcurrentBanker.Banker INFO  - Bank capital after operation: 9 florens.

2016-10-14 23:38:00,786 pl.lodz.pl.concurrency.ConcurrentBanker.Banker INFO  - Bank capital before client came: 9 florens.
2016-10-14 23:38:00,786 pl.lodz.pl.concurrency.ConcurrentBanker.Banker INFO  - Client 2 entered the bank
2016-10-14 23:38:00,786 pl.lodz.pl.concurrency.ConcurrentBanker.Banker INFO  - Client wants to take a loan: 1
2016-10-14 23:38:00,786 pl.lodz.pl.concurrency.ConcurrentBanker.Banker INFO  - Accepted
2016-10-14 23:38:00,786 pl.lodz.pl.concurrency.ConcurrentBanker.Banker INFO  - Bank capital after operation: 8 florens.

2016-10-14 23:38:00,843 pl.lodz.pl.concurrency.ConcurrentBanker.Banker INFO  - Bank capital before client came: 8 florens.
2016-10-14 23:38:00,844 pl.lodz.pl.concurrency.ConcurrentBanker.Banker INFO  - Client 0 entered the bank
2016-10-14 23:38:00,844 pl.lodz.pl.concurrency.ConcurrentBanker.Banker INFO  - Client with id 0 wants to give back 991
2016-10-14 23:38:00,844 pl.lodz.pl.concurrency.ConcurrentBanker.Banker INFO  - Bank capital after operation: 999 florens.

2016-10-14 23:38:00,963 pl.lodz.pl.concurrency.ConcurrentBanker.Banker INFO  - Bank capital before client came: 999 florens.
2016-10-14 23:38:00,966 pl.lodz.pl.concurrency.ConcurrentBanker.Banker INFO  - Client 2 entered the bank
2016-10-14 23:38:00,966 pl.lodz.pl.concurrency.ConcurrentBanker.Banker INFO  - Client with id 2 wants to give back 1
2016-10-14 23:38:00,967 pl.lodz.pl.concurrency.ConcurrentBanker.Banker INFO  - Bank capital after operation: 1000 florens.

2016-10-14 23:38:01,037 pl.lodz.pl.concurrency.ConcurrentBanker.Banker INFO  - Bank capital before client came: 1000 florens.
2016-10-14 23:38:01,037 pl.lodz.pl.concurrency.ConcurrentBanker.Banker INFO  - Client 2 entered the bank
2016-10-14 23:38:01,037 pl.lodz.pl.concurrency.ConcurrentBanker.Banker INFO  - Client wants to take a loan: 164
2016-10-14 23:38:01,037 pl.lodz.pl.concurrency.ConcurrentBanker.Banker INFO  - Accepted
2016-10-14 23:38:01,037 pl.lodz.pl.concurrency.ConcurrentBanker.Banker INFO  - Bank capital after operation: 836 florens.

2016-10-14 23:38:01,068 pl.lodz.pl.concurrency.ConcurrentBanker.Banker INFO  - Bank capital before client came: 836 florens.
2016-10-14 23:38:01,068 pl.lodz.pl.concurrency.ConcurrentBanker.Banker INFO  - Client 3 entered the bank
2016-10-14 23:38:01,068 pl.lodz.pl.concurrency.ConcurrentBanker.Banker INFO  - Client wants to take a loan: 671
2016-10-14 23:38:01,068 pl.lodz.pl.concurrency.ConcurrentBanker.Banker INFO  - Accepted
2016-10-14 23:38:01,068 pl.lodz.pl.concurrency.ConcurrentBanker.Banker INFO  - Bank capital after operation: 165 florens.

2016-10-14 23:38:01,119 pl.lodz.pl.concurrency.ConcurrentBanker.Banker INFO  - Bank capital before client came: 165 florens.
2016-10-14 23:38:01,119 pl.lodz.pl.concurrency.ConcurrentBanker.Banker INFO  - Client 1 entered the bank
2016-10-14 23:38:01,119 pl.lodz.pl.concurrency.ConcurrentBanker.Banker INFO  - Client wants to take a loan: 690
2016-10-14 23:38:01,119 pl.lodz.pl.concurrency.ConcurrentBanker.Banker INFO  - Rejected
2016-10-14 23:38:01,119 pl.lodz.pl.concurrency.ConcurrentBanker.Banker INFO  - Bank capital after operation: 165 florens.

2016-10-14 23:38:01,121 pl.lodz.pl.concurrency.ConcurrentBanker.Banker INFO  - Bank capital before client came: 165 florens.
2016-10-14 23:38:01,121 pl.lodz.pl.concurrency.ConcurrentBanker.Banker INFO  - Client 4 entered the bank
2016-10-14 23:38:01,121 pl.lodz.pl.concurrency.ConcurrentBanker.Banker INFO  - Client wants to take a loan: 771
2016-10-14 23:38:01,121 pl.lodz.pl.concurrency.ConcurrentBanker.Banker INFO  - Rejected
2016-10-14 23:38:01,121 pl.lodz.pl.concurrency.ConcurrentBanker.Banker INFO  - Bank capital after operation: 165 florens.

2016-10-14 23:38:01,132 pl.lodz.pl.concurrency.ConcurrentBanker.Banker INFO  - Bank capital before client came: 165 florens.
2016-10-14 23:38:01,132 pl.lodz.pl.concurrency.ConcurrentBanker.Banker INFO  - Client 0 entered the bank
2016-10-14 23:38:01,133 pl.lodz.pl.concurrency.ConcurrentBanker.Banker INFO  - Client wants to take a loan: 768
2016-10-14 23:38:01,133 pl.lodz.pl.concurrency.ConcurrentBanker.Banker INFO  - Rejected
2016-10-14 23:38:01,133 pl.lodz.pl.concurrency.ConcurrentBanker.Banker INFO  - Bank capital after operation: 165 florens.

2016-10-14 23:38:01,215 pl.lodz.pl.concurrency.ConcurrentBanker.Banker INFO  - Bank capital before client came: 165 florens.
2016-10-14 23:38:01,216 pl.lodz.pl.concurrency.ConcurrentBanker.Banker INFO  - Client 2 entered the bank
2016-10-14 23:38:01,216 pl.lodz.pl.concurrency.ConcurrentBanker.Banker INFO  - Client with id 2 wants to give back 164
2016-10-14 23:38:01,216 pl.lodz.pl.concurrency.ConcurrentBanker.Banker INFO  - Bank capital after operation: 329 florens.

2016-10-14 23:38:01,221 pl.lodz.pl.concurrency.ConcurrentBanker.Banker INFO  - Bank capital before client came: 329 florens.
2016-10-14 23:38:01,221 pl.lodz.pl.concurrency.ConcurrentBanker.Banker INFO  - Client 1 entered the bank
2016-10-14 23:38:01,221 pl.lodz.pl.concurrency.ConcurrentBanker.Banker INFO  - Client wants to take a loan: 690
2016-10-14 23:38:01,221 pl.lodz.pl.concurrency.ConcurrentBanker.Banker INFO  - Rejected
2016-10-14 23:38:01,221 pl.lodz.pl.concurrency.ConcurrentBanker.Banker INFO  - Bank capital after operation: 329 florens.

2016-10-14 23:38:01,337 pl.lodz.pl.concurrency.ConcurrentBanker.Banker INFO  - Bank capital before client came: 329 florens.
2016-10-14 23:38:01,337 pl.lodz.pl.concurrency.ConcurrentBanker.Banker INFO  - Client 2 entered the bank
2016-10-14 23:38:01,337 pl.lodz.pl.concurrency.ConcurrentBanker.Banker INFO  - Client wants to take a loan: 608
2016-10-14 23:38:01,337 pl.lodz.pl.concurrency.ConcurrentBanker.Banker INFO  - Rejected
2016-10-14 23:38:01,338 pl.lodz.pl.concurrency.ConcurrentBanker.Banker INFO  - Bank capital after operation: 329 florens.

2016-10-14 23:38:01,454 pl.lodz.pl.concurrency.ConcurrentBanker.Banker INFO  - Bank capital before client came: 329 florens.
2016-10-14 23:38:01,454 pl.lodz.pl.concurrency.ConcurrentBanker.Banker INFO  - Client 0 entered the bank
2016-10-14 23:38:01,454 pl.lodz.pl.concurrency.ConcurrentBanker.Banker INFO  - Client wants to take a loan: 768
2016-10-14 23:38:01,454 pl.lodz.pl.concurrency.ConcurrentBanker.Banker INFO  - Rejected
2016-10-14 23:38:01,454 pl.lodz.pl.concurrency.ConcurrentBanker.Banker INFO  - Bank capital after operation: 329 florens.

2016-10-14 23:38:01,502 pl.lodz.pl.concurrency.ConcurrentBanker.Banker INFO  - Bank capital before client came: 329 florens.
2016-10-14 23:38:01,503 pl.lodz.pl.concurrency.ConcurrentBanker.Banker INFO  - Client 3 entered the bank
2016-10-14 23:38:01,503 pl.lodz.pl.concurrency.ConcurrentBanker.Banker INFO  - Client with id 3 wants to give back 671
2016-10-14 23:38:01,503 pl.lodz.pl.concurrency.ConcurrentBanker.Banker INFO  - Bank capital after operation: 1000 florens.

2016-10-14 23:38:01,513 pl.lodz.pl.concurrency.ConcurrentBanker.Banker INFO  - Bank capital before client came: 1000 florens.
2016-10-14 23:38:01,513 pl.lodz.pl.concurrency.ConcurrentBanker.Banker INFO  - Client 2 entered the bank
2016-10-14 23:38:01,513 pl.lodz.pl.concurrency.ConcurrentBanker.Banker INFO  - Client wants to take a loan: 608
2016-10-14 23:38:01,513 pl.lodz.pl.concurrency.ConcurrentBanker.Banker INFO  - Accepted
2016-10-14 23:38:01,513 pl.lodz.pl.concurrency.ConcurrentBanker.Banker INFO  - Bank capital after operation: 392 florens.

2016-10-14 23:38:01,517 pl.lodz.pl.concurrency.ConcurrentBanker.Banker INFO  - Bank capital before client came: 392 florens.
2016-10-14 23:38:01,518 pl.lodz.pl.concurrency.ConcurrentBanker.Banker INFO  - Client 1 entered the bank
2016-10-14 23:38:01,518 pl.lodz.pl.concurrency.ConcurrentBanker.Banker INFO  - Client wants to take a loan: 690
2016-10-14 23:38:01,518 pl.lodz.pl.concurrency.ConcurrentBanker.Banker INFO  - Rejected
2016-10-14 23:38:01,518 pl.lodz.pl.concurrency.ConcurrentBanker.Banker INFO  - Bank capital after operation: 392 florens.

2016-10-14 23:38:01,551 pl.lodz.pl.concurrency.ConcurrentBanker.Banker INFO  - Bank capital before client came: 392 florens.
2016-10-14 23:38:01,552 pl.lodz.pl.concurrency.ConcurrentBanker.Banker INFO  - Client 2 entered the bank
2016-10-14 23:38:01,552 pl.lodz.pl.concurrency.ConcurrentBanker.Banker INFO  - Client with id 2 wants to give back 608
2016-10-14 23:38:01,552 pl.lodz.pl.concurrency.ConcurrentBanker.Banker INFO  - Bank capital after operation: 1000 florens.

2016-10-14 23:38:01,610 pl.lodz.pl.concurrency.ConcurrentBanker.Banker INFO  - Bank capital before client came: 1000 florens.
2016-10-14 23:38:01,610 pl.lodz.pl.concurrency.ConcurrentBanker.Banker INFO  - Client 4 entered the bank
2016-10-14 23:38:01,610 pl.lodz.pl.concurrency.ConcurrentBanker.Banker INFO  - Cannot make the operation because bank is waiting for the money from client with id 1
2016-10-14 23:38:01,610 pl.lodz.pl.concurrency.ConcurrentBanker.Banker INFO  - Bank capital after operation: 1000 florens.

2016-10-14 23:38:01,669 pl.lodz.pl.concurrency.ConcurrentBanker.Banker INFO  - Bank capital before client came: 1000 florens.
2016-10-14 23:38:01,669 pl.lodz.pl.concurrency.ConcurrentBanker.Banker INFO  - Client 4 entered the bank
2016-10-14 23:38:01,670 pl.lodz.pl.concurrency.ConcurrentBanker.Banker INFO  - Cannot make the operation because bank is waiting for the money from client with id 1
2016-10-14 23:38:01,670 pl.lodz.pl.concurrency.ConcurrentBanker.Banker INFO  - Bank capital after operation: 1000 florens.

2016-10-14 23:38:01,821 pl.lodz.pl.concurrency.ConcurrentBanker.Banker INFO  - Bank capital before client came: 1000 florens.
2016-10-14 23:38:01,821 pl.lodz.pl.concurrency.ConcurrentBanker.Banker INFO  - Client 3 entered the bank
2016-10-14 23:38:01,821 pl.lodz.pl.concurrency.ConcurrentBanker.Banker INFO  - Cannot make the operation because bank is waiting for the money from client with id 1
2016-10-14 23:38:01,821 pl.lodz.pl.concurrency.ConcurrentBanker.Banker INFO  - Bank capital after operation: 1000 florens.

2016-10-14 23:38:01,863 pl.lodz.pl.concurrency.ConcurrentBanker.Banker INFO  - Bank capital before client came: 1000 florens.
2016-10-14 23:38:01,863 pl.lodz.pl.concurrency.ConcurrentBanker.Banker INFO  - Client 1 entered the bank
2016-10-14 23:38:01,864 pl.lodz.pl.concurrency.ConcurrentBanker.Banker INFO  - Client wants to take a loan: 690
2016-10-14 23:38:01,864 pl.lodz.pl.concurrency.ConcurrentBanker.Banker INFO  - Accepted
2016-10-14 23:38:01,864 pl.lodz.pl.concurrency.ConcurrentBanker.Banker INFO  - Bank capital after operation: 310 florens.

2016-10-14 23:38:01,897 pl.lodz.pl.concurrency.ConcurrentBanker.Banker INFO  - Bank capital before client came: 310 florens.
2016-10-14 23:38:01,897 pl.lodz.pl.concurrency.ConcurrentBanker.Banker INFO  - Client 0 entered the bank
2016-10-14 23:38:01,897 pl.lodz.pl.concurrency.ConcurrentBanker.Banker INFO  - Client wants to take a loan: 768
2016-10-14 23:38:01,897 pl.lodz.pl.concurrency.ConcurrentBanker.Banker INFO  - Rejected
2016-10-14 23:38:01,897 pl.lodz.pl.concurrency.ConcurrentBanker.Banker INFO  - Bank capital after operation: 310 florens.

2016-10-14 23:38:02,028 pl.lodz.pl.concurrency.ConcurrentBanker.Banker INFO  - Bank capital before client came: 310 florens.
2016-10-14 23:38:02,028 pl.lodz.pl.concurrency.ConcurrentBanker.Banker INFO  - Client 4 entered the bank
2016-10-14 23:38:02,028 pl.lodz.pl.concurrency.ConcurrentBanker.Banker INFO  - Client wants to take a loan: 771
2016-10-14 23:38:02,029 pl.lodz.pl.concurrency.ConcurrentBanker.Banker INFO  - Rejected
2016-10-14 23:38:02,029 pl.lodz.pl.concurrency.ConcurrentBanker.Banker INFO  - Bank capital after operation: 310 florens.

2016-10-14 23:38:02,066 pl.lodz.pl.concurrency.ConcurrentBanker.Banker INFO  - Bank capital before client came: 310 florens.
2016-10-14 23:38:02,066 pl.lodz.pl.concurrency.ConcurrentBanker.Banker INFO  - Client 4 entered the bank
2016-10-14 23:38:02,066 pl.lodz.pl.concurrency.ConcurrentBanker.Banker INFO  - Client wants to take a loan: 771
2016-10-14 23:38:02,067 pl.lodz.pl.concurrency.ConcurrentBanker.Banker INFO  - Rejected
2016-10-14 23:38:02,067 pl.lodz.pl.concurrency.ConcurrentBanker.Banker INFO  - Bank capital after operation: 310 florens.

2016-10-14 23:38:02,122 pl.lodz.pl.concurrency.ConcurrentBanker.Banker INFO  - Bank capital before client came: 310 florens.
2016-10-14 23:38:02,122 pl.lodz.pl.concurrency.ConcurrentBanker.Banker INFO  - Client 4 entered the bank
2016-10-14 23:38:02,122 pl.lodz.pl.concurrency.ConcurrentBanker.Banker INFO  - Client wants to take a loan: 771
2016-10-14 23:38:02,122 pl.lodz.pl.concurrency.ConcurrentBanker.Banker INFO  - Rejected
2016-10-14 23:38:02,122 pl.lodz.pl.concurrency.ConcurrentBanker.Banker INFO  - Bank capital after operation: 310 florens.

2016-10-14 23:38:02,176 pl.lodz.pl.concurrency.ConcurrentBanker.Banker INFO  - Bank capital before client came: 310 florens.
2016-10-14 23:38:02,176 pl.lodz.pl.concurrency.ConcurrentBanker.Banker INFO  - Client 3 entered the bank
2016-10-14 23:38:02,176 pl.lodz.pl.concurrency.ConcurrentBanker.Banker INFO  - Client wants to take a loan: 783
2016-10-14 23:38:02,176 pl.lodz.pl.concurrency.ConcurrentBanker.Banker INFO  - Rejected
2016-10-14 23:38:02,176 pl.lodz.pl.concurrency.ConcurrentBanker.Banker INFO  - Bank capital after operation: 310 florens.

2016-10-14 23:38:02,262 pl.lodz.pl.concurrency.ConcurrentBanker.Banker INFO  - Bank capital before client came: 310 florens.
2016-10-14 23:38:02,263 pl.lodz.pl.concurrency.ConcurrentBanker.Banker INFO  - Client 0 entered the bank
2016-10-14 23:38:02,263 pl.lodz.pl.concurrency.ConcurrentBanker.Banker INFO  - Client wants to take a loan: 768
2016-10-14 23:38:02,263 pl.lodz.pl.concurrency.ConcurrentBanker.Banker INFO  - Rejected
2016-10-14 23:38:02,263 pl.lodz.pl.concurrency.ConcurrentBanker.Banker INFO  - Bank capital after operation: 310 florens.

2016-10-14 23:38:02,300 pl.lodz.pl.concurrency.ConcurrentBanker.Banker INFO  - Bank capital before client came: 310 florens.
2016-10-14 23:38:02,300 pl.lodz.pl.concurrency.ConcurrentBanker.Banker INFO  - Client 1 entered the bank
2016-10-14 23:38:02,300 pl.lodz.pl.concurrency.ConcurrentBanker.Banker INFO  - Client with id 1 wants to give back 690
2016-10-14 23:38:02,300 pl.lodz.pl.concurrency.ConcurrentBanker.Banker INFO  - Bank capital after operation: 1000 florens.

2016-10-14 23:38:02,350 pl.lodz.pl.concurrency.ConcurrentBanker.Banker INFO  - Bank capital before client came: 1000 florens.
2016-10-14 23:38:02,350 pl.lodz.pl.concurrency.ConcurrentBanker.Banker INFO  - Client 0 entered the bank
2016-10-14 23:38:02,350 pl.lodz.pl.concurrency.ConcurrentBanker.Banker INFO  - Client wants to take a loan: 768
2016-10-14 23:38:02,350 pl.lodz.pl.concurrency.ConcurrentBanker.Banker INFO  - Accepted
2016-10-14 23:38:02,350 pl.lodz.pl.concurrency.ConcurrentBanker.Banker INFO  - Bank capital after operation: 232 florens.

2016-10-14 23:38:02,389 pl.lodz.pl.concurrency.ConcurrentBanker.Banker INFO  - Bank capital before client came: 232 florens.
2016-10-14 23:38:02,390 pl.lodz.pl.concurrency.ConcurrentBanker.Banker INFO  - Client 1 entered the bank
2016-10-14 23:38:02,390 pl.lodz.pl.concurrency.ConcurrentBanker.Banker INFO  - Client wants to take a loan: 202
2016-10-14 23:38:02,390 pl.lodz.pl.concurrency.ConcurrentBanker.Banker INFO  - Accepted
2016-10-14 23:38:02,390 pl.lodz.pl.concurrency.ConcurrentBanker.Banker INFO  - Bank capital after operation: 30 florens.

2016-10-14 23:38:02,424 pl.lodz.pl.concurrency.ConcurrentBanker.Banker INFO  - Bank capital before client came: 30 florens.
2016-10-14 23:38:02,425 pl.lodz.pl.concurrency.ConcurrentBanker.Banker INFO  - Client 3 entered the bank
2016-10-14 23:38:02,425 pl.lodz.pl.concurrency.ConcurrentBanker.Banker INFO  - Client wants to take a loan: 783
2016-10-14 23:38:02,425 pl.lodz.pl.concurrency.ConcurrentBanker.Banker INFO  - Rejected
2016-10-14 23:38:02,425 pl.lodz.pl.concurrency.ConcurrentBanker.Banker INFO  - Bank capital after operation: 30 florens.

2016-10-14 23:38:02,442 pl.lodz.pl.concurrency.ConcurrentBanker.Banker INFO  - Bank capital before client came: 30 florens.
2016-10-14 23:38:02,442 pl.lodz.pl.concurrency.ConcurrentBanker.Banker INFO  - Client 3 entered the bank
2016-10-14 23:38:02,442 pl.lodz.pl.concurrency.ConcurrentBanker.Banker INFO  - Client wants to take a loan: 783
2016-10-14 23:38:02,442 pl.lodz.pl.concurrency.ConcurrentBanker.Banker INFO  - Rejected
2016-10-14 23:38:02,442 pl.lodz.pl.concurrency.ConcurrentBanker.Banker INFO  - Bank capital after operation: 30 florens.

2016-10-14 23:38:02,503 pl.lodz.pl.concurrency.ConcurrentBanker.Banker INFO  - Bank capital before client came: 30 florens.
2016-10-14 23:38:02,503 pl.lodz.pl.concurrency.ConcurrentBanker.Banker INFO  - Client 4 entered the bank
2016-10-14 23:38:02,503 pl.lodz.pl.concurrency.ConcurrentBanker.Banker INFO  - Client wants to take a loan: 771
2016-10-14 23:38:02,503 pl.lodz.pl.concurrency.ConcurrentBanker.Banker INFO  - Rejected
2016-10-14 23:38:02,503 pl.lodz.pl.concurrency.ConcurrentBanker.Banker INFO  - Bank capital after operation: 30 florens.

2016-10-14 23:38:02,508 pl.lodz.pl.concurrency.ConcurrentBanker.Banker INFO  - Bank capital before client came: 30 florens.
2016-10-14 23:38:02,508 pl.lodz.pl.concurrency.ConcurrentBanker.Banker INFO  - Client 1 entered the bank
2016-10-14 23:38:02,508 pl.lodz.pl.concurrency.ConcurrentBanker.Banker INFO  - Client with id 1 wants to give back 202
2016-10-14 23:38:02,509 pl.lodz.pl.concurrency.ConcurrentBanker.Banker INFO  - Bank capital after operation: 232 florens.

2016-10-14 23:38:02,517 pl.lodz.pl.concurrency.ConcurrentBanker.Banker INFO  - Bank capital before client came: 232 florens.
2016-10-14 23:38:02,517 pl.lodz.pl.concurrency.ConcurrentBanker.Banker INFO  - Client 1 entered the bank
2016-10-14 23:38:02,518 pl.lodz.pl.concurrency.ConcurrentBanker.Banker INFO  - Cannot make the operation because bank is waiting for the money from client with id 4
2016-10-14 23:38:02,518 pl.lodz.pl.concurrency.ConcurrentBanker.Banker INFO  - Bank capital after operation: 232 florens.

2016-10-14 23:38:02,654 pl.lodz.pl.concurrency.ConcurrentBanker.Banker INFO  - Bank capital before client came: 232 florens.
2016-10-14 23:38:02,654 pl.lodz.pl.concurrency.ConcurrentBanker.Banker INFO  - Client 3 entered the bank
2016-10-14 23:38:02,654 pl.lodz.pl.concurrency.ConcurrentBanker.Banker INFO  - Cannot make the operation because bank is waiting for the money from client with id 4
2016-10-14 23:38:02,654 pl.lodz.pl.concurrency.ConcurrentBanker.Banker INFO  - Bank capital after operation: 232 florens.

2016-10-14 23:38:02,656 pl.lodz.pl.concurrency.ConcurrentBanker.Banker INFO  - Bank capital before client came: 232 florens.
2016-10-14 23:38:02,656 pl.lodz.pl.concurrency.ConcurrentBanker.Banker INFO  - Client 3 entered the bank
2016-10-14 23:38:02,656 pl.lodz.pl.concurrency.ConcurrentBanker.Banker INFO  - Cannot make the operation because bank is waiting for the money from client with id 4
2016-10-14 23:38:02,656 pl.lodz.pl.concurrency.ConcurrentBanker.Banker INFO  - Bank capital after operation: 232 florens.

2016-10-14 23:38:02,693 pl.lodz.pl.concurrency.ConcurrentBanker.Banker INFO  - Bank capital before client came: 232 florens.
2016-10-14 23:38:02,693 pl.lodz.pl.concurrency.ConcurrentBanker.Banker INFO  - Client 1 entered the bank
2016-10-14 23:38:02,693 pl.lodz.pl.concurrency.ConcurrentBanker.Banker INFO  - Cannot make the operation because bank is waiting for the money from client with id 4
2016-10-14 23:38:02,693 pl.lodz.pl.concurrency.ConcurrentBanker.Banker INFO  - Bank capital after operation: 232 florens.

2016-10-14 23:38:02,836 pl.lodz.pl.concurrency.ConcurrentBanker.Banker INFO  - Bank capital before client came: 232 florens.
2016-10-14 23:38:02,836 pl.lodz.pl.concurrency.ConcurrentBanker.Banker INFO  - Client 0 entered the bank
2016-10-14 23:38:02,836 pl.lodz.pl.concurrency.ConcurrentBanker.Banker INFO  - Client with id 0 wants to give back 768
2016-10-14 23:38:02,836 pl.lodz.pl.concurrency.ConcurrentBanker.Banker INFO  - Bank capital after operation: 1000 florens.

2016-10-14 23:38:02,896 pl.lodz.pl.concurrency.ConcurrentBanker.Banker INFO  - Bank capital before client came: 1000 florens.
2016-10-14 23:38:02,897 pl.lodz.pl.concurrency.ConcurrentBanker.Banker INFO  - Client 4 entered the bank
2016-10-14 23:38:02,897 pl.lodz.pl.concurrency.ConcurrentBanker.Banker INFO  - Client wants to take a loan: 771
2016-10-14 23:38:02,897 pl.lodz.pl.concurrency.ConcurrentBanker.Banker INFO  - Accepted
2016-10-14 23:38:02,897 pl.lodz.pl.concurrency.ConcurrentBanker.Banker INFO  - Bank capital after operation: 229 florens.

2016-10-14 23:38:02,933 pl.lodz.pl.concurrency.ConcurrentBanker.Banker INFO  - Bank capital before client came: 229 florens.
2016-10-14 23:38:02,933 pl.lodz.pl.concurrency.ConcurrentBanker.Banker INFO  - Client 4 entered the bank
2016-10-14 23:38:02,933 pl.lodz.pl.concurrency.ConcurrentBanker.Banker INFO  - Client with id 4 wants to give back 771
2016-10-14 23:38:02,933 pl.lodz.pl.concurrency.ConcurrentBanker.Banker INFO  - Bank capital after operation: 1000 florens.

2016-10-14 23:38:02,935 pl.lodz.pl.concurrency.ConcurrentBanker.Banker INFO  - Bank capital before client came: 1000 florens.
2016-10-14 23:38:02,936 pl.lodz.pl.concurrency.ConcurrentBanker.Banker INFO  - Client 1 entered the bank
2016-10-14 23:38:02,936 pl.lodz.pl.concurrency.ConcurrentBanker.Banker INFO  - Client wants to take a loan: 200
2016-10-14 23:38:02,936 pl.lodz.pl.concurrency.ConcurrentBanker.Banker INFO  - Accepted
2016-10-14 23:38:02,936 pl.lodz.pl.concurrency.ConcurrentBanker.Banker INFO  - Bank capital after operation: 800 florens.

2016-10-14 23:38:03,068 pl.lodz.pl.concurrency.ConcurrentBanker.Banker INFO  - Bank capital before client came: 800 florens.
2016-10-14 23:38:03,068 pl.lodz.pl.concurrency.ConcurrentBanker.Banker INFO  - Client 1 entered the bank
2016-10-14 23:38:03,068 pl.lodz.pl.concurrency.ConcurrentBanker.Banker INFO  - Client with id 1 wants to give back 200
2016-10-14 23:38:03,068 pl.lodz.pl.concurrency.ConcurrentBanker.Banker INFO  - Bank capital after operation: 1000 florens.

2016-10-14 23:38:03,120 pl.lodz.pl.concurrency.ConcurrentBanker.Banker INFO  - Bank capital before client came: 1000 florens.
2016-10-14 23:38:03,120 pl.lodz.pl.concurrency.ConcurrentBanker.Banker INFO  - Client 3 entered the bank
2016-10-14 23:38:03,120 pl.lodz.pl.concurrency.ConcurrentBanker.Banker INFO  - Client wants to take a loan: 783
2016-10-14 23:38:03,120 pl.lodz.pl.concurrency.ConcurrentBanker.Banker INFO  - Accepted
2016-10-14 23:38:03,120 pl.lodz.pl.concurrency.ConcurrentBanker.Banker INFO  - Bank capital after operation: 217 florens.

2016-10-14 23:38:03,149 pl.lodz.pl.concurrency.ConcurrentBanker.Banker INFO  - Bank capital before client came: 217 florens.
2016-10-14 23:38:03,150 pl.lodz.pl.concurrency.ConcurrentBanker.Banker INFO  - Client 0 entered the bank
2016-10-14 23:38:03,150 pl.lodz.pl.concurrency.ConcurrentBanker.Banker INFO  - Client wants to take a loan: 544
2016-10-14 23:38:03,150 pl.lodz.pl.concurrency.ConcurrentBanker.Banker INFO  - Rejected
2016-10-14 23:38:03,150 pl.lodz.pl.concurrency.ConcurrentBanker.Banker INFO  - Bank capital after operation: 217 florens.

2016-10-14 23:38:03,333 pl.lodz.pl.concurrency.ConcurrentBanker.Banker INFO  - Bank capital before client came: 217 florens.
2016-10-14 23:38:03,333 pl.lodz.pl.concurrency.ConcurrentBanker.Banker INFO  - Client 1 entered the bank
2016-10-14 23:38:03,333 pl.lodz.pl.concurrency.ConcurrentBanker.Banker INFO  - Client wants to take a loan: 665
2016-10-14 23:38:03,333 pl.lodz.pl.concurrency.ConcurrentBanker.Banker INFO  - Rejected
2016-10-14 23:38:03,333 pl.lodz.pl.concurrency.ConcurrentBanker.Banker INFO  - Bank capital after operation: 217 florens.

2016-10-14 23:38:03,427 pl.lodz.pl.concurrency.ConcurrentBanker.Banker INFO  - Bank capital before client came: 217 florens.
2016-10-14 23:38:03,427 pl.lodz.pl.concurrency.ConcurrentBanker.Banker INFO  - Client 0 entered the bank
2016-10-14 23:38:03,427 pl.lodz.pl.concurrency.ConcurrentBanker.Banker INFO  - Client wants to take a loan: 544
2016-10-14 23:38:03,427 pl.lodz.pl.concurrency.ConcurrentBanker.Banker INFO  - Rejected
2016-10-14 23:38:03,428 pl.lodz.pl.concurrency.ConcurrentBanker.Banker INFO  - Bank capital after operation: 217 florens.

2016-10-14 23:38:03,429 pl.lodz.pl.concurrency.ConcurrentBanker.Banker INFO  - Bank capital before client came: 217 florens.
2016-10-14 23:38:03,430 pl.lodz.pl.concurrency.ConcurrentBanker.Banker INFO  - Client 4 entered the bank
2016-10-14 23:38:03,430 pl.lodz.pl.concurrency.ConcurrentBanker.Banker INFO  - Client wants to take a loan: 810
2016-10-14 23:38:03,430 pl.lodz.pl.concurrency.ConcurrentBanker.Banker INFO  - Rejected
2016-10-14 23:38:03,430 pl.lodz.pl.concurrency.ConcurrentBanker.Banker INFO  - Bank capital after operation: 217 florens.

2016-10-14 23:38:03,581 pl.lodz.pl.concurrency.ConcurrentBanker.Banker INFO  - Bank capital before client came: 217 florens.
2016-10-14 23:38:03,581 pl.lodz.pl.concurrency.ConcurrentBanker.Banker INFO  - Client 0 entered the bank
2016-10-14 23:38:03,581 pl.lodz.pl.concurrency.ConcurrentBanker.Banker INFO  - Client wants to take a loan: 544
2016-10-14 23:38:03,581 pl.lodz.pl.concurrency.ConcurrentBanker.Banker INFO  - Rejected
2016-10-14 23:38:03,581 pl.lodz.pl.concurrency.ConcurrentBanker.Banker INFO  - Bank capital after operation: 217 florens.

2016-10-14 23:38:03,609 pl.lodz.pl.concurrency.ConcurrentBanker.Banker INFO  - Bank capital before client came: 217 florens.
2016-10-14 23:38:03,609 pl.lodz.pl.concurrency.ConcurrentBanker.Banker INFO  - Client 3 entered the bank
2016-10-14 23:38:03,610 pl.lodz.pl.concurrency.ConcurrentBanker.Banker INFO  - Client with id 3 wants to give back 783
2016-10-14 23:38:03,610 pl.lodz.pl.concurrency.ConcurrentBanker.Banker INFO  - Bank capital after operation: 1000 florens.

2016-10-14 23:38:03,735 pl.lodz.pl.concurrency.ConcurrentBanker.Banker INFO  - Bank capital before client came: 1000 florens.
2016-10-14 23:38:03,735 pl.lodz.pl.concurrency.ConcurrentBanker.Banker INFO  - Client 3 entered the bank
2016-10-14 23:38:03,735 pl.lodz.pl.concurrency.ConcurrentBanker.Banker INFO  - Client wants to take a loan: 422
2016-10-14 23:38:03,735 pl.lodz.pl.concurrency.ConcurrentBanker.Banker INFO  - Accepted
2016-10-14 23:38:03,735 pl.lodz.pl.concurrency.ConcurrentBanker.Banker INFO  - Bank capital after operation: 578 florens.

2016-10-14 23:38:03,828 pl.lodz.pl.concurrency.ConcurrentBanker.Banker INFO  - Bank capital before client came: 578 florens.
2016-10-14 23:38:03,828 pl.lodz.pl.concurrency.ConcurrentBanker.Banker INFO  - Client 1 entered the bank
2016-10-14 23:38:03,828 pl.lodz.pl.concurrency.ConcurrentBanker.Banker INFO  - Client wants to take a loan: 665
2016-10-14 23:38:03,828 pl.lodz.pl.concurrency.ConcurrentBanker.Banker INFO  - Rejected
2016-10-14 23:38:03,829 pl.lodz.pl.concurrency.ConcurrentBanker.Banker INFO  - Bank capital after operation: 578 florens.

2016-10-14 23:38:03,873 pl.lodz.pl.concurrency.ConcurrentBanker.Banker INFO  - Bank capital before client came: 578 florens.
2016-10-14 23:38:03,873 pl.lodz.pl.concurrency.ConcurrentBanker.Banker INFO  - Client 4 entered the bank
2016-10-14 23:38:03,873 pl.lodz.pl.concurrency.ConcurrentBanker.Banker INFO  - Client wants to take a loan: 810
2016-10-14 23:38:03,873 pl.lodz.pl.concurrency.ConcurrentBanker.Banker INFO  - Rejected
2016-10-14 23:38:03,873 pl.lodz.pl.concurrency.ConcurrentBanker.Banker INFO  - Bank capital after operation: 578 florens.

2016-10-14 23:38:03,964 pl.lodz.pl.concurrency.ConcurrentBanker.Banker INFO  - Bank capital before client came: 578 florens.
2016-10-14 23:38:03,965 pl.lodz.pl.concurrency.ConcurrentBanker.Banker INFO  - Client 3 entered the bank
2016-10-14 23:38:03,965 pl.lodz.pl.concurrency.ConcurrentBanker.Banker INFO  - Client with id 3 wants to give back 422
2016-10-14 23:38:03,965 pl.lodz.pl.concurrency.ConcurrentBanker.Banker INFO  - Bank capital after operation: 1000 florens.

2016-10-14 23:38:03,966 pl.lodz.pl.concurrency.ConcurrentBanker.Banker INFO  - Bank capital before client came: 1000 florens.
2016-10-14 23:38:03,966 pl.lodz.pl.concurrency.ConcurrentBanker.Banker INFO  - Client 4 entered the bank
2016-10-14 23:38:03,967 pl.lodz.pl.concurrency.ConcurrentBanker.Banker INFO  - Client wants to take a loan: 810
2016-10-14 23:38:03,967 pl.lodz.pl.concurrency.ConcurrentBanker.Banker INFO  - Accepted
2016-10-14 23:38:03,967 pl.lodz.pl.concurrency.ConcurrentBanker.Banker INFO  - Bank capital after operation: 190 florens.

2016-10-14 23:38:04,006 pl.lodz.pl.concurrency.ConcurrentBanker.Banker INFO  - Bank capital before client came: 190 florens.
2016-10-14 23:38:04,006 pl.lodz.pl.concurrency.ConcurrentBanker.Banker INFO  - Client 0 entered the bank
2016-10-14 23:38:04,006 pl.lodz.pl.concurrency.ConcurrentBanker.Banker INFO  - Client wants to take a loan: 544
2016-10-14 23:38:04,006 pl.lodz.pl.concurrency.ConcurrentBanker.Banker INFO  - Rejected
2016-10-14 23:38:04,006 pl.lodz.pl.concurrency.ConcurrentBanker.Banker INFO  - Bank capital after operation: 190 florens.

2016-10-14 23:38:04,081 pl.lodz.pl.concurrency.ConcurrentBanker.Banker INFO  - Bank capital before client came: 190 florens.
2016-10-14 23:38:04,081 pl.lodz.pl.concurrency.ConcurrentBanker.Banker INFO  - Client 4 entered the bank
2016-10-14 23:38:04,081 pl.lodz.pl.concurrency.ConcurrentBanker.Banker INFO  - Client with id 4 wants to give back 810
2016-10-14 23:38:04,081 pl.lodz.pl.concurrency.ConcurrentBanker.Banker INFO  - Bank capital after operation: 1000 florens.

2016-10-14 23:38:04,155 pl.lodz.pl.concurrency.ConcurrentBanker.Banker INFO  - Bank capital before client came: 1000 florens.
2016-10-14 23:38:04,155 pl.lodz.pl.concurrency.ConcurrentBanker.Banker INFO  - Client 4 entered the bank
2016-10-14 23:38:04,157 pl.lodz.pl.concurrency.ConcurrentBanker.Banker INFO  - Client wants to take a loan: 861
2016-10-14 23:38:04,158 pl.lodz.pl.concurrency.ConcurrentBanker.Banker INFO  - Accepted
2016-10-14 23:38:04,158 pl.lodz.pl.concurrency.ConcurrentBanker.Banker INFO  - Bank capital after operation: 139 florens.

2016-10-14 23:38:04,192 pl.lodz.pl.concurrency.ConcurrentBanker.Banker INFO  - Bank capital before client came: 139 florens.
2016-10-14 23:38:04,192 pl.lodz.pl.concurrency.ConcurrentBanker.Banker INFO  - Client 0 entered the bank
2016-10-14 23:38:04,192 pl.lodz.pl.concurrency.ConcurrentBanker.Banker INFO  - Client wants to take a loan: 544
2016-10-14 23:38:04,192 pl.lodz.pl.concurrency.ConcurrentBanker.Banker INFO  - Rejected
2016-10-14 23:38:04,192 pl.lodz.pl.concurrency.ConcurrentBanker.Banker INFO  - Bank capital after operation: 139 florens.

2016-10-14 23:38:04,220 pl.lodz.pl.concurrency.ConcurrentBanker.Banker INFO  - Bank capital before client came: 139 florens.
2016-10-14 23:38:04,220 pl.lodz.pl.concurrency.ConcurrentBanker.Banker INFO  - Client 1 entered the bank
2016-10-14 23:38:04,220 pl.lodz.pl.concurrency.ConcurrentBanker.Banker INFO  - Cannot make the operation because bank is waiting for the money from client with id 0
2016-10-14 23:38:04,220 pl.lodz.pl.concurrency.ConcurrentBanker.Banker INFO  - Bank capital after operation: 139 florens.

2016-10-14 23:38:04,352 pl.lodz.pl.concurrency.ConcurrentBanker.Banker INFO  - Bank capital before client came: 139 florens.
2016-10-14 23:38:04,352 pl.lodz.pl.concurrency.ConcurrentBanker.Banker INFO  - Client 4 entered the bank
2016-10-14 23:38:04,352 pl.lodz.pl.concurrency.ConcurrentBanker.Banker INFO  - Client with id 4 wants to give back 861
2016-10-14 23:38:04,352 pl.lodz.pl.concurrency.ConcurrentBanker.Banker INFO  - Bank capital after operation: 1000 florens.

2016-10-14 23:38:04,374 pl.lodz.pl.concurrency.ConcurrentBanker.Banker INFO  - Bank capital before client came: 1000 florens.
2016-10-14 23:38:04,374 pl.lodz.pl.concurrency.ConcurrentBanker.Banker INFO  - Client 3 entered the bank
2016-10-14 23:38:04,374 pl.lodz.pl.concurrency.ConcurrentBanker.Banker INFO  - Cannot make the operation because bank is waiting for the money from client with id 0
2016-10-14 23:38:04,374 pl.lodz.pl.concurrency.ConcurrentBanker.Banker INFO  - Bank capital after operation: 1000 florens.

2016-10-14 23:38:04,384 pl.lodz.pl.concurrency.ConcurrentBanker.Banker INFO  - Bank capital before client came: 1000 florens.
2016-10-14 23:38:04,384 pl.lodz.pl.concurrency.ConcurrentBanker.Banker INFO  - Client 1 entered the bank
2016-10-14 23:38:04,384 pl.lodz.pl.concurrency.ConcurrentBanker.Banker INFO  - Cannot make the operation because bank is waiting for the money from client with id 0
2016-10-14 23:38:04,384 pl.lodz.pl.concurrency.ConcurrentBanker.Banker INFO  - Bank capital after operation: 1000 florens.

2016-10-14 23:38:04,425 pl.lodz.pl.concurrency.ConcurrentBanker.Banker INFO  - Bank capital before client came: 1000 florens.
2016-10-14 23:38:04,425 pl.lodz.pl.concurrency.ConcurrentBanker.Banker INFO  - Client 0 entered the bank
2016-10-14 23:38:04,425 pl.lodz.pl.concurrency.ConcurrentBanker.Banker INFO  - Client wants to take a loan: 544
2016-10-14 23:38:04,425 pl.lodz.pl.concurrency.ConcurrentBanker.Banker INFO  - Accepted
2016-10-14 23:38:04,425 pl.lodz.pl.concurrency.ConcurrentBanker.Banker INFO  - Bank capital after operation: 456 florens.

2016-10-14 23:38:04,434 pl.lodz.pl.concurrency.ConcurrentBanker.Banker INFO  - Bank capital before client came: 456 florens.
2016-10-14 23:38:04,434 pl.lodz.pl.concurrency.ConcurrentBanker.Banker INFO  - Client 3 entered the bank
2016-10-14 23:38:04,434 pl.lodz.pl.concurrency.ConcurrentBanker.Banker INFO  - Client wants to take a loan: 800
2016-10-14 23:38:04,435 pl.lodz.pl.concurrency.ConcurrentBanker.Banker INFO  - Rejected
2016-10-14 23:38:04,435 pl.lodz.pl.concurrency.ConcurrentBanker.Banker INFO  - Bank capital after operation: 456 florens.

2016-10-14 23:38:04,444 pl.lodz.pl.concurrency.ConcurrentBanker.Banker INFO  - Bank capital before client came: 456 florens.
2016-10-14 23:38:04,445 pl.lodz.pl.concurrency.ConcurrentBanker.Banker INFO  - Client 0 entered the bank
2016-10-14 23:38:04,445 pl.lodz.pl.concurrency.ConcurrentBanker.Banker INFO  - Client with id 0 wants to give back 544
2016-10-14 23:38:04,445 pl.lodz.pl.concurrency.ConcurrentBanker.Banker INFO  - Bank capital after operation: 1000 florens.

2016-10-14 23:38:04,567 pl.lodz.pl.concurrency.ConcurrentBanker.Banker INFO  - Bank capital before client came: 1000 florens.
2016-10-14 23:38:04,567 pl.lodz.pl.concurrency.ConcurrentBanker.Banker INFO  - Client 1 entered the bank
2016-10-14 23:38:04,567 pl.lodz.pl.concurrency.ConcurrentBanker.Banker INFO  - Client wants to take a loan: 665
2016-10-14 23:38:04,567 pl.lodz.pl.concurrency.ConcurrentBanker.Banker INFO  - Accepted
2016-10-14 23:38:04,567 pl.lodz.pl.concurrency.ConcurrentBanker.Banker INFO  - Bank capital after operation: 335 florens.

2016-10-14 23:38:04,786 pl.lodz.pl.concurrency.ConcurrentBanker.Banker INFO  - Bank capital before client came: 335 florens.
2016-10-14 23:38:04,786 pl.lodz.pl.concurrency.ConcurrentBanker.Banker INFO  - Client 3 entered the bank
2016-10-14 23:38:04,786 pl.lodz.pl.concurrency.ConcurrentBanker.Banker INFO  - Client wants to take a loan: 800
2016-10-14 23:38:04,786 pl.lodz.pl.concurrency.ConcurrentBanker.Banker INFO  - Rejected
2016-10-14 23:38:04,786 pl.lodz.pl.concurrency.ConcurrentBanker.Banker INFO  - Bank capital after operation: 335 florens.

2016-10-14 23:38:04,844 pl.lodz.pl.concurrency.ConcurrentBanker.Banker INFO  - Bank capital before client came: 335 florens.
2016-10-14 23:38:04,844 pl.lodz.pl.concurrency.ConcurrentBanker.Banker INFO  - Client 1 entered the bank
2016-10-14 23:38:04,844 pl.lodz.pl.concurrency.ConcurrentBanker.Banker INFO  - Client with id 1 wants to give back 665
2016-10-14 23:38:04,844 pl.lodz.pl.concurrency.ConcurrentBanker.Banker INFO  - Bank capital after operation: 1000 florens.

2016-10-14 23:38:04,846 pl.lodz.pl.concurrency.ConcurrentBanker.Banker INFO  - Bank capital before client came: 1000 florens.
2016-10-14 23:38:04,846 pl.lodz.pl.concurrency.ConcurrentBanker.Banker INFO  - Client 0 entered the bank
2016-10-14 23:38:04,846 pl.lodz.pl.concurrency.ConcurrentBanker.Banker INFO  - Client wants to take a loan: 162
2016-10-14 23:38:04,846 pl.lodz.pl.concurrency.ConcurrentBanker.Banker INFO  - Accepted
2016-10-14 23:38:04,846 pl.lodz.pl.concurrency.ConcurrentBanker.Banker INFO  - Bank capital after operation: 838 florens.

2016-10-14 23:38:04,986 pl.lodz.pl.concurrency.ConcurrentBanker.Banker INFO  - Bank capital before client came: 838 florens.
2016-10-14 23:38:04,986 pl.lodz.pl.concurrency.ConcurrentBanker.Banker INFO  - Client 3 entered the bank
2016-10-14 23:38:04,987 pl.lodz.pl.concurrency.ConcurrentBanker.Banker INFO  - Client wants to take a loan: 800
2016-10-14 23:38:04,987 pl.lodz.pl.concurrency.ConcurrentBanker.Banker INFO  - Accepted
2016-10-14 23:38:04,987 pl.lodz.pl.concurrency.ConcurrentBanker.Banker INFO  - Bank capital after operation: 38 florens.

2016-10-14 23:38:05,152 pl.lodz.pl.concurrency.ConcurrentBanker.Banker INFO  - Bank capital before client came: 38 florens.
2016-10-14 23:38:05,152 pl.lodz.pl.concurrency.ConcurrentBanker.Banker INFO  - Client 0 entered the bank
2016-10-14 23:38:05,152 pl.lodz.pl.concurrency.ConcurrentBanker.Banker INFO  - Client with id 0 wants to give back 162
2016-10-14 23:38:05,152 pl.lodz.pl.concurrency.ConcurrentBanker.Banker INFO  - Bank capital after operation: 200 florens.

2016-10-14 23:38:05,184 pl.lodz.pl.concurrency.ConcurrentBanker.Banker INFO  - Bank capital before client came: 200 florens.
2016-10-14 23:38:05,184 pl.lodz.pl.concurrency.ConcurrentBanker.Banker INFO  - Client 3 entered the bank
2016-10-14 23:38:05,184 pl.lodz.pl.concurrency.ConcurrentBanker.Banker INFO  - Client with id 3 wants to give back 800
2016-10-14 23:38:05,184 pl.lodz.pl.concurrency.ConcurrentBanker.Banker INFO  - Bank capital after operation: 1000 florens.

2016-10-14 23:38:05,604 pl.lodz.pl.concurrency.ConcurrentBanker.Banker INFO  - Bank capital before client came: 1000 florens.
2016-10-14 23:38:05,605 pl.lodz.pl.concurrency.ConcurrentBanker.Banker INFO  - Client 3 entered the bank
2016-10-14 23:38:05,605 pl.lodz.pl.concurrency.ConcurrentBanker.Banker INFO  - Client wants to take a loan: 601
2016-10-14 23:38:05,605 pl.lodz.pl.concurrency.ConcurrentBanker.Banker INFO  - Accepted
2016-10-14 23:38:05,605 pl.lodz.pl.concurrency.ConcurrentBanker.Banker INFO  - Bank capital after operation: 399 florens.

2016-10-14 23:38:05,869 pl.lodz.pl.concurrency.ConcurrentBanker.Banker INFO  - Bank capital before client came: 399 florens.
2016-10-14 23:38:05,869 pl.lodz.pl.concurrency.ConcurrentBanker.Banker INFO  - Client 3 entered the bank
2016-10-14 23:38:05,869 pl.lodz.pl.concurrency.ConcurrentBanker.Banker INFO  - Client with id 3 wants to give back 601
2016-10-14 23:38:05,869 pl.lodz.pl.concurrency.ConcurrentBanker.Banker INFO  - Bank capital after operation: 1000 florens.

2016-10-14 23:38:05,869 pl.lodz.pl.concurrency.ConcurrentBanker.App INFO  - Client with id 0 currentLoan: 0
2016-10-14 23:38:05,869 pl.lodz.pl.concurrency.ConcurrentBanker.App INFO  - Client with id 1 currentLoan: 0
2016-10-14 23:38:05,869 pl.lodz.pl.concurrency.ConcurrentBanker.App INFO  - Client with id 2 currentLoan: 0
2016-10-14 23:38:05,869 pl.lodz.pl.concurrency.ConcurrentBanker.App INFO  - Client with id 3 currentLoan: 0
2016-10-14 23:38:05,869 pl.lodz.pl.concurrency.ConcurrentBanker.App INFO  - Client with id 4 currentLoan: 0
2016-10-14 23:38:05,869 pl.lodz.pl.concurrency.ConcurrentBanker.App INFO  - Banker's capital: 1000
